{"/home/ubuntu/workspace/dist/esprima.js":{"path":"/home/ubuntu/workspace/dist/esprima.js","s":{"1":1,"2":1,"3":1,"4":0,"5":0,"6":0,"7":0,"8":0,"9":1,"10":1,"11":1,"12":21,"13":9,"14":12,"15":12,"16":12,"17":12,"18":1,"19":1,"20":1,"21":1,"22":1,"23":1,"24":1,"25":1,"26":13836,"27":13836,"28":49713,"29":46600,"30":49713,"31":22371,"32":13836,"33":13836,"34":13132,"35":13132,"36":13132,"37":3865,"38":3865,"39":3865,"40":3865,"41":13836,"42":13564,"43":11901,"44":2919,"45":11901,"46":3648,"47":11901,"48":320,"49":11901,"50":0,"51":11901,"52":1,"53":1,"54":247,"55":247,"56":247,"57":247,"58":247,"59":1195,"60":1176,"61":228,"62":948,"63":160,"64":948,"65":19,"66":238,"67":200,"68":238,"69":1,"70":1,"71":1,"72":1,"73":1,"74":1,"75":1,"76":3865,"77":3865,"78":3865,"79":3865,"80":3865,"81":1,"82":760,"83":25,"84":25,"85":10,"86":10,"87":5,"88":5,"89":5,"90":25,"91":5,"92":1,"93":760,"94":760,"95":180,"96":205,"97":205,"98":60,"99":180,"100":180,"101":580,"102":580,"103":50,"104":50,"105":10,"106":10,"107":580,"108":1,"109":760,"110":760,"111":760,"112":905,"113":905,"114":590,"115":315,"116":760,"117":415,"118":415,"119":250,"120":250,"121":210,"122":210,"123":415,"124":195,"125":415,"126":345,"127":185,"128":185,"129":155,"130":155,"131":345,"132":1,"133":920,"134":160,"135":760,"136":760,"137":760,"138":760,"139":345,"140":760,"141":60,"142":760,"143":1,"144":637,"145":637,"146":637,"147":280,"148":637,"149":250,"150":637,"151":637,"152":210,"153":210,"154":58,"155":210,"156":210,"157":210,"158":1,"159":22371,"160":206,"161":22165,"162":431,"163":21734,"164":920,"165":1,"166":1,"167":1,"168":1,"169":1,"170":1,"171":1,"172":1,"173":1,"174":1,"175":1,"176":1,"177":1,"178":13836,"179":704,"180":13836,"181":13836,"182":4,"183":13836,"184":13836,"185":13836,"186":13836,"187":13836,"188":13836,"189":13836,"190":13836,"191":13836,"192":13836,"193":13836,"194":13836,"195":13836,"196":13836,"197":13564,"198":1,"199":156,"200":156,"201":88,"202":156,"203":156,"204":68,"205":68,"206":156,"207":156,"208":156,"209":156,"210":1,"211":273,"212":273,"213":4,"214":273,"215":273,"216":4,"217":4,"218":273,"219":273,"220":273,"221":273,"222":1,"223":1487,"224":1487,"225":1487,"226":1467,"227":824,"228":824,"229":164,"230":12,"231":152,"232":56,"233":1467,"234":20,"235":1487,"236":1487,"237":1435,"238":1435,"239":1435,"240":1435,"241":52,"242":52,"243":52,"244":52,"245":1,"246":884,"247":1,"248":603,"249":1,"250":114033,"251":83726,"252":30307,"253":30295,"254":574,"255":637,"256":637,"257":637,"258":637,"259":280,"260":637,"261":250,"262":637,"263":637,"264":1,"265":36246,"266":1,"267":27487,"268":27487,"269":27487,"270":11648,"271":27487,"272":11506,"273":27487,"274":79,"275":27487,"276":1,"277":113272,"278":113272,"279":113272,"280":113272,"281":113272,"282":113248,"283":113248,"284":113248,"285":113248,"286":113248,"287":112980,"288":112980,"289":3344,"290":333,"291":112980,"292":112980,"293":27408,"294":112980,"295":1,"296":317,"297":317,"298":265,"299":79,"300":79,"301":265,"302":265,"303":265,"304":1,"305":89131,"306":1,"307":8148,"308":1,"309":86101,"310":34103,"311":86101,"312":33987,"313":33987,"314":36,"315":86101,"316":49076,"317":49076,"318":86101,"319":1,"320":43919,"321":43919,"322":156,"323":1,"324":967,"325":85,"326":85,"327":10,"328":75,"329":5,"330":5,"331":70,"332":882,"333":1,"334":8355,"335":8347,"336":4,"337":1,"338":306746,"339":1,"340":88635,"341":1,"342":1147,"343":1,"344":21480,"345":7185,"346":14295,"347":14295,"348":1,"349":22755,"350":22755,"351":22755,"352":22755,"353":22755,"354":22755,"355":22755,"356":21879,"357":4,"358":21875,"359":21875,"360":21875,"361":21875,"362":1,"363":108625,"364":108625,"365":108625,"366":108625,"367":108625,"368":108625,"369":108625,"370":103941,"371":103941,"372":103941,"373":103941,"374":1,"375":12058,"376":3819,"377":8239,"378":6711,"379":56,"380":6655,"381":6655,"382":6655,"383":1,"384":25246,"385":25246,"386":25246,"387":25246,"388":11130,"389":9,"390":11126,"391":11122,"392":6105,"393":21,"394":6089,"395":6089,"396":6089,"397":6089,"398":6089,"399":6089,"400":537,"401":537,"402":537,"403":537,"404":537,"405":537,"406":537,"407":253,"408":253,"409":253,"410":253,"411":253,"412":253,"413":253,"414":127,"415":119,"416":5778,"417":5778,"418":2284,"419":2284,"420":1936,"421":1447,"422":1435,"423":1638,"424":1490,"425":317,"426":317,"427":317,"428":317,"429":265,"430":265,"431":265,"432":92,"433":5126,"434":1300,"435":148,"436":1152,"437":157,"438":995,"439":995,"440":995,"441":774,"442":221,"443":80,"444":80,"445":141,"446":85,"447":56,"448":1104,"449":16,"450":24350,"451":1,"452":347,"453":347,"454":347,"455":331,"456":1,"457":1455,"458":1455,"459":1455,"460":1455,"461":1662,"462":140,"463":140,"464":1522,"465":93,"466":93,"467":4,"468":4,"469":4,"470":93,"471":1429,"472":1417,"473":352,"474":1443,"475":1443,"476":1,"477":1513,"478":1513,"479":1513,"480":1513,"481":1505,"482":10,"483":1505,"484":18,"485":1497,"486":1497,"487":1,"488":727,"489":727,"490":727,"491":727,"492":727,"493":723,"494":715,"495":715,"496":1,"497":2210,"498":2210,"499":2210,"500":2210,"501":283,"502":13,"503":275,"504":275,"505":275,"506":1632,"507":1632,"508":283,"509":271,"510":267,"511":12,"512":255,"513":12,"514":2162,"515":1,"516":1671,"517":1,"518":1145,"519":266,"520":48,"521":218,"522":1,"523":2176,"524":2176,"525":2176,"526":2176,"527":2176,"528":2176,"529":2176,"530":2176,"531":2176,"532":1618,"533":1618,"534":558,"535":127,"536":431,"537":431,"538":2148,"539":2148,"540":305,"541":305,"542":305,"543":301,"544":301,"545":1843,"546":268,"547":268,"548":268,"549":268,"550":1575,"551":123,"552":123,"553":123,"554":119,"555":119,"556":1452,"557":4,"558":1448,"559":1448,"560":982,"561":880,"562":946,"563":946,"564":466,"565":197,"566":197,"567":269,"568":265,"569":253,"570":253,"571":89,"572":89,"573":89,"574":89,"575":89,"576":164,"577":164,"578":4,"579":2056,"580":1,"581":1646,"582":1646,"583":1646,"584":1646,"585":1646,"586":2176,"587":2056,"588":712,"589":1498,"590":1498,"591":1,"592":199,"593":199,"594":199,"595":199,"596":199,"597":1,"598":59,"599":8,"600":51,"601":51,"602":51,"603":51,"604":1,"605":199,"606":199,"607":199,"608":199,"609":199,"610":199,"611":59,"612":59,"613":51,"614":191,"615":1,"616":4351,"617":2952,"618":89,"619":89,"620":89,"621":960,"622":960,"623":1223,"624":1138,"625":960,"626":170,"627":170,"628":323,"629":170,"630":140,"631":140,"632":140,"633":40,"634":1,"635":2284,"636":2284,"637":2284,"638":84,"639":84,"640":12,"641":72,"642":2200,"643":2200,"644":2200,"645":25,"646":21,"647":21,"648":4,"649":17,"650":2175,"651":2175,"652":2175,"653":1903,"654":184,"655":184,"656":184,"657":184,"658":381,"659":155,"660":226,"661":226,"662":29,"663":4,"664":25,"665":21,"666":21,"667":4,"668":17,"669":17,"670":51,"671":17,"672":17,"673":197,"674":214,"675":17,"676":172,"677":155,"678":1891,"679":1874,"680":1866,"681":543,"682":17,"683":17,"684":543,"685":526,"686":36,"687":490,"688":126,"689":260,"690":364,"691":490,"692":490,"693":1830,"694":1936,"695":1,"696":1391,"697":1391,"698":1391,"699":600,"700":855,"701":827,"702":827,"703":572,"704":255,"705":1363,"706":1363,"707":1,"708":1651,"709":1,"710":1587,"711":1587,"712":1587,"713":4,"714":1583,"715":1,"716":474,"717":474,"718":474,"719":474,"720":474,"721":114,"722":114,"723":102,"724":102,"725":12,"726":360,"727":356,"728":344,"729":344,"730":344,"731":446,"732":1,"733":25470,"734":25470,"735":25470,"736":25470,"737":25470,"738":89,"739":89,"740":89,"741":89,"742":4,"743":25381,"744":24542,"745":26525,"746":531,"747":531,"748":531,"749":531,"750":527,"751":25994,"752":1188,"753":1188,"754":1188,"755":1172,"756":24806,"757":229,"758":229,"759":229,"760":229,"761":229,"762":229,"763":24577,"764":55,"765":55,"766":24522,"767":24522,"768":24522,"769":1,"770":21,"771":21,"772":21,"773":4,"774":17,"775":1,"776":360,"777":360,"778":360,"779":356,"780":424,"781":17,"782":17,"783":17,"784":17,"785":17,"786":17,"787":407,"788":34,"789":34,"790":34,"791":34,"792":34,"793":373,"794":17,"795":17,"796":356,"797":356,"798":1,"799":25292,"800":25292,"801":24344,"802":16961,"803":277,"804":26,"805":261,"806":13,"807":253,"808":253,"809":253,"810":253,"811":253,"812":24320,"813":1,"814":25612,"815":25612,"816":17719,"817":7893,"818":180,"819":180,"820":180,"821":180,"822":26,"823":164,"824":13,"825":156,"826":156,"827":156,"828":156,"829":7713,"830":76,"831":76,"832":76,"833":76,"834":76,"835":76,"836":7637,"837":64,"838":64,"839":64,"840":64,"841":64,"842":13,"843":56,"844":56,"845":7573,"846":24608,"847":1,"848":24288,"849":24288,"850":24288,"851":17048,"852":7240,"853":327,"854":6913,"855":24288,"856":1,"857":23266,"858":23266,"859":22278,"860":22278,"861":22278,"862":1414,"863":1414,"864":1414,"865":1414,"866":1414,"867":1414,"868":1414,"869":1398,"870":1398,"871":2010,"872":2010,"873":1398,"874":612,"875":340,"876":340,"877":340,"878":340,"879":340,"880":340,"881":612,"882":612,"883":612,"884":612,"885":612,"886":1398,"887":1398,"888":1398,"889":1398,"890":1670,"891":1670,"892":1670,"893":22262,"894":1,"895":23266,"896":23266,"897":22262,"898":51,"899":51,"900":51,"901":51,"902":51,"903":51,"904":51,"905":51,"906":51,"907":51,"908":22262,"909":1,"910":1502,"911":904,"912":904,"913":55,"914":55,"915":34,"916":34,"917":450,"918":492,"919":458,"920":450,"921":8,"922":51,"923":51,"924":85,"925":51,"926":1,"927":782,"928":782,"929":782,"930":165,"931":613,"932":613,"933":4,"934":778,"935":778,"936":874,"937":874,"938":89,"939":89,"940":21,"941":4,"942":17,"943":17,"944":17,"945":17,"946":85,"947":85,"948":785,"949":785,"950":785,"951":774,"952":104,"953":111,"954":111,"955":8,"956":766,"957":16,"958":16,"959":750,"960":1,"961":23558,"962":23558,"963":292,"964":23266,"965":23266,"966":23266,"967":22262,"968":782,"969":782,"970":782,"971":754,"972":750,"973":4,"974":746,"975":746,"976":746,"977":746,"978":746,"979":746,"980":746,"981":742,"982":742,"983":8,"984":734,"985":20,"986":714,"987":714,"988":714,"989":21480,"990":2056,"991":46,"992":2020,"993":81,"994":81,"995":22,"996":69,"997":28,"998":1980,"999":187,"1000":187,"1001":1793,"1002":1980,"1003":1980,"1004":1960,"1005":1960,"1006":22386,"1007":1,"1008":12236,"1009":12236,"1010":11500,"1011":51,"1012":51,"1013":51,"1014":102,"1015":34,"1016":68,"1017":68,"1018":51,"1019":11500,"1020":1,"1021":16038,"1022":16038,"1023":7778,"1024":313,"1025":33,"1026":280,"1027":232,"1028":194,"1029":18,"1030":176,"1031":120,"1032":95,"1033":51,"1034":1378,"1035":938,"1036":582,"1037":498,"1038":444,"1039":396,"1040":4772,"1041":4248,"1042":8260,"1043":13995,"1044":1,"1045":1434,"1046":1434,"1047":1434,"1048":1434,"1049":2551,"1050":1382,"1051":1169,"1052":1382,"1053":1382,"1054":1,"1055":952,"1056":952,"1057":952,"1058":828,"1059":29,"1060":5,"1061":828,"1062":828,"1063":204,"1064":153,"1065":137,"1066":624,"1067":364,"1068":360,"1069":808,"1070":1,"1071":776,"1072":684,"1073":176,"1074":176,"1075":632,"1076":1,"1077":444,"1078":444,"1079":444,"1080":444,"1081":444,"1082":444,"1083":444,"1084":444,"1085":444,"1086":1,"1087":500,"1088":500,"1089":500,"1090":500,"1091":412,"1092":412,"1093":1,"1094":31,"1095":31,"1096":31,"1097":31,"1098":31,"1099":1,"1100":421,"1101":421,"1102":421,"1103":421,"1104":449,"1105":34,"1106":34,"1107":415,"1108":31,"1109":31,"1110":384,"1111":376,"1112":155,"1113":413,"1114":409,"1115":1,"1116":433,"1117":433,"1118":433,"1119":433,"1120":433,"1121":433,"1122":433,"1123":327,"1124":327,"1125":327,"1126":34,"1127":34,"1128":34,"1129":34,"1130":34,"1131":34,"1132":293,"1133":179,"1134":179,"1135":179,"1136":114,"1137":114,"1138":114,"1139":106,"1140":106,"1141":106,"1142":102,"1143":421,"1144":1,"1145":365,"1146":365,"1147":365,"1148":365,"1149":433,"1150":421,"1151":191,"1152":349,"1153":349,"1154":1,"1155":4773,"1156":4773,"1157":421,"1158":4352,"1159":365,"1160":3987,"1161":60,"1162":3927,"1163":3927,"1164":4493,"1165":1,"1166":1771,"1167":1771,"1168":1719,"1169":216,"1170":216,"1171":216,"1172":216,"1173":208,"1174":208,"1175":1711,"1176":1,"1177":6967,"1178":6967,"1179":6967,"1180":254,"1181":40,"1182":214,"1183":40,"1184":6713,"1185":244,"1186":46,"1187":198,"1188":164,"1189":6469,"1190":8,"1191":6679,"1192":1,"1193":1800,"1194":1800,"1195":1800,"1196":1712,"1197":110,"1198":18,"1199":1704,"1200":1704,"1201":1034,"1202":1030,"1203":670,"1204":4,"1205":1632,"1206":1,"1207":1560,"1208":1560,"1209":1560,"1210":1416,"1211":240,"1212":240,"1213":1392,"1214":1,"1215":1343,"1216":1343,"1217":1335,"1218":1167,"1219":1167,"1220":1,"1221":629,"1222":629,"1223":629,"1224":1,"1225":4611,"1226":4611,"1227":4003,"1228":3995,"1229":1,"1230":229,"1231":229,"1232":229,"1233":229,"1234":229,"1235":225,"1236":225,"1237":5,"1238":5,"1239":220,"1240":220,"1241":208,"1242":72,"1243":72,"1244":209,"1245":1,"1246":110,"1247":110,"1248":110,"1249":110,"1250":110,"1251":106,"1252":106,"1253":102,"1254":102,"1255":102,"1256":102,"1257":17,"1258":102,"1259":1,"1260":411,"1261":411,"1262":411,"1263":411,"1264":411,"1265":411,"1266":5,"1267":5,"1268":406,"1269":406,"1270":406,"1271":406,"1272":374,"1273":379,"1274":1,"1275":871,"1276":871,"1277":871,"1278":871,"1279":871,"1280":871,"1281":871,"1282":871,"1283":871,"1284":55,"1285":816,"1286":225,"1287":225,"1288":225,"1289":225,"1290":225,"1291":225,"1292":225,"1293":119,"1294":119,"1295":119,"1296":119,"1297":119,"1298":106,"1299":51,"1300":51,"1301":51,"1302":51,"1303":51,"1304":51,"1305":55,"1306":55,"1307":591,"1308":293,"1309":293,"1310":293,"1311":17,"1312":17,"1313":17,"1314":17,"1315":17,"1316":276,"1317":276,"1318":276,"1319":220,"1320":220,"1321":51,"1322":51,"1323":51,"1324":51,"1325":51,"1326":169,"1327":85,"1328":85,"1329":85,"1330":85,"1331":85,"1332":85,"1333":84,"1334":68,"1335":298,"1336":298,"1337":298,"1338":298,"1339":298,"1340":298,"1341":128,"1342":17,"1343":116,"1344":116,"1345":116,"1346":116,"1347":112,"1348":170,"1349":81,"1350":4,"1351":77,"1352":77,"1353":77,"1354":77,"1355":73,"1356":73,"1357":89,"1358":17,"1359":17,"1360":34,"1361":34,"1362":17,"1363":89,"1364":755,"1365":247,"1366":56,"1367":247,"1368":247,"1369":39,"1370":755,"1371":755,"1372":15,"1373":15,"1374":740,"1375":740,"1376":740,"1377":740,"1378":736,"1379":751,"1380":1,"1381":164,"1382":164,"1383":164,"1384":164,"1385":59,"1386":59,"1387":59,"1388":8,"1389":156,"1390":152,"1391":16,"1392":136,"1393":1,"1394":262,"1395":262,"1396":262,"1397":262,"1398":93,"1399":93,"1400":93,"1401":8,"1402":254,"1403":250,"1404":12,"1405":238,"1406":1,"1407":234,"1408":9,"1409":230,"1410":230,"1411":230,"1412":230,"1413":226,"1414":226,"1415":1,"1416":102,"1417":13,"1418":94,"1419":94,"1420":94,"1421":94,"1422":94,"1423":94,"1424":90,"1425":1,"1426":114,"1427":114,"1428":114,"1429":29,"1430":29,"1431":85,"1432":85,"1433":114,"1434":114,"1435":114,"1436":267,"1437":110,"1438":157,"1439":110,"1440":1,"1441":114,"1442":114,"1443":114,"1444":110,"1445":110,"1446":110,"1447":110,"1448":110,"1449":110,"1450":110,"1451":110,"1452":216,"1453":102,"1454":114,"1455":110,"1456":25,"1457":4,"1458":21,"1459":106,"1460":102,"1461":102,"1462":102,"1463":1,"1464":4456,"1465":4456,"1466":4352,"1467":4352,"1468":202,"1469":202,"1470":202,"1471":202,"1472":8,"1473":194,"1474":194,"1475":170,"1476":170,"1477":4150,"1478":4126,"1479":4296,"1480":1,"1481":114,"1482":114,"1483":114,"1484":4,"1485":110,"1486":102,"1487":102,"1488":1,"1489":254,"1490":254,"1491":254,"1492":254,"1493":4,"1494":250,"1495":250,"1496":234,"1497":234,"1498":289,"1499":289,"1500":4,"1501":285,"1502":230,"1503":35,"1504":18,"1505":222,"1506":214,"1507":214,"1508":1,"1509":34,"1510":34,"1511":1,"1512":275,"1513":275,"1514":275,"1515":275,"1516":235,"1517":235,"1518":4,"1519":231,"1520":1,"1521":34,"1522":34,"1523":34,"1524":34,"1525":1,"1526":14923,"1527":14923,"1528":14923,"1529":14923,"1530":1325,"1531":1285,"1532":4030,"1533":4030,"1534":911,"1535":3119,"1536":2010,"1537":1109,"1538":629,"1539":480,"1540":3462,"1541":4456,"1542":4296,"1543":5076,"1544":262,"1545":238,"1546":164,"1547":136,"1548":34,"1549":34,"1550":110,"1551":102,"1552":871,"1553":751,"1554":17,"1555":17,"1556":229,"1557":209,"1558":234,"1559":226,"1560":114,"1561":102,"1562":114,"1563":102,"1564":275,"1565":231,"1566":1343,"1567":1167,"1568":411,"1569":379,"1570":102,"1571":90,"1572":796,"1573":736,"1574":4520,"1575":36,"1576":13563,"1577":1,"1578":3732,"1579":3732,"1580":3732,"1581":3716,"1582":3716,"1583":3716,"1584":3716,"1585":3716,"1586":3716,"1587":3716,"1588":3716,"1589":3716,"1590":4992,"1591":3388,"1592":1604,"1593":3392,"1594":3388,"1595":3388,"1596":3388,"1597":3388,"1598":3388,"1599":1,"1600":2080,"1601":2080,"1602":219,"1603":70,"1604":70,"1605":219,"1606":41,"1607":41,"1608":1861,"1609":1819,"1610":119,"1611":119,"1612":1700,"1613":97,"1614":97,"1615":1603,"1616":59,"1617":59,"1618":2080,"1619":1,"1620":176,"1621":176,"1622":176,"1623":4,"1624":172,"1625":172,"1626":156,"1627":4,"1628":152,"1629":8,"1630":144,"1631":1,"1632":1297,"1633":1297,"1634":1297,"1635":1297,"1636":126,"1637":102,"1638":102,"1639":102,"1640":1171,"1641":1127,"1642":1074,"1643":1127,"1644":1127,"1645":1,"1646":2981,"1647":2981,"1648":2981,"1649":2981,"1650":690,"1651":690,"1652":1000,"1653":626,"1654":310,"1655":2917,"1656":2917,"1657":1,"1658":1415,"1659":1415,"1660":1415,"1661":1415,"1662":361,"1663":1415,"1664":1415,"1665":1415,"1666":1415,"1667":1407,"1668":1407,"1669":1347,"1670":125,"1671":18,"1672":1222,"1673":67,"1674":67,"1675":1155,"1676":42,"1677":42,"1678":1347,"1679":1347,"1680":1347,"1681":1303,"1682":1303,"1683":1303,"1684":1303,"1685":126,"1686":1303,"1687":1303,"1688":1035,"1689":44,"1690":991,"1691":55,"1692":971,"1693":971,"1694":971,"1695":1,"1696":774,"1697":774,"1698":774,"1699":774,"1700":133,"1701":774,"1702":774,"1703":774,"1704":774,"1705":774,"1706":774,"1707":188,"1708":188,"1709":180,"1710":50,"1711":22,"1712":130,"1713":42,"1714":42,"1715":88,"1716":42,"1717":42,"1718":754,"1719":738,"1720":738,"1721":738,"1722":738,"1723":86,"1724":738,"1725":738,"1726":670,"1727":24,"1728":646,"1729":27,"1730":634,"1731":634,"1732":634,"1733":1,"1734":1206,"1735":1206,"1736":1206,"1737":1206,"1738":1198,"1739":1164,"1740":1198,"1741":1194,"1742":1,"1743":17296,"1744":17296,"1745":17296,"1746":18444,"1747":18444,"1748":17238,"1749":1206,"1750":1194,"1751":1194,"1752":1194,"1753":34,"1754":1160,"1755":777,"1756":777,"1757":22,"1758":383,"1759":158,"1760":17272,"1761":1,"1762":3058,"1763":920,"1764":2134,"1765":4,"1766":1,"1767":339,"1768":339,"1769":339,"1770":339,"1771":339,"1772":339,"1773":339,"1774":339,"1775":339,"1776":339,"1777":1,"1778":306,"1779":306,"1780":306,"1781":306,"1782":306,"1783":306,"1784":306,"1785":9,"1786":297,"1787":298,"1788":298,"1789":290,"1790":290,"1791":1,"1792":153,"1793":153,"1794":153,"1795":153,"1796":153,"1797":153,"1798":153,"1799":153,"1800":153,"1801":1,"1802":292,"1803":292,"1804":292,"1805":292,"1806":292,"1807":275,"1808":275,"1809":275,"1810":275,"1811":89,"1812":89,"1813":186,"1814":110,"1815":267,"1816":284,"1817":1,"1818":668,"1819":668,"1820":668,"1821":668,"1822":668,"1823":668,"1824":668,"1825":668,"1826":668,"1827":4,"1828":664,"1829":664,"1830":656,"1831":656,"1832":237,"1833":237,"1834":237,"1835":237,"1836":34,"1837":203,"1838":656,"1839":656,"1840":470,"1841":38,"1842":38,"1843":38,"1844":38,"1845":38,"1846":432,"1847":38,"1848":38,"1849":38,"1850":38,"1851":186,"1852":34,"1853":34,"1854":34,"1855":34,"1856":34,"1857":656,"1858":530,"1859":530,"1860":518,"1861":644,"1862":16,"1863":628,"1864":552,"1865":628,"1866":526,"1867":8,"1868":518,"1869":84,"1870":8,"1871":76,"1872":4,"1873":72,"1874":72,"1875":608,"1876":1,"1877":663,"1878":663,"1879":663,"1880":651,"1881":923,"1882":255,"1883":668,"1884":591,"1885":591,"1886":1,"1887":663,"1888":663,"1889":591,"1890":1,"1891":582,"1892":582,"1893":582,"1894":582,"1895":582,"1896":570,"1897":570,"1898":127,"1899":127,"1900":570,"1901":498,"1902":498,"1903":1,"1904":93,"1905":93,"1906":93,"1907":93,"1908":93,"1909":93,"1910":93,"1911":51,"1912":51,"1913":93,"1914":93,"1915":93,"1916":1,"1917":13564,"1918":13564,"1919":13556,"1920":13060,"1921":11901,"1922":1,"1923":184,"1924":184,"1925":8,"1926":176,"1927":176,"1928":176,"1929":1,"1930":116,"1931":116,"1932":116,"1933":116,"1934":36,"1935":36,"1936":80,"1937":116,"1938":1,"1939":96,"1940":96,"1941":96,"1942":116,"1943":116,"1944":36,"1945":96,"1946":96,"1947":1,"1948":60,"1949":60,"1950":60,"1951":1,"1952":24,"1953":24,"1954":24,"1955":4,"1956":20,"1957":20,"1958":20,"1959":1,"1960":176,"1961":4,"1962":172,"1963":172,"1964":172,"1965":172,"1966":172,"1967":8,"1968":164,"1969":84,"1970":80,"1971":16,"1972":64,"1973":60,"1974":60,"1975":24,"1976":24,"1977":8,"1978":16,"1979":12,"1980":4,"1981":4,"1982":152,"1983":36,"1984":36,"1985":116,"1986":116,"1987":120,"1988":120,"1989":1,"1990":148,"1991":148,"1992":148,"1993":148,"1994":48,"1995":48,"1996":148,"1997":1,"1998":280,"1999":4,"2000":276,"2001":276,"2002":276,"2003":276,"2004":76,"2005":76,"2006":20,"2007":16,"2008":56,"2009":8,"2010":8,"2011":8,"2012":48,"2013":4,"2014":44,"2015":40,"2016":40,"2017":200,"2018":16,"2019":16,"2020":8,"2021":8,"2022":8,"2023":8,"2024":8,"2025":8,"2026":184,"2027":68,"2028":68,"2029":16,"2030":16,"2031":48,"2032":40,"2033":4,"2034":56,"2035":116,"2036":116,"2037":116,"2038":116,"2039":116,"2040":148,"2041":148,"2042":148,"2043":48,"2044":116,"2045":116,"2046":52,"2047":52,"2048":48,"2049":64,"2050":8,"2051":8,"2052":56,"2053":104,"2054":232,"2055":1,"2056":1,"2057":1,"2058":8992,"2059":0,"2060":1,"2061":1,"2062":1,"2063":1,"2064":14083,"2065":14083,"2066":1,"2067":380,"2068":1,"2069":622,"2070":250,"2071":372,"2072":1,"2073":2324,"2074":2324,"2075":2324,"2076":2324,"2077":2324,"2078":2324,"2079":2324,"2080":1,"2081":2324,"2082":2324,"2083":2324,"2084":2324,"2085":2324,"2086":2324,"2087":1,"2088":319,"2089":1,"2090":362,"2091":362,"2092":130,"2093":232,"2094":1,"2095":1,"2096":1,"2097":1,"2098":1,"2099":1,"2100":1,"2101":1,"2102":1,"2103":1,"2104":1,"2105":1,"2106":1,"2107":1,"2108":1,"2109":1,"2110":1,"2111":1,"2112":1,"2113":1,"2114":1,"2115":1,"2116":1,"2117":1,"2118":1,"2119":1,"2120":1,"2121":1,"2122":1,"2123":1,"2124":2016,"2125":1,"2126":395,"2127":1,"2128":1,"2129":14083,"2130":14083,"2131":14083,"2132":14083,"2133":14083,"2134":14083,"2135":14083,"2136":14083,"2137":1,"2138":442815,"2139":1,"2140":319,"2141":248,"2142":319,"2143":1,"2144":89,"2145":1,"2146":449,"2147":449,"2148":449,"2149":212,"2150":212,"2151":212,"2152":449,"2153":4056,"2154":4056,"2155":4056,"2156":245,"2157":104,"2158":104,"2159":104,"2160":245,"2161":4,"2162":245,"2163":245,"2164":245,"2165":204,"2166":108,"2167":108,"2168":108,"2169":204,"2170":1,"2171":973,"2172":973,"2173":973,"2174":455,"2175":455,"2176":455,"2177":973,"2178":11195,"2179":11195,"2180":394,"2181":21,"2182":394,"2183":394,"2184":394,"2185":10801,"2186":1111,"2187":924,"2188":924,"2189":433,"2190":433,"2191":433,"2192":924,"2193":187,"2194":9690,"2195":49,"2196":22,"2197":22,"2198":22,"2199":49,"2200":25,"2201":1,"2202":115222,"2203":115222,"2204":30909,"2205":115222,"2206":115222,"2207":154306,"2208":154306,"2209":45190,"2210":109116,"2211":5134,"2212":5134,"2213":4,"2214":5134,"2215":5134,"2216":5134,"2217":103982,"2218":2224,"2219":2224,"2220":330,"2221":330,"2222":330,"2223":149,"2224":330,"2225":1894,"2226":973,"2227":973,"2228":949,"2229":443,"2230":921,"2231":101758,"2232":162,"2233":68,"2234":68,"2235":68,"2236":36,"2237":94,"2238":101596,"2239":337,"2240":51,"2241":51,"2242":51,"2243":27,"2244":286,"2245":101259,"2246":115198,"2247":1,"2248":164,"2249":12,"2250":152,"2251":1,"2252":6486,"2253":644,"2254":5842,"2255":1,"2256":3872,"2257":1,"2258":21549,"2259":1630,"2260":6440,"2261":2649,"2262":4239,"2263":1793,"2264":842,"2265":2804,"2266":93,"2267":1059,"2268":1,"2269":914,"2270":914,"2271":144,"2272":144,"2273":140,"2274":140,"2275":914,"2276":1,"2277":260,"2278":260,"2279":260,"2280":792,"2281":727,"2282":65,"2283":195,"2284":1,"2285":305,"2286":305,"2287":305,"2288":4,"2289":301,"2290":1590,"2291":1590,"2292":301,"2293":1289,"2294":301,"2295":12,"2296":289,"2297":1,"2298":35336,"2299":35336,"2300":116264,"2301":116264,"2302":84,"2303":84,"2304":116180,"2305":68,"2306":68,"2307":116112,"2308":82563,"2309":33549,"2310":35184,"2311":1,"2312":312,"2313":312,"2314":312,"2315":312,"2316":312,"2317":160,"2318":8,"2319":152,"2320":152,"2321":85,"2322":85,"2323":67,"2324":67,"2325":67,"2326":16,"2327":136,"2328":288,"2329":543,"2330":543,"2331":221,"2332":322,"2333":322,"2334":322,"2335":322,"2336":135,"2337":135,"2338":4,"2339":131,"2340":131,"2341":85,"2342":85,"2343":46,"2344":46,"2345":46,"2346":12,"2347":119,"2348":272,"2349":1,"2350":208,"2351":208,"2352":208,"2353":119,"2354":119,"2355":119,"2356":68,"2357":208,"2358":1,"2359":35496,"2360":35496,"2361":35496,"2362":35456,"2363":13907,"2364":21549,"2365":12203,"2366":9346,"2367":337,"2368":9009,"2369":725,"2370":8284,"2371":35456,"2372":1,"2373":59458,"2374":59458,"2375":59458,"2376":17898,"2377":8334,"2378":17898,"2379":17898,"2380":1310,"2381":1310,"2382":574,"2383":574,"2384":1310,"2385":7726,"2386":7726,"2387":7726,"2388":24006,"2389":24006,"2390":8518,"2391":8518,"2392":17,"2393":8501,"2394":8501,"2395":102,"2396":8399,"2397":8399,"2398":1806,"2399":6593,"2400":6593,"2401":6569,"2402":59458,"2403":24,"2404":59434,"2405":59434,"2406":59434,"2407":1,"2408":144,"2409":144,"2410":314,"2411":21,"2412":293,"2413":144,"2414":4,"2415":140,"2416":4,"2417":136,"2418":1,"2419":142,"2420":142,"2421":142,"2422":192,"2423":192,"2424":32,"2425":160,"2426":142,"2427":16,"2428":126,"2429":24,"2430":24,"2431":24,"2432":102,"2433":1,"2434":245,"2435":245,"2436":245,"2437":111,"2438":111,"2439":134,"2440":245,"2441":284,"2442":80,"2443":204,"2444":245,"2445":16,"2446":229,"2447":20,"2448":209,"2449":1,"2450":128,"2451":125,"2452":125,"2453":17,"2454":108,"2455":22,"2456":89,"2457":1,"2458":5021,"2459":5021,"2460":5021,"2461":5021,"2462":5021,"2463":4970,"2464":4970,"2465":4970,"2466":1807,"2467":144,"2468":144,"2469":1663,"2470":142,"2471":142,"2472":1521,"2473":134,"2474":1387,"2475":128,"2476":111,"2477":4439,"2478":2127,"2479":4439,"2480":4490,"2481":119,"2482":119,"2483":459,"2484":119,"2485":4490,"2486":84,"2487":84,"2488":84,"2489":76,"2490":84,"2491":68,"2492":170,"2493":16,"2494":4474,"2495":16,"2496":4458,"2497":1,"2498":1871,"2499":1871,"2500":1871,"2501":1871,"2502":1871,"2503":1871,"2504":1871,"2505":16742,"2506":16742,"2507":1799,"2508":1799,"2509":14943,"2510":651,"2511":651,"2512":617,"2513":205,"2514":118,"2515":118,"2516":87,"2517":87,"2518":36,"2519":51,"2520":153,"2521":51,"2522":51,"2523":17,"2524":17,"2525":17,"2526":17,"2527":17,"2528":17,"2529":17,"2530":17,"2531":17,"2532":17,"2533":13,"2534":13,"2535":5,"2536":263,"2537":208,"2538":208,"2539":208,"2540":55,"2541":263,"2542":34,"2543":34,"2544":17,"2545":34,"2546":14292,"2547":8,"2548":14284,"2549":1811,"2550":12,"2551":12,"2552":1799,"2553":1,"2554":270,"2555":270,"2556":270,"2557":270,"2558":270,"2559":270,"2560":270,"2561":270,"2562":1280,"2563":1280,"2564":195,"2565":195,"2566":195,"2567":195,"2568":1085,"2569":76,"2570":59,"2571":59,"2572":59,"2573":59,"2574":17,"2575":1009,"2576":250,"2577":250,"2578":216,"2579":17,"2580":17,"2581":17,"2582":17,"2583":17,"2584":17,"2585":68,"2586":17,"2587":17,"2588":51,"2589":51,"2590":51,"2591":34,"2592":17,"2593":17,"2594":68,"2595":17,"2596":17,"2597":17,"2598":17,"2599":17,"2600":17,"2601":46,"2602":25,"2603":8,"2604":17,"2605":21,"2606":4,"2607":17,"2608":34,"2609":34,"2610":34,"2611":17,"2612":34,"2613":759,"2614":34,"2615":34,"2616":17,"2617":34,"2618":34,"2619":725,"2620":258,"2621":4,"2622":254,"2623":51,"2624":254,"2625":1,"2626":389,"2627":389,"2628":389,"2629":389,"2630":80,"2631":199,"2632":199,"2633":4,"2634":195,"2635":178,"2636":17,"2637":385,"2638":385,"2639":12,"2640":373,"2641":373,"2642":85,"2643":1,"2644":444,"2645":444,"2646":444,"2647":444,"2648":444,"2649":444,"2650":3558,"2651":3558,"2652":3558,"2653":254,"2654":254,"2655":4,"2656":250,"2657":3304,"2658":12,"2659":3292,"2660":1921,"2661":268,"2662":1371,"2663":401,"2664":401,"2665":970,"2666":272,"2667":428,"2668":27,"2669":401,"2670":401,"2671":1,"2672":401,"2673":401,"2674":401,"2675":376,"2676":376,"2677":141,"2678":235,"2679":235,"2680":27,"2681":27,"2682":9,"2683":9,"2684":9,"2685":9,"2686":5,"2687":5,"2688":20,"2689":4,"2690":4,"2691":4,"2692":9,"2693":18,"2694":18,"2695":208,"2696":208,"2697":389,"2698":1,"2699":444,"2700":444,"2701":401,"2702":389,"2703":373,"2704":1,"2705":114430,"2706":12398,"2707":102032,"2708":102032,"2709":35445,"2710":66587,"2711":23967,"2712":42620,"2713":1871,"2714":40749,"2715":1361,"2716":51,"2717":1310,"2718":39388,"2719":4970,"2720":34418,"2721":270,"2722":34148,"2723":59,"2724":51,"2725":34097,"2726":1,"2727":1,"2728":1,"2729":1,"2730":1584,"2731":154306,"2732":143873,"2733":107017,"2734":117069,"2735":53494,"2736":2684,"2737":2563,"2738":1,"2739":1,"2740":1,"2741":1443,"2742":1443,"2743":1,"2744":1,"2745":1,"2746":1,"2747":409,"2748":409,"2749":1,"2750":1,"2751":1,"2752":1,"2753":714,"2754":714,"2755":714,"2756":714,"2757":714,"2758":714,"2759":1,"2760":1,"2761":1,"2762":1,"2763":1960,"2764":1960,"2765":1960,"2766":1960,"2767":1,"2768":1,"2769":1,"2770":1,"2771":331,"2772":331,"2773":331,"2774":1,"2775":1,"2776":1,"2777":1,"2778":2010,"2779":2010,"2780":2010,"2781":2010,"2782":2010,"2783":1,"2784":1,"2785":1,"2786":1,"2787":4770,"2788":4770,"2789":1,"2790":1,"2791":1,"2792":1,"2793":238,"2794":238,"2795":1,"2796":1,"2797":1,"2798":1,"2799":1172,"2800":1172,"2801":1172,"2802":1,"2803":1,"2804":1,"2805":1,"2806":214,"2807":214,"2808":214,"2809":1,"2810":1,"2811":1,"2812":1,"2813":591,"2814":591,"2815":1,"2816":1,"2817":1,"2818":1,"2819":498,"2820":498,"2821":498,"2822":498,"2823":1,"2824":1,"2825":1,"2826":1,"2827":93,"2828":93,"2829":93,"2830":93,"2831":1,"2832":1,"2833":1,"2834":1,"2835":246,"2836":246,"2837":246,"2838":246,"2839":1,"2840":1,"2841":1,"2842":1,"2843":51,"2844":51,"2845":51,"2846":51,"2847":1,"2848":1,"2849":1,"2850":1,"2851":136,"2852":136,"2853":1,"2854":1,"2855":1,"2856":1,"2857":34,"2858":1,"2859":1,"2860":1,"2861":1,"2862":1160,"2863":1160,"2864":1160,"2865":1,"2866":1,"2867":1,"2868":1,"2869":102,"2870":102,"2871":102,"2872":1,"2873":1,"2874":1,"2875":1,"2876":654,"2877":1,"2878":1,"2879":1,"2880":1,"2881":8,"2882":8,"2883":1,"2884":1,"2885":1,"2886":1,"2887":64,"2888":64,"2889":1,"2890":1,"2891":1,"2892":1,"2893":160,"2894":160,"2895":160,"2896":160,"2897":1,"2898":1,"2899":1,"2900":1,"2901":148,"2902":148,"2903":148,"2904":1,"2905":1,"2906":1,"2907":1,"2908":8155,"2909":8155,"2910":1,"2911":1,"2912":1,"2913":1,"2914":299,"2915":299,"2916":299,"2917":299,"2918":299,"2919":1,"2920":1,"2921":1,"2922":1,"2923":209,"2924":209,"2925":209,"2926":209,"2927":1,"2928":1,"2929":1,"2930":1,"2931":243,"2932":243,"2933":243,"2934":243,"2935":243,"2936":1,"2937":1,"2938":1,"2939":1,"2940":971,"2941":971,"2942":971,"2943":971,"2944":971,"2945":971,"2946":1,"2947":1,"2948":1,"2949":1,"2950":2131,"2951":2131,"2952":2131,"2953":2131,"2954":2131,"2955":2131,"2956":1,"2957":1,"2958":1,"2959":1,"2960":22808,"2961":22808,"2962":1,"2963":1,"2964":1,"2965":1,"2966":209,"2967":209,"2968":209,"2969":209,"2970":1,"2971":1,"2972":1,"2973":1,"2974":120,"2975":120,"2976":120,"2977":1,"2978":1,"2979":1,"2980":1,"2981":60,"2982":60,"2983":1,"2984":1,"2985":1,"2986":1,"2987":20,"2988":20,"2989":1,"2990":1,"2991":1,"2992":1,"2993":116,"2994":116,"2995":116,"2996":1,"2997":1,"2998":1,"2999":1,"3000":170,"3001":170,"3002":170,"3003":1,"3004":1,"3005":1,"3006":1,"3007":7330,"3008":7330,"3009":7330,"3010":1,"3011":1,"3012":1,"3013":1,"3014":102,"3015":102,"3016":102,"3017":1,"3018":1,"3019":1,"3020":1,"3021":608,"3022":608,"3023":608,"3024":608,"3025":608,"3026":608,"3027":1,"3028":1,"3029":1,"3030":1,"3031":344,"3032":344,"3033":344,"3034":1,"3035":1,"3036":1,"3037":1,"3038":1498,"3039":1498,"3040":1,"3041":1,"3042":1,"3043":1,"3044":349,"3045":349,"3046":1,"3047":1,"3048":1,"3049":1,"3050":11901,"3051":11901,"3052":11901,"3053":1,"3054":1,"3055":1,"3056":1,"3057":2477,"3058":2477,"3059":2477,"3060":2477,"3061":2477,"3062":2477,"3063":2477,"3064":1,"3065":1,"3066":1,"3067":1,"3068":265,"3069":265,"3070":265,"3071":265,"3072":1,"3073":1,"3074":1,"3075":1,"3076":175,"3077":175,"3078":1,"3079":1,"3080":1,"3081":1,"3082":226,"3083":226,"3084":1,"3085":1,"3086":1,"3087":1,"3088":223,"3089":223,"3090":1,"3091":1,"3092":1,"3093":1,"3094":331,"3095":331,"3096":1,"3097":1,"3098":1,"3099":1,"3100":561,"3101":561,"3102":561,"3103":561,"3104":1,"3105":1,"3106":1,"3107":1,"3108":106,"3109":1,"3110":1,"3111":1,"3112":1,"3113":110,"3114":110,"3115":110,"3116":1,"3117":1,"3118":1,"3119":1,"3120":102,"3121":102,"3122":102,"3123":1,"3124":1,"3125":1,"3126":1,"3127":72,"3128":72,"3129":72,"3130":1,"3131":1,"3132":1,"3133":1,"3134":250,"3135":250,"3136":250,"3137":1,"3138":1,"3139":1,"3140":1,"3141":191,"3142":191,"3143":191,"3144":1,"3145":1,"3146":1,"3147":1,"3148":80,"3149":1,"3150":1,"3151":1,"3152":1,"3153":102,"3154":102,"3155":1,"3156":1,"3157":1,"3158":1,"3159":231,"3160":231,"3161":231,"3162":231,"3163":1,"3164":1,"3165":1,"3166":1,"3167":140,"3168":140,"3169":140,"3170":140,"3171":1,"3172":1,"3173":1,"3174":1,"3175":409,"3176":409,"3177":409,"3178":409,"3179":1,"3180":1,"3181":1,"3182":1,"3183":2008,"3184":2008,"3185":2008,"3186":1,"3187":1,"3188":1,"3189":1,"3190":2440,"3191":2440,"3192":2440,"3193":1,"3194":1,"3195":1,"3196":1,"3197":379,"3198":379,"3199":379,"3200":1,"3201":1,"3202":1,"3203":1,"3204":90,"3205":90,"3206":90,"3207":1,"3208":1,"3209":1,"3210":1,"3211":284,"3212":284,"3213":284,"3214":1,"3215":1,"3216":1,"3217":1,"3218":1,"3219":1,"3220":1,"3221":247,"3222":247,"3223":1,"3224":24,"3225":1,"3226":211,"3227":211,"3228":211,"3229":24,"3230":24,"3231":24,"3232":24,"3233":24,"3234":60,"3235":60,"3236":24,"3237":24,"3238":36,"3239":24,"3240":24,"3241":211,"3242":1,"3243":930,"3244":627,"3245":72,"3246":555,"3247":96,"3248":627,"3249":303,"3250":1,"3251":1,"3252":1,"3253":247,"3254":247,"3255":247,"3256":247,"3257":247,"3258":247,"3259":247,"3260":247,"3261":1,"3262":200,"3263":1,"3264":1195,"3265":1189,"3266":1189,"3267":602,"3268":18,"3269":18,"3270":18,"3271":18,"3272":18,"3273":12,"3274":18,"3275":12,"3276":18,"3277":1189,"3278":949,"3279":949,"3280":468,"3281":949,"3282":949,"3283":211,"3284":738,"3285":930,"3286":930,"3287":930,"3288":930,"3289":462,"3290":930,"3291":462,"3292":462,"3293":930,"3294":108,"3295":930,"3296":1176,"3297":1,"3298":1},"b":{"1":[1,0],"2":[1,1],"3":[0,0],"4":[0,0],"5":[0,0],"6":[9,12],"7":[46600,3113],"8":[22371,27342],"9":[6696,7140],"10":[13132,704],"11":[13132,9882],"12":[13132,275],"13":[3865,9267],"14":[13132,9267],"15":[2919,8982],"16":[3648,8253],"17":[320,11581],"18":[0,11901],"19":[228,948],"20":[160,788],"21":[200,38],"22":[25,735],"23":[760,70],"24":[5,5],"25":[5,20],"26":[180,580],"27":[60,145],"28":[50,530],"29":[580,525],"30":[10,40],"31":[50,50],"32":[590,315],"33":[905,905],"34":[415,345],"35":[235,180],"36":[210,40],"37":[195,220],"38":[415,235],"39":[155,30],"40":[160,760],"41":[920,170],"42":[345,415],"43":[60,700],"44":[206,431],"45":[280,357],"46":[250,387],"47":[210,427],"48":[58,152],"49":[206,22165],"50":[431,21734],"51":[920,20814],"52":[704,13132],"53":[13836,9704],"54":[13836,9704],"55":[13836,3648],"56":[13836,9882],"57":[13836,5952],"58":[13836,0],"59":[4,13832],"60":[13836,4918,4],"61":[473,13363],"62":[13836,13836],"63":[1487,832],"64":[1467,20],"65":[824,643],"66":[157,667],"67":[61,606],"68":[32,574],"69":[4,570],"70":[4,566],"71":[164,660],"72":[12,152],"73":[56,96],"74":[152,72],"75":[4,1463],"76":[1435,52],"77":[1487,1467],"78":[83726,30307],"79":[574,29721],"80":[30295,574],"81":[431,206],"82":[280,357],"83":[250,387],"84":[11648,15839],"85":[11506,15981],"86":[79,27408],"87":[99416,13564],"88":[112980,99416],"89":[3344,109636],"90":[112980,112980,14834],"91":[333,3011],"92":[27408,85572],"93":[112980,31066],"94":[79,186],"95":[34103,51998],"96":[33987,52114],"97":[36,33951],"98":[49076,37025],"99":[156,43763],"100":[43919,43863],"101":[85,882],"102":[10,75],"103":[85,15],"104":[5,70],"105":[75,5],"106":[4,8343],"107":[8347,8343],"108":[306746,213593],"109":[88635,15931],"110":[1147,547],"111":[7185,14295],"112":[14295,12426,12409,12392,12375,12358,12341,12324,12307,12290,12273,12256],"113":[4,21875],"114":[103941,46637],"115":[103941,53311],"116":[103941,103890],"117":[3819,8239],"118":[6711,1528],"119":[56,6655],"120":[6711,911],"121":[11130,4726,6105,537,253,127,5778,1300,16],"122":[9,11121],"123":[11130,21],"124":[21,6084],"125":[6105,346],"126":[2284,1447,1638,300,317,92],"127":[148,1152],"128":[1300,1190,1156],"129":[157,995],"130":[1152,1042],"131":[774,221],"132":[80,141],"133":[85,56],"134":[140,1522],"135":[93,1429],"136":[4,89],"137":[352,1065],"138":[10,1495],"139":[1505,736],"140":[18,1487],"141":[1505,736],"142":[240,283,1030,1132,1183,1632,283,12],"143":[13,270],"144":[283,38],"145":[271,12],"146":[1671,1485,1455,186],"147":[266,879],"148":[48,218],"149":[1618,558],"150":[127,431],"151":[305,1843],"152":[2148,1618,351],"153":[268,1575],"154":[1843,1313,314],"155":[123,1452],"156":[1575,246,127],"157":[4,1448],"158":[982,466],"159":[880,102],"160":[197,269],"161":[265,4],"162":[89,164],"163":[712,1344],"164":[8,51],"165":[2629,2850,2867,2952,89,960,170,140,40],"166":[1138,85],"167":[84,2200],"168":[12,72],"169":[25,2175],"170":[4,17],"171":[184,1719],"172":[155,226],"173":[29,197],"174":[4,25],"175":[4,17],"176":[17,197],"177":[155,17],"178":[1874,17],"179":[543,1323],"180":[17,526],"181":[543,173],"182":[526,17],"183":[36,490],"184":[126,364],"185":[126,364],"186":[600,791],"187":[254,601],"188":[572,255],"189":[1651,889,63,29],"190":[4,1583],"191":[114,360],"192":[102,12],"193":[114,110,106],"194":[203,153],"195":[89,25381],"196":[25470,93],"197":[4,85],"198":[89,55,21],"199":[406,24975],"200":[531,25994],"201":[1188,24806],"202":[229,24577],"203":[55,24522],"204":[24577,106],"205":[4,17],"206":[21,21],"207":[21,339],"208":[360,21],"209":[68,271],"210":[17,407],"211":[34,373],"212":[17,356],"213":[373,17],"214":[16961,7383],"215":[24344,23096],"216":[277,16684],"217":[16961,16820],"218":[26,251],"219":[277,26,26],"220":[13,248],"221":[17719,7893],"222":[25612,19578],"223":[180,7713],"224":[7893,7803],"225":[26,154],"226":[180,26,26],"227":[13,151],"228":[76,7637],"229":[7713,7688,7671,7654],"230":[64,7573],"231":[7637,7607,7590],"232":[13,51],"233":[64,13,13],"234":[17048,7240],"235":[17048,15128],"236":[327,6913],"237":[106,221],"238":[327,310,106],"239":[1414,20864],"240":[1398,612],"241":[952,612],"242":[51,22211],"243":[904,55,34,450,8,51],"244":[458,34],"245":[165,613,4],"246":[89,785],"247":[21,68],"248":[4,17],"249":[104,670],"250":[774,729],"251":[8,103],"252":[16,750],"253":[4,12],"254":[292,23266],"255":[23558,1186],"256":[782,21480],"257":[22262,21649],"258":[750,4],"259":[4,746],"260":[178,568],"261":[8,734],"262":[742,45],"263":[20,714],"264":[734,37],"265":[2056,19424],"266":[46,2010],"267":[81,1939],"268":[2020,81],"269":[22,59],"270":[28,41],"271":[187,1793],"272":[51,11449],"273":[34,68],"274":[7778,8260],"275":[313,194,95,1378,582,444,4772],"276":[33,280],"277":[18,176],"278":[389,55],"279":[1382,1169],"280":[29,799],"281":[828,29],"282":[5,24],"283":[204,624],"284":[153,51],"285":[204,187],"286":[364,260],"287":[624,439,433],"288":[444,279,250,152,123,84,29,80,25],"289":[500,103],"290":[34,415],"291":[31,384],"292":[155,221],"293":[327,106],"294":[34,293],"295":[179,114],"296":[191,230],"297":[421,4352],"298":[365,3987],"299":[60,3927],"300":[3987,98,74],"301":[216,1503],"302":[254,6713],"303":[6967,362],"304":[40,214],"305":[40,174],"306":[244,6469],"307":[46,198],"308":[244,70,58],"309":[164,34],"310":[198,174,34],"311":[8,6461],"312":[6469,260,260],"313":[110,1602],"314":[1712,127],"315":[18,92],"316":[1034,670],"317":[4,666],"318":[670,72],"319":[5,220],"320":[225,5],"321":[72,136],"322":[17,85],"323":[5,406],"324":[411,5],"325":[55,816],"326":[225,591],"327":[119,106],"328":[225,204],"329":[51,55],"330":[106,85,51],"331":[293,298],"332":[591,512],"333":[17,276],"334":[293,281],"335":[51,169],"336":[220,220,170],"337":[85,84],"338":[169,169,119],"339":[128,170],"340":[17,111],"341":[81,89],"342":[4,77],"343":[17,72],"344":[247,508],"345":[56,191],"346":[39,208],"347":[15,740],"348":[755,15],"349":[243,508],"350":[299,209],"351":[59,105],"352":[164,110],"353":[8,51],"354":[16,136],"355":[152,101],"356":[93,169],"357":[262,144],"358":[8,85],"359":[12,238],"360":[250,165,80],"361":[9,225],"362":[230,196,179,128],"363":[123,107],"364":[13,89],"365":[29,85],"366":[110,157],"367":[267,178,157],"368":[102,114],"369":[25,85],"370":[4,21],"371":[202,4150],"372":[4352,621],"373":[8,194],"374":[4,110],"375":[4,250],"376":[4,285],"377":[35,195],"378":[230,35],"379":[18,17],"380":[254,21],"381":[34,201],"382":[4,231],"383":[235,21],"384":[25,42,1232,1232,1325,1325,4030,4456,5076,36],"385":[911,3119],"386":[2010,1109],"387":[629,480],"388":[262,164,34,110,871,17,229,234,114,114,275,1343,411,102,796],"389":[3388,1604],"390":[219,1861],"391":[70,149],"392":[41,178],"393":[1819,42],"394":[119,1700],"395":[97,1603],"396":[59,1544],"397":[4,172],"398":[4,152],"399":[8,144],"400":[126,1171],"401":[690,2291],"402":[626,310],"403":[361,1054],"404":[1407,8],"405":[1415,20],"406":[125,1222],"407":[18,107],"408":[67,1155],"409":[42,1113],"410":[126,1177],"411":[44,991],"412":[1035,219],"413":[55,936],"414":[991,175],"415":[133,641],"416":[188,586],"417":[38,150],"418":[188,134,130],"419":[50,130],"420":[22,28],"421":[42,88],"422":[42,46],"423":[86,652],"424":[24,646],"425":[670,84],"426":[27,619],"427":[646,60],"428":[1164,34],"429":[1160,34],"430":[17238,1206],"431":[34,1160],"432":[777,383],"433":[22,755],"434":[158,225],"435":[383,379],"436":[666,704,772,806,840,920,2134],"437":[9,297],"438":[275,17],"439":[89,186],"440":[110,76],"441":[186,169,135,110],"442":[4,664],"443":[237,419],"444":[656,254,51],"445":[34,203],"446":[470,186],"447":[38,432],"448":[470,38],"449":[38,394],"450":[432,38],"451":[34,152],"452":[186,123,38],"453":[530,126],"454":[656,546,542],"455":[16,628],"456":[552,76],"457":[526,102],"458":[8,518],"459":[526,144],"460":[84,434],"461":[518,382],"462":[8,76],"463":[84,76,76],"464":[4,72],"465":[255,668],"466":[127,443],"467":[51,42],"468":[51,42],"469":[8,176],"470":[36,80],"471":[36,80],"472":[4,20],"473":[4,172],"474":[8,164],"475":[84,80],"476":[16,64],"477":[60,4],"478":[64,64],"479":[24,36],"480":[8,16],"481":[12,4],"482":[36,116],"483":[24,12],"484":[16,132],"485":[48,100],"486":[4,276],"487":[76,200],"488":[20,56],"489":[8,48],"490":[4,44],"491":[8,36],"492":[8,28],"493":[16,184],"494":[8,8],"495":[4,4],"496":[68,116],"497":[8,16,32,32,48,4],"498":[148,148],"499":[48,100],"500":[52,64],"501":[8,56],"502":[4,4],"503":[0,8992],"504":[250,372],"505":[2324,0],"506":[2324,2324],"507":[130,232],"508":[1,1],"509":[14042,41],"510":[248,71],"511":[212,237],"512":[245,3811],"513":[104,141],"514":[4,241],"515":[245,8],"516":[108,96],"517":[455,518],"518":[394,10801],"519":[21,373],"520":[394,46],"521":[1111,9690],"522":[924,187],"523":[433,491],"524":[22,27],"525":[30909,84313],"526":[45190,109116],"527":[5134,103982],"528":[4,5130],"529":[5134,33],"530":[2224,101758],"531":[330,1894],"532":[149,181],"533":[973,921],"534":[443,506],"535":[162,101596],"536":[101758,15139],"537":[68,94],"538":[162,145],"539":[36,32],"540":[337,101259],"541":[51,286],"542":[27,24],"543":[8,8,8,12,152],"544":[12,44,76,88,100,112,439,620,644,5842],"545":[3872,3579],"546":[1630,6440,2649,4239,1793,842,2804,93,1059],"547":[1630,1297,860],"548":[6440,4860,3989,3515,3240],"549":[2649,2557,2485,2400,2371,2257],"550":[4239,3722,3460,3206,3092,2898,1947,1272],"551":[1793,1559,1542,1512,1398,1085],"552":[842,673,639],"553":[2804,567,403],"554":[144,770],"555":[914,144],"556":[140,4],"557":[144,140],"558":[197,63],"559":[727,65],"560":[792,780],"561":[4,301],"562":[301,1289],"563":[12,289],"564":[301,297],"565":[84,116180],"566":[68,116112],"567":[116180,68],"568":[82563,33549],"569":[160,152],"570":[8,152],"571":[85,67],"572":[16,51],"573":[67,63,59],"574":[221,322],"575":[135,187],"576":[4,131],"577":[85,46],"578":[12,34],"579":[46,42,38],"580":[119,89],"581":[208,208],"582":[68,51],"583":[119,85,85],"584":[160,35336],"585":[13907,21549],"586":[12203,9346],"587":[337,9009],"588":[725,8284],"589":[9009,8450],"590":[9564,17898,1310,7726,9055,14403,17349,19920,22357,23934,23989,24006,8518],"591":[8334,9564],"592":[574,736],"593":[1310,586],"594":[17,8501],"595":[102,8399],"596":[8501,8484,8467,8433,8416],"597":[1806,6593],"598":[8399,8297,8195,8161,8144,8127,8110,8093,8059,7828,7602,7534,7517,7500,7483,7466,7449,7428,7411],"599":[6569,24],"600":[24,59434],"601":[21,293],"602":[4,140],"603":[4,136],"604":[32,160],"605":[192,124],"606":[16,126],"607":[24,102],"608":[24,0],"609":[24,16],"610":[111,134],"611":[80,204],"612":[16,229],"613":[245,134],"614":[20,209],"615":[229,217],"616":[17,108],"617":[125,108],"618":[22,86],"619":[5021,51],"620":[4970,51],"621":[1807,3163],"622":[144,1663],"623":[1807,1697],"624":[142,1521],"625":[1663,1592],"626":[134,1387],"627":[1521,1437],"628":[128,1259],"629":[1387,1353],"630":[111,17],"631":[119,4371],"632":[84,4406],"633":[4490,4406],"634":[76,8],"635":[84,29],"636":[68,16],"637":[16,4458],"638":[1871,1576],"639":[1799,14943],"640":[651,14292],"641":[617,34],"642":[651,647],"643":[159,205,51,17,17,17,17,17,9,13,263],"644":[118,87],"645":[36,51],"646":[208,55],"647":[263,259],"648":[208,34],"649":[17,17],"650":[34,17],"651":[8,14284],"652":[12,1799],"653":[195,1085],"654":[76,1009],"655":[59,17],"656":[250,759],"657":[216,34],"658":[17,17,17,51,68,17,17,17,46],"659":[17,51],"660":[34,17],"661":[25,21],"662":[8,17],"663":[4,17],"664":[17,17],"665":[34,17],"666":[34,725],"667":[17,17],"668":[34,17],"669":[4,254],"670":[51,203],"671":[80,309],"672":[199,106],"673":[4,195],"674":[178,17],"675":[254,3304],"676":[4,250],"677":[12,3292],"678":[1921,1371],"679":[268,1653],"680":[401,970],"681":[272,698],"682":[27,401],"683":[141,235],"684":[27,208],"685":[235,27],"686":[9,18],"687":[5,4],"688":[12398,102032],"689":[35445,66587],"690":[23967,42620],"691":[66587,57023,47968],"692":[1871,40749],"693":[42620,42325],"694":[1361,39388],"695":[51,1310],"696":[4970,34418],"697":[270,34148],"698":[34418,34199,7777],"699":[59,34089],"700":[34148,59],"701":[51,8],"702":[1308,276],"703":[154306,109549,109490,109473,109456,109439,581],"704":[143873,138146,138008,137991],"705":[107017,107009,106513,57267,105595,50636,71794,71634,321],"706":[117069,117035,115483,82933,115037,81318,34489,4759,34400,34238,340],"707":[53494,43560],"708":[2684,2656,865,820,493,427],"709":[2563,1947],"710":[2010,1908],"711":[204,1806],"712":[12,24,24,60],"713":[24,24,24,24],"714":[24,36],"715":[12,12],"716":[24,12],"717":[12,12],"718":[627,303],"719":[930,411],"720":[72,555],"721":[96,459],"722":[227,20],"723":[227,219],"724":[227,20],"725":[227,204],"726":[227,20],"727":[227,200],"728":[227,20],"729":[227,200],"730":[1189,6],"731":[602,587],"732":[12,6],"733":[12,6],"734":[12,6],"735":[949,240],"736":[468,481],"737":[211,738],"738":[127,84],"739":[462,468],"740":[462,468],"741":[108,822]},"f":{"1":1,"2":1,"3":1,"4":21,"5":1,"6":13836,"7":49713,"8":247,"9":1,"10":1,"11":3865,"12":760,"13":760,"14":760,"15":920,"16":637,"17":22371,"18":1,"19":1,"20":1,"21":13836,"22":156,"23":68,"24":273,"25":4,"26":1487,"27":884,"28":603,"29":114033,"30":36246,"31":27487,"32":113272,"33":317,"34":89131,"35":8148,"36":86101,"37":43919,"38":967,"39":8355,"40":306746,"41":88635,"42":1147,"43":21480,"44":22755,"45":108625,"46":12058,"47":25246,"48":347,"49":1455,"50":1513,"51":727,"52":2210,"53":1671,"54":1145,"55":2176,"56":1646,"57":199,"58":59,"59":199,"60":4351,"61":2284,"62":1391,"63":1651,"64":1587,"65":474,"66":25470,"67":21,"68":360,"69":25292,"70":25612,"71":24288,"72":23266,"73":23266,"74":1502,"75":782,"76":23558,"77":12236,"78":16038,"79":1434,"80":952,"81":776,"82":444,"83":500,"84":31,"85":421,"86":433,"87":365,"88":4773,"89":1771,"90":6967,"91":1800,"92":1560,"93":1343,"94":629,"95":4611,"96":229,"97":110,"98":411,"99":871,"100":164,"101":262,"102":234,"103":102,"104":114,"105":114,"106":4456,"107":114,"108":254,"109":34,"110":275,"111":34,"112":14923,"113":3732,"114":2080,"115":176,"116":1297,"117":2981,"118":1415,"119":774,"120":1206,"121":17296,"122":3058,"123":339,"124":306,"125":153,"126":292,"127":668,"128":663,"129":663,"130":582,"131":93,"132":13564,"133":184,"134":116,"135":96,"136":60,"137":24,"138":176,"139":148,"140":280,"141":1,"142":8992,"143":1,"144":1,"145":1,"146":14083,"147":380,"148":622,"149":2324,"150":2324,"151":319,"152":362,"153":1,"154":1,"155":1,"156":2016,"157":395,"158":1,"159":14083,"160":442815,"161":319,"162":89,"163":449,"164":973,"165":115222,"166":164,"167":6486,"168":3872,"169":21549,"170":914,"171":260,"172":305,"173":35336,"174":312,"175":208,"176":35496,"177":59458,"178":144,"179":142,"180":245,"181":128,"182":5021,"183":1871,"184":270,"185":389,"186":199,"187":444,"188":401,"189":444,"190":114430,"191":1,"192":1584,"193":154306,"194":143873,"195":107017,"196":117069,"197":53494,"198":2684,"199":2563,"200":1,"201":1,"202":1443,"203":1,"204":409,"205":1,"206":714,"207":1,"208":1960,"209":1,"210":331,"211":1,"212":2010,"213":1,"214":4770,"215":1,"216":238,"217":1,"218":1172,"219":1,"220":214,"221":1,"222":591,"223":1,"224":498,"225":1,"226":93,"227":1,"228":246,"229":1,"230":51,"231":1,"232":136,"233":1,"234":34,"235":1,"236":1160,"237":1,"238":102,"239":1,"240":654,"241":1,"242":8,"243":1,"244":64,"245":1,"246":160,"247":1,"248":148,"249":1,"250":8155,"251":1,"252":299,"253":1,"254":209,"255":1,"256":243,"257":1,"258":971,"259":1,"260":2131,"261":1,"262":22808,"263":1,"264":209,"265":1,"266":120,"267":1,"268":60,"269":1,"270":20,"271":1,"272":116,"273":1,"274":170,"275":1,"276":7330,"277":1,"278":102,"279":1,"280":608,"281":1,"282":344,"283":1,"284":1498,"285":1,"286":349,"287":1,"288":11901,"289":1,"290":2477,"291":1,"292":265,"293":1,"294":175,"295":1,"296":226,"297":1,"298":223,"299":1,"300":331,"301":1,"302":561,"303":1,"304":106,"305":1,"306":110,"307":1,"308":102,"309":1,"310":72,"311":1,"312":250,"313":1,"314":191,"315":1,"316":80,"317":1,"318":102,"319":1,"320":231,"321":1,"322":140,"323":1,"324":409,"325":1,"326":2008,"327":1,"328":2440,"329":1,"330":379,"331":1,"332":90,"333":1,"334":284,"335":1,"336":1,"337":247,"338":24,"339":211,"340":930,"341":1,"342":247,"343":200,"344":1195},"fnMap":{"1":{"name":"webpackUniversalModuleDefinition","line":1,"loc":{"start":{"line":1,"column":1},"end":{"line":1,"column":58}}},"2":{"name":"(anonymous_2)","line":12,"loc":{"start":{"line":12,"column":9},"end":{"line":12,"column":20}}},"3":{"name":"(anonymous_3)","line":13,"loc":{"start":{"line":13,"column":17},"end":{"line":13,"column":35}}},"4":{"name":"__webpack_require__","line":18,"loc":{"start":{"line":18,"column":10},"end":{"line":18,"column":49}}},"5":{"name":"(anonymous_5)","line":58,"loc":{"start":{"line":58,"column":6},"end":{"line":58,"column":53}}},"6":{"name":"parse","line":86,"loc":{"start":{"line":86,"column":1},"end":{"line":86,"column":41}}},"7":{"name":"(anonymous_7)","line":88,"loc":{"start":{"line":88,"column":25},"end":{"line":88,"column":51}}},"8":{"name":"tokenize","line":127,"loc":{"start":{"line":127,"column":1},"end":{"line":127,"column":44}}},"9":{"name":"(anonymous_9)","line":160,"loc":{"start":{"line":160,"column":6},"end":{"line":160,"column":53}}},"10":{"name":"(anonymous_10)","line":163,"loc":{"start":{"line":163,"column":23},"end":{"line":163,"column":35}}},"11":{"name":"CommentHandler","line":164,"loc":{"start":{"line":164,"column":5},"end":{"line":164,"column":31}}},"12":{"name":"(anonymous_12)","line":171,"loc":{"start":{"line":171,"column":52},"end":{"line":171,"column":78}}},"13":{"name":"(anonymous_13)","line":189,"loc":{"start":{"line":189,"column":53},"end":{"line":189,"column":79}}},"14":{"name":"(anonymous_14)","line":211,"loc":{"start":{"line":211,"column":52},"end":{"line":211,"column":78}}},"15":{"name":"(anonymous_15)","line":246,"loc":{"start":{"line":246,"column":42},"end":{"line":246,"column":68}}},"16":{"name":"(anonymous_16)","line":264,"loc":{"start":{"line":264,"column":45},"end":{"line":264,"column":71}}},"17":{"name":"(anonymous_17)","line":294,"loc":{"start":{"line":294,"column":38},"end":{"line":294,"column":64}}},"18":{"name":"(anonymous_18)","line":312,"loc":{"start":{"line":312,"column":6},"end":{"line":312,"column":32}}},"19":{"name":"(anonymous_19)","line":385,"loc":{"start":{"line":385,"column":6},"end":{"line":385,"column":53}}},"20":{"name":"(anonymous_20)","line":395,"loc":{"start":{"line":395,"column":15},"end":{"line":395,"column":27}}},"21":{"name":"Parser","line":396,"loc":{"start":{"line":396,"column":5},"end":{"line":396,"column":46}}},"22":{"name":"(anonymous_22)","line":476,"loc":{"start":{"line":476,"column":35},"end":{"line":476,"column":60}}},"23":{"name":"(anonymous_23)","line":482,"loc":{"start":{"line":482,"column":51},"end":{"line":482,"column":73}}},"24":{"name":"(anonymous_24)","line":491,"loc":{"start":{"line":491,"column":38},"end":{"line":491,"column":63}}},"25":{"name":"(anonymous_25)","line":497,"loc":{"start":{"line":497,"column":51},"end":{"line":497,"column":73}}},"26":{"name":"(anonymous_26)","line":507,"loc":{"start":{"line":507,"column":45},"end":{"line":507,"column":71}}},"27":{"name":"(anonymous_27)","line":546,"loc":{"start":{"line":546,"column":45},"end":{"line":546,"column":71}}},"28":{"name":"(anonymous_28)","line":549,"loc":{"start":{"line":549,"column":48},"end":{"line":549,"column":74}}},"29":{"name":"(anonymous_29)","line":552,"loc":{"start":{"line":552,"column":40},"end":{"line":552,"column":52}}},"30":{"name":"(anonymous_30)","line":590,"loc":{"start":{"line":590,"column":36},"end":{"line":590,"column":53}}},"31":{"name":"(anonymous_31)","line":593,"loc":{"start":{"line":593,"column":37},"end":{"line":593,"column":54}}},"32":{"name":"(anonymous_32)","line":619,"loc":{"start":{"line":619,"column":34},"end":{"line":619,"column":46}}},"33":{"name":"(anonymous_33)","line":642,"loc":{"start":{"line":642,"column":39},"end":{"line":642,"column":51}}},"34":{"name":"(anonymous_34)","line":656,"loc":{"start":{"line":656,"column":35},"end":{"line":656,"column":47}}},"35":{"name":"(anonymous_35)","line":663,"loc":{"start":{"line":663,"column":34},"end":{"line":663,"column":51}}},"36":{"name":"(anonymous_36)","line":670,"loc":{"start":{"line":670,"column":33},"end":{"line":670,"column":55}}},"37":{"name":"(anonymous_37)","line":708,"loc":{"start":{"line":708,"column":31},"end":{"line":708,"column":48}}},"38":{"name":"(anonymous_38)","line":715,"loc":{"start":{"line":715,"column":45},"end":{"line":715,"column":57}}},"39":{"name":"(anonymous_39)","line":735,"loc":{"start":{"line":735,"column":38},"end":{"line":735,"column":57}}},"40":{"name":"(anonymous_40)","line":742,"loc":{"start":{"line":742,"column":30},"end":{"line":742,"column":47}}},"41":{"name":"(anonymous_41)","line":746,"loc":{"start":{"line":746,"column":37},"end":{"line":746,"column":56}}},"42":{"name":"(anonymous_42)","line":751,"loc":{"start":{"line":751,"column":47},"end":{"line":751,"column":66}}},"43":{"name":"(anonymous_43)","line":755,"loc":{"start":{"line":755,"column":36},"end":{"line":755,"column":48}}},"44":{"name":"(anonymous_44)","line":804,"loc":{"start":{"line":804,"column":44},"end":{"line":804,"column":69}}},"45":{"name":"(anonymous_45)","line":820,"loc":{"start":{"line":820,"column":44},"end":{"line":820,"column":69}}},"46":{"name":"(anonymous_46)","line":833,"loc":{"start":{"line":833,"column":41},"end":{"line":833,"column":53}}},"47":{"name":"(anonymous_47)","line":847,"loc":{"start":{"line":847,"column":47},"end":{"line":847,"column":59}}},"48":{"name":"(anonymous_48)","line":945,"loc":{"start":{"line":945,"column":43},"end":{"line":945,"column":55}}},"49":{"name":"(anonymous_49)","line":951,"loc":{"start":{"line":951,"column":46},"end":{"line":951,"column":58}}},"50":{"name":"(anonymous_50)","line":980,"loc":{"start":{"line":980,"column":44},"end":{"line":980,"column":62}}},"51":{"name":"(anonymous_51)","line":994,"loc":{"start":{"line":994,"column":52},"end":{"line":994,"column":64}}},"52":{"name":"(anonymous_52)","line":1004,"loc":{"start":{"line":1004,"column":47},"end":{"line":1004,"column":59}}},"53":{"name":"(anonymous_53)","line":1037,"loc":{"start":{"line":1037,"column":38},"end":{"line":1037,"column":60}}},"54":{"name":"(anonymous_54)","line":1041,"loc":{"start":{"line":1041,"column":45},"end":{"line":1041,"column":70}}},"55":{"name":"(anonymous_55)","line":1051,"loc":{"start":{"line":1051,"column":44},"end":{"line":1051,"column":64}}},"56":{"name":"(anonymous_56)","line":1129,"loc":{"start":{"line":1129,"column":47},"end":{"line":1129,"column":59}}},"57":{"name":"(anonymous_57)","line":1144,"loc":{"start":{"line":1144,"column":42},"end":{"line":1144,"column":54}}},"58":{"name":"(anonymous_58)","line":1154,"loc":{"start":{"line":1154,"column":45},"end":{"line":1154,"column":57}}},"59":{"name":"(anonymous_59)","line":1166,"loc":{"start":{"line":1166,"column":45},"end":{"line":1166,"column":57}}},"60":{"name":"(anonymous_60)","line":1180,"loc":{"start":{"line":1180,"column":55},"end":{"line":1180,"column":71}}},"61":{"name":"(anonymous_61)","line":1214,"loc":{"start":{"line":1214,"column":45},"end":{"line":1214,"column":57}}},"62":{"name":"(anonymous_62)","line":1320,"loc":{"start":{"line":1320,"column":39},"end":{"line":1320,"column":51}}},"63":{"name":"(anonymous_63)","line":1337,"loc":{"start":{"line":1337,"column":41},"end":{"line":1337,"column":58}}},"64":{"name":"(anonymous_64)","line":1343,"loc":{"start":{"line":1343,"column":49},"end":{"line":1343,"column":61}}},"65":{"name":"(anonymous_65)","line":1351,"loc":{"start":{"line":1351,"column":43},"end":{"line":1351,"column":55}}},"66":{"name":"(anonymous_66)","line":1375,"loc":{"start":{"line":1375,"column":61},"end":{"line":1375,"column":73}}},"67":{"name":"(anonymous_67)","line":1424,"loc":{"start":{"line":1424,"column":35},"end":{"line":1424,"column":47}}},"68":{"name":"(anonymous_68)","line":1432,"loc":{"start":{"line":1432,"column":52},"end":{"line":1432,"column":64}}},"69":{"name":"(anonymous_69)","line":1464,"loc":{"start":{"line":1464,"column":47},"end":{"line":1464,"column":59}}},"70":{"name":"(anonymous_70)","line":1485,"loc":{"start":{"line":1485,"column":45},"end":{"line":1485,"column":57}}},"71":{"name":"(anonymous_71)","line":1536,"loc":{"start":{"line":1536,"column":41},"end":{"line":1536,"column":58}}},"72":{"name":"(anonymous_72)","line":1550,"loc":{"start":{"line":1550,"column":46},"end":{"line":1550,"column":58}}},"73":{"name":"(anonymous_73)","line":1598,"loc":{"start":{"line":1598,"column":51},"end":{"line":1598,"column":63}}},"74":{"name":"(anonymous_74)","line":1616,"loc":{"start":{"line":1616,"column":42},"end":{"line":1616,"column":68}}},"75":{"name":"(anonymous_75)","line":1644,"loc":{"start":{"line":1644,"column":54},"end":{"line":1644,"column":70}}},"76":{"name":"(anonymous_76)","line":1700,"loc":{"start":{"line":1700,"column":50},"end":{"line":1700,"column":62}}},"77":{"name":"(anonymous_77)","line":1769,"loc":{"start":{"line":1769,"column":40},"end":{"line":1769,"column":52}}},"78":{"name":"(anonymous_78)","line":1787,"loc":{"start":{"line":1787,"column":47},"end":{"line":1787,"column":59}}},"79":{"name":"(anonymous_79)","line":1825,"loc":{"start":{"line":1825,"column":35},"end":{"line":1825,"column":47}}},"80":{"name":"(anonymous_80)","line":1839,"loc":{"start":{"line":1839,"column":44},"end":{"line":1839,"column":69}}},"81":{"name":"(anonymous_81)","line":1862,"loc":{"start":{"line":1862,"column":41},"end":{"line":1862,"column":66}}},"82":{"name":"(anonymous_82)","line":1870,"loc":{"start":{"line":1870,"column":45},"end":{"line":1870,"column":57}}},"83":{"name":"(anonymous_83)","line":1885,"loc":{"start":{"line":1885,"column":48},"end":{"line":1885,"column":67}}},"84":{"name":"(anonymous_84)","line":1894,"loc":{"start":{"line":1894,"column":48},"end":{"line":1894,"column":72}}},"85":{"name":"(anonymous_85)","line":1901,"loc":{"start":{"line":1901,"column":42},"end":{"line":1901,"column":66}}},"86":{"name":"(anonymous_86)","line":1926,"loc":{"start":{"line":1926,"column":45},"end":{"line":1926,"column":69}}},"87":{"name":"(anonymous_87)","line":1963,"loc":{"start":{"line":1963,"column":43},"end":{"line":1963,"column":67}}},"88":{"name":"(anonymous_88)","line":1976,"loc":{"start":{"line":1976,"column":37},"end":{"line":1976,"column":61}}},"89":{"name":"(anonymous_89)","line":1993,"loc":{"start":{"line":1993,"column":48},"end":{"line":1993,"column":72}}},"90":{"name":"(anonymous_90)","line":2007,"loc":{"start":{"line":2007,"column":48},"end":{"line":2007,"column":64}}},"91":{"name":"(anonymous_91)","line":2033,"loc":{"start":{"line":2033,"column":49},"end":{"line":2033,"column":68}}},"92":{"name":"(anonymous_92)","line":2053,"loc":{"start":{"line":2053,"column":53},"end":{"line":2053,"column":72}}},"93":{"name":"(anonymous_93)","line":2063,"loc":{"start":{"line":2063,"column":47},"end":{"line":2063,"column":59}}},"94":{"name":"(anonymous_94)","line":2071,"loc":{"start":{"line":2071,"column":44},"end":{"line":2071,"column":56}}},"95":{"name":"(anonymous_95)","line":2077,"loc":{"start":{"line":2077,"column":49},"end":{"line":2077,"column":61}}},"96":{"name":"(anonymous_96)","line":2084,"loc":{"start":{"line":2084,"column":41},"end":{"line":2084,"column":53}}},"97":{"name":"(anonymous_97)","line":2106,"loc":{"start":{"line":2106,"column":46},"end":{"line":2106,"column":58}}},"98":{"name":"(anonymous_98)","line":2123,"loc":{"start":{"line":2123,"column":44},"end":{"line":2123,"column":56}}},"99":{"name":"(anonymous_99)","line":2144,"loc":{"start":{"line":2144,"column":42},"end":{"line":2144,"column":54}}},"100":{"name":"(anonymous_100)","line":2287,"loc":{"start":{"line":2287,"column":47},"end":{"line":2287,"column":59}}},"101":{"name":"(anonymous_101)","line":2305,"loc":{"start":{"line":2305,"column":44},"end":{"line":2305,"column":56}}},"102":{"name":"(anonymous_102)","line":2323,"loc":{"start":{"line":2323,"column":45},"end":{"line":2323,"column":57}}},"103":{"name":"(anonymous_103)","line":2336,"loc":{"start":{"line":2336,"column":43},"end":{"line":2336,"column":55}}},"104":{"name":"(anonymous_104)","line":2349,"loc":{"start":{"line":2349,"column":40},"end":{"line":2349,"column":52}}},"105":{"name":"(anonymous_105)","line":2370,"loc":{"start":{"line":2370,"column":45},"end":{"line":2370,"column":57}}},"106":{"name":"(anonymous_106)","line":2399,"loc":{"start":{"line":2399,"column":47},"end":{"line":2399,"column":59}}},"107":{"name":"(anonymous_107)","line":2422,"loc":{"start":{"line":2422,"column":44},"end":{"line":2422,"column":56}}},"108":{"name":"(anonymous_108)","line":2433,"loc":{"start":{"line":2433,"column":41},"end":{"line":2433,"column":53}}},"109":{"name":"(anonymous_109)","line":2459,"loc":{"start":{"line":2459,"column":43},"end":{"line":2459,"column":55}}},"110":{"name":"(anonymous_110)","line":2463,"loc":{"start":{"line":2463,"column":42},"end":{"line":2463,"column":54}}},"111":{"name":"(anonymous_111)","line":2475,"loc":{"start":{"line":2475,"column":47},"end":{"line":2475,"column":59}}},"112":{"name":"(anonymous_112)","line":2482,"loc":{"start":{"line":2482,"column":39},"end":{"line":2482,"column":51}}},"113":{"name":"(anonymous_113)","line":2568,"loc":{"start":{"line":2568,"column":52},"end":{"line":2568,"column":64}}},"114":{"name":"(anonymous_114)","line":2593,"loc":{"start":{"line":2593,"column":38},"end":{"line":2593,"column":70}}},"115":{"name":"(anonymous_115)","line":2621,"loc":{"start":{"line":2621,"column":41},"end":{"line":2621,"column":59}}},"116":{"name":"(anonymous_116)","line":2637,"loc":{"start":{"line":2637,"column":45},"end":{"line":2637,"column":64}}},"117":{"name":"(anonymous_117)","line":2654,"loc":{"start":{"line":2654,"column":46},"end":{"line":2654,"column":73}}},"118":{"name":"(anonymous_118)","line":2678,"loc":{"start":{"line":2678,"column":49},"end":{"line":2678,"column":81}}},"119":{"name":"(anonymous_119)","line":2728,"loc":{"start":{"line":2728,"column":48},"end":{"line":2728,"column":60}}},"120":{"name":"(anonymous_120)","line":2779,"loc":{"start":{"line":2779,"column":39},"end":{"line":2779,"column":51}}},"121":{"name":"(anonymous_121)","line":2791,"loc":{"start":{"line":2791,"column":48},"end":{"line":2791,"column":60}}},"122":{"name":"(anonymous_122)","line":2820,"loc":{"start":{"line":2820,"column":46},"end":{"line":2820,"column":63}}},"123":{"name":"(anonymous_123)","line":2834,"loc":{"start":{"line":2834,"column":42},"end":{"line":2834,"column":54}}},"124":{"name":"(anonymous_124)","line":2851,"loc":{"start":{"line":2851,"column":42},"end":{"line":2851,"column":54}}},"125":{"name":"(anonymous_125)","line":2873,"loc":{"start":{"line":2873,"column":45},"end":{"line":2873,"column":57}}},"126":{"name":"(anonymous_126)","line":2885,"loc":{"start":{"line":2885,"column":45},"end":{"line":2885,"column":57}}},"127":{"name":"(anonymous_127)","line":2908,"loc":{"start":{"line":2908,"column":42},"end":{"line":2908,"column":68}}},"128":{"name":"(anonymous_128)","line":2989,"loc":{"start":{"line":2989,"column":46},"end":{"line":2989,"column":58}}},"129":{"name":"(anonymous_129)","line":3004,"loc":{"start":{"line":3004,"column":39},"end":{"line":3004,"column":51}}},"130":{"name":"(anonymous_130)","line":3009,"loc":{"start":{"line":3009,"column":46},"end":{"line":3009,"column":58}}},"131":{"name":"(anonymous_131)","line":3024,"loc":{"start":{"line":3024,"column":45},"end":{"line":3024,"column":57}}},"132":{"name":"(anonymous_132)","line":3041,"loc":{"start":{"line":3041,"column":37},"end":{"line":3041,"column":49}}},"133":{"name":"(anonymous_133)","line":3050,"loc":{"start":{"line":3050,"column":45},"end":{"line":3050,"column":57}}},"134":{"name":"(anonymous_134)","line":3060,"loc":{"start":{"line":3060,"column":45},"end":{"line":3060,"column":57}}},"135":{"name":"(anonymous_135)","line":3074,"loc":{"start":{"line":3074,"column":42},"end":{"line":3074,"column":54}}},"136":{"name":"(anonymous_136)","line":3087,"loc":{"start":{"line":3087,"column":52},"end":{"line":3087,"column":64}}},"137":{"name":"(anonymous_137)","line":3093,"loc":{"start":{"line":3093,"column":54},"end":{"line":3093,"column":66}}},"138":{"name":"(anonymous_138)","line":3103,"loc":{"start":{"line":3103,"column":47},"end":{"line":3103,"column":59}}},"139":{"name":"(anonymous_139)","line":3156,"loc":{"start":{"line":3156,"column":45},"end":{"line":3156,"column":57}}},"140":{"name":"(anonymous_140)","line":3166,"loc":{"start":{"line":3166,"column":47},"end":{"line":3166,"column":59}}},"141":{"name":"(anonymous_141)","line":3271,"loc":{"start":{"line":3271,"column":6},"end":{"line":3271,"column":32}}},"142":{"name":"assert","line":3277,"loc":{"start":{"line":3277,"column":1},"end":{"line":3277,"column":37}}},"143":{"name":"(anonymous_143)","line":3288,"loc":{"start":{"line":3288,"column":6},"end":{"line":3288,"column":32}}},"144":{"name":"(anonymous_144)","line":3344,"loc":{"start":{"line":3344,"column":6},"end":{"line":3344,"column":32}}},"145":{"name":"(anonymous_145)","line":3346,"loc":{"start":{"line":3346,"column":21},"end":{"line":3346,"column":33}}},"146":{"name":"ErrorHandler","line":3347,"loc":{"start":{"line":3347,"column":5},"end":{"line":3347,"column":29}}},"147":{"name":"(anonymous_147)","line":3352,"loc":{"start":{"line":3352,"column":42},"end":{"line":3352,"column":59}}},"148":{"name":"(anonymous_148)","line":3356,"loc":{"start":{"line":3356,"column":39},"end":{"line":3356,"column":56}}},"149":{"name":"(anonymous_149)","line":3365,"loc":{"start":{"line":3365,"column":45},"end":{"line":3365,"column":68}}},"150":{"name":"(anonymous_150)","line":3382,"loc":{"start":{"line":3382,"column":42},"end":{"line":3382,"column":83}}},"151":{"name":"(anonymous_151)","line":3391,"loc":{"start":{"line":3391,"column":41},"end":{"line":3391,"column":82}}},"152":{"name":"(anonymous_152)","line":3395,"loc":{"start":{"line":3395,"column":44},"end":{"line":3395,"column":85}}},"153":{"name":"(anonymous_153)","line":3412,"loc":{"start":{"line":3412,"column":6},"end":{"line":3412,"column":32}}},"154":{"name":"(anonymous_154)","line":3414,"loc":{"start":{"line":3414,"column":2},"end":{"line":3414,"column":19}}},"155":{"name":"(anonymous_155)","line":3443,"loc":{"start":{"line":3443,"column":6},"end":{"line":3443,"column":53}}},"156":{"name":"hexValue","line":3449,"loc":{"start":{"line":3449,"column":1},"end":{"line":3449,"column":23}}},"157":{"name":"octalValue","line":3452,"loc":{"start":{"line":3452,"column":1},"end":{"line":3452,"column":25}}},"158":{"name":"(anonymous_158)","line":3455,"loc":{"start":{"line":3455,"column":16},"end":{"line":3455,"column":28}}},"159":{"name":"Scanner","line":3456,"loc":{"start":{"line":3456,"column":5},"end":{"line":3456,"column":37}}},"160":{"name":"(anonymous_160)","line":3467,"loc":{"start":{"line":3467,"column":29},"end":{"line":3467,"column":41}}},"161":{"name":"(anonymous_161)","line":3471,"loc":{"start":{"line":3471,"column":46},"end":{"line":3471,"column":65}}},"162":{"name":"(anonymous_162)","line":3476,"loc":{"start":{"line":3476,"column":49},"end":{"line":3476,"column":61}}},"163":{"name":"(anonymous_163)","line":3481,"loc":{"start":{"line":3481,"column":47},"end":{"line":3481,"column":65}}},"164":{"name":"(anonymous_164)","line":3536,"loc":{"start":{"line":3536,"column":46},"end":{"line":3536,"column":58}}},"165":{"name":"(anonymous_165)","line":3603,"loc":{"start":{"line":3603,"column":38},"end":{"line":3603,"column":50}}},"166":{"name":"(anonymous_166)","line":3678,"loc":{"start":{"line":3678,"column":46},"end":{"line":3678,"column":60}}},"167":{"name":"(anonymous_167)","line":3690,"loc":{"start":{"line":3690,"column":50},"end":{"line":3690,"column":64}}},"168":{"name":"(anonymous_168)","line":3707,"loc":{"start":{"line":3707,"column":42},"end":{"line":3707,"column":56}}},"169":{"name":"(anonymous_169)","line":3712,"loc":{"start":{"line":3712,"column":35},"end":{"line":3712,"column":49}}},"170":{"name":"(anonymous_170)","line":3740,"loc":{"start":{"line":3740,"column":37},"end":{"line":3740,"column":50}}},"171":{"name":"(anonymous_171)","line":3752,"loc":{"start":{"line":3752,"column":39},"end":{"line":3752,"column":57}}},"172":{"name":"(anonymous_172)","line":3766,"loc":{"start":{"line":3766,"column":52},"end":{"line":3766,"column":64}}},"173":{"name":"(anonymous_173)","line":3786,"loc":{"start":{"line":3786,"column":39},"end":{"line":3786,"column":51}}},"174":{"name":"(anonymous_174)","line":3810,"loc":{"start":{"line":3810,"column":46},"end":{"line":3810,"column":58}}},"175":{"name":"(anonymous_175)","line":3866,"loc":{"start":{"line":3866,"column":40},"end":{"line":3866,"column":54}}},"176":{"name":"(anonymous_176)","line":3886,"loc":{"start":{"line":3886,"column":40},"end":{"line":3886,"column":52}}},"177":{"name":"(anonymous_177)","line":3919,"loc":{"start":{"line":3919,"column":40},"end":{"line":3919,"column":52}}},"178":{"name":"(anonymous_178)","line":4002,"loc":{"start":{"line":4002,"column":40},"end":{"line":4002,"column":57}}},"179":{"name":"(anonymous_179)","line":4026,"loc":{"start":{"line":4026,"column":43},"end":{"line":4026,"column":60}}},"180":{"name":"(anonymous_180)","line":4057,"loc":{"start":{"line":4057,"column":42},"end":{"line":4057,"column":67}}},"181":{"name":"(anonymous_181)","line":4091,"loc":{"start":{"line":4091,"column":48},"end":{"line":4091,"column":60}}},"182":{"name":"(anonymous_182)","line":4106,"loc":{"start":{"line":4106,"column":44},"end":{"line":4106,"column":56}}},"183":{"name":"(anonymous_183)","line":4177,"loc":{"start":{"line":4177,"column":43},"end":{"line":4177,"column":55}}},"184":{"name":"(anonymous_184)","line":4274,"loc":{"start":{"line":4274,"column":38},"end":{"line":4274,"column":50}}},"185":{"name":"(anonymous_185)","line":4399,"loc":{"start":{"line":4399,"column":36},"end":{"line":4399,"column":62}}},"186":{"name":"(anonymous_186)","line":4411,"loc":{"start":{"line":4411,"column":72},"end":{"line":4411,"column":94}}},"187":{"name":"(anonymous_187)","line":4441,"loc":{"start":{"line":4441,"column":40},"end":{"line":4441,"column":52}}},"188":{"name":"(anonymous_188)","line":4487,"loc":{"start":{"line":4487,"column":41},"end":{"line":4487,"column":53}}},"189":{"name":"(anonymous_189)","line":4531,"loc":{"start":{"line":4531,"column":36},"end":{"line":4531,"column":48}}},"190":{"name":"(anonymous_190)","line":4551,"loc":{"start":{"line":4551,"column":29},"end":{"line":4551,"column":41}}},"191":{"name":"(anonymous_191)","line":4605,"loc":{"start":{"line":4605,"column":6},"end":{"line":4605,"column":32}}},"192":{"name":"(anonymous_192)","line":4615,"loc":{"start":{"line":4615,"column":20},"end":{"line":4615,"column":34}}},"193":{"name":"(anonymous_193)","line":4621,"loc":{"start":{"line":4621,"column":19},"end":{"line":4621,"column":33}}},"194":{"name":"(anonymous_194)","line":4626,"loc":{"start":{"line":4626,"column":23},"end":{"line":4626,"column":37}}},"195":{"name":"(anonymous_195)","line":4630,"loc":{"start":{"line":4630,"column":24},"end":{"line":4630,"column":38}}},"196":{"name":"(anonymous_196)","line":4637,"loc":{"start":{"line":4637,"column":23},"end":{"line":4637,"column":37}}},"197":{"name":"(anonymous_197)","line":4646,"loc":{"start":{"line":4646,"column":21},"end":{"line":4646,"column":35}}},"198":{"name":"(anonymous_198)","line":4649,"loc":{"start":{"line":4649,"column":17},"end":{"line":4649,"column":31}}},"199":{"name":"(anonymous_199)","line":4654,"loc":{"start":{"line":4654,"column":19},"end":{"line":4654,"column":33}}},"200":{"name":"(anonymous_200)","line":4662,"loc":{"start":{"line":4662,"column":6},"end":{"line":4662,"column":53}}},"201":{"name":"(anonymous_201)","line":4665,"loc":{"start":{"line":4665,"column":24},"end":{"line":4665,"column":36}}},"202":{"name":"ArrayExpression","line":4666,"loc":{"start":{"line":4666,"column":5},"end":{"line":4666,"column":40}}},"203":{"name":"(anonymous_203)","line":4673,"loc":{"start":{"line":4673,"column":21},"end":{"line":4673,"column":33}}},"204":{"name":"ArrayPattern","line":4674,"loc":{"start":{"line":4674,"column":5},"end":{"line":4674,"column":37}}},"205":{"name":"(anonymous_205)","line":4681,"loc":{"start":{"line":4681,"column":32},"end":{"line":4681,"column":44}}},"206":{"name":"ArrowFunctionExpression","line":4682,"loc":{"start":{"line":4682,"column":5},"end":{"line":4682,"column":64}}},"207":{"name":"(anonymous_207)","line":4693,"loc":{"start":{"line":4693,"column":29},"end":{"line":4693,"column":41}}},"208":{"name":"AssignmentExpression","line":4694,"loc":{"start":{"line":4694,"column":5},"end":{"line":4694,"column":58}}},"209":{"name":"(anonymous_209)","line":4703,"loc":{"start":{"line":4703,"column":26},"end":{"line":4703,"column":38}}},"210":{"name":"AssignmentPattern","line":4704,"loc":{"start":{"line":4704,"column":5},"end":{"line":4704,"column":45}}},"211":{"name":"(anonymous_211)","line":4712,"loc":{"start":{"line":4712,"column":25},"end":{"line":4712,"column":37}}},"212":{"name":"BinaryExpression","line":4713,"loc":{"start":{"line":4713,"column":5},"end":{"line":4713,"column":54}}},"213":{"name":"(anonymous_213)","line":4723,"loc":{"start":{"line":4723,"column":23},"end":{"line":4723,"column":35}}},"214":{"name":"BlockStatement","line":4724,"loc":{"start":{"line":4724,"column":5},"end":{"line":4724,"column":35}}},"215":{"name":"(anonymous_215)","line":4731,"loc":{"start":{"line":4731,"column":23},"end":{"line":4731,"column":35}}},"216":{"name":"BreakStatement","line":4732,"loc":{"start":{"line":4732,"column":5},"end":{"line":4732,"column":36}}},"217":{"name":"(anonymous_217)","line":4739,"loc":{"start":{"line":4739,"column":23},"end":{"line":4739,"column":35}}},"218":{"name":"CallExpression","line":4740,"loc":{"start":{"line":4740,"column":5},"end":{"line":4740,"column":43}}},"219":{"name":"(anonymous_219)","line":4748,"loc":{"start":{"line":4748,"column":20},"end":{"line":4748,"column":32}}},"220":{"name":"CatchClause","line":4749,"loc":{"start":{"line":4749,"column":5},"end":{"line":4749,"column":39}}},"221":{"name":"(anonymous_221)","line":4757,"loc":{"start":{"line":4757,"column":18},"end":{"line":4757,"column":30}}},"222":{"name":"ClassBody","line":4758,"loc":{"start":{"line":4758,"column":5},"end":{"line":4758,"column":30}}},"223":{"name":"(anonymous_223)","line":4765,"loc":{"start":{"line":4765,"column":25},"end":{"line":4765,"column":37}}},"224":{"name":"ClassDeclaration","line":4766,"loc":{"start":{"line":4766,"column":5},"end":{"line":4766,"column":53}}},"225":{"name":"(anonymous_225)","line":4775,"loc":{"start":{"line":4775,"column":24},"end":{"line":4775,"column":36}}},"226":{"name":"ClassExpression","line":4776,"loc":{"start":{"line":4776,"column":5},"end":{"line":4776,"column":52}}},"227":{"name":"(anonymous_227)","line":4785,"loc":{"start":{"line":4785,"column":33},"end":{"line":4785,"column":45}}},"228":{"name":"ComputedMemberExpression","line":4786,"loc":{"start":{"line":4786,"column":5},"end":{"line":4786,"column":57}}},"229":{"name":"(anonymous_229)","line":4795,"loc":{"start":{"line":4795,"column":30},"end":{"line":4795,"column":42}}},"230":{"name":"ConditionalExpression","line":4796,"loc":{"start":{"line":4796,"column":5},"end":{"line":4796,"column":65}}},"231":{"name":"(anonymous_231)","line":4805,"loc":{"start":{"line":4805,"column":26},"end":{"line":4805,"column":38}}},"232":{"name":"ContinueStatement","line":4806,"loc":{"start":{"line":4806,"column":5},"end":{"line":4806,"column":39}}},"233":{"name":"(anonymous_233)","line":4813,"loc":{"start":{"line":4813,"column":26},"end":{"line":4813,"column":38}}},"234":{"name":"DebuggerStatement","line":4814,"loc":{"start":{"line":4814,"column":5},"end":{"line":4814,"column":34}}},"235":{"name":"(anonymous_235)","line":4820,"loc":{"start":{"line":4820,"column":18},"end":{"line":4820,"column":30}}},"236":{"name":"Directive","line":4821,"loc":{"start":{"line":4821,"column":5},"end":{"line":4821,"column":47}}},"237":{"name":"(anonymous_237)","line":4829,"loc":{"start":{"line":4829,"column":25},"end":{"line":4829,"column":37}}},"238":{"name":"DoWhileStatement","line":4830,"loc":{"start":{"line":4830,"column":5},"end":{"line":4830,"column":43}}},"239":{"name":"(anonymous_239)","line":4838,"loc":{"start":{"line":4838,"column":23},"end":{"line":4838,"column":35}}},"240":{"name":"EmptyStatement","line":4839,"loc":{"start":{"line":4839,"column":5},"end":{"line":4839,"column":31}}},"241":{"name":"(anonymous_241)","line":4845,"loc":{"start":{"line":4845,"column":29},"end":{"line":4845,"column":41}}},"242":{"name":"ExportAllDeclaration","line":4846,"loc":{"start":{"line":4846,"column":5},"end":{"line":4846,"column":43}}},"243":{"name":"(anonymous_243)","line":4853,"loc":{"start":{"line":4853,"column":33},"end":{"line":4853,"column":45}}},"244":{"name":"ExportDefaultDeclaration","line":4854,"loc":{"start":{"line":4854,"column":5},"end":{"line":4854,"column":52}}},"245":{"name":"(anonymous_245)","line":4861,"loc":{"start":{"line":4861,"column":31},"end":{"line":4861,"column":43}}},"246":{"name":"ExportNamedDeclaration","line":4862,"loc":{"start":{"line":4862,"column":5},"end":{"line":4862,"column":70}}},"247":{"name":"(anonymous_247)","line":4871,"loc":{"start":{"line":4871,"column":24},"end":{"line":4871,"column":36}}},"248":{"name":"ExportSpecifier","line":4872,"loc":{"start":{"line":4872,"column":5},"end":{"line":4872,"column":47}}},"249":{"name":"(anonymous_249)","line":4880,"loc":{"start":{"line":4880,"column":28},"end":{"line":4880,"column":40}}},"250":{"name":"ExpressionStatement","line":4881,"loc":{"start":{"line":4881,"column":5},"end":{"line":4881,"column":46}}},"251":{"name":"(anonymous_251)","line":4888,"loc":{"start":{"line":4888,"column":23},"end":{"line":4888,"column":35}}},"252":{"name
[...]
olumn":41},"end":{"line":4234,"column":55}},{"start":{"line":4234,"column":59},"end":{"line":4234,"column":64}}]},"649":{"line":4245,"type":"if","locations":[{"start":{"line":4245,"column":21},"end":{"line":4245,"column":21}},{"start":{"line":4245,"column":21},"end":{"line":4245,"column":21}}]},"650":{"line":4245,"type":"binary-expr","locations":[{"start":{"line":4245,"column":25},"end":{"line":4245,"column":36}},{"start":{"line":4245,"column":40},"end":{"line":4245,"column":72}}]},"651":{"line":4251,"type":"if","locations":[{"start":{"line":4251,"column":18},"end":{"line":4251,"column":18}},{"start":{"line":4251,"column":18},"end":{"line":4251,"column":18}}]},"652":{"line":4258,"type":"if","locations":[{"start":{"line":4258,"column":9},"end":{"line":4258,"column":9}},{"start":{"line":4258,"column":9},"end":{"line":4258,"column":9}}]},"653":{"line":4284,"type":"if","locations":[{"start":{"line":4284,"column":13},"end":{"line":4284,"column":13}},{"start":{"line":4284,"column":13},"end":{"line":4284,"column":13}}]},"654":{"line":4290,"type":"if","locations":[{"start":{"line":4290,"column":18},"end":{"line":4290,"column":18}},{"start":{"line":4290,"column":18},"end":{"line":4290,"column":18}}]},"655":{"line":4291,"type":"if","locations":[{"start":{"line":4291,"column":17},"end":{"line":4291,"column":17}},{"start":{"line":4291,"column":17},"end":{"line":4291,"column":17}}]},"656":{"line":4299,"type":"if","locations":[{"start":{"line":4299,"column":18},"end":{"line":4299,"column":18}},{"start":{"line":4299,"column":18},"end":{"line":4299,"column":18}}]},"657":{"line":4301,"type":"if","locations":[{"start":{"line":4301,"column":17},"end":{"line":4301,"column":17}},{"start":{"line":4301,"column":17},"end":{"line":4301,"column":17}}]},"658":{"line":4302,"type":"switch","locations":[{"start":{"line":4303,"column":25},"end":{"line":4305,"column":35}},{"start":{"line":4306,"column":25},"end":{"line":4308,"column":35}},{"start":{"line":4309,"column":25},"end":{"line":4311,"column":35}},{"start":{"line":4312,"column":25},"end":{"line":4312,"column":34}},{"start":{"line":4313,"column":25},"end":{"line":4329,"column":35}},{"start":{"line":4330,"column":25},"end":{"line":4332,"column":35}},{"start":{"line":4333,"column":25},"end":{"line":4335,"column":35}},{"start":{"line":4336,"column":25},"end":{"line":4338,"column":35}},{"start":{"line":4339,"column":25},"end":{"line":4354,"column":35}}]},"659":{"line":4314,"type":"if","locations":[{"start":{"line":4314,"column":29},"end":{"line":4314,"column":29}},{"start":{"line":4314,"column":29},"end":{"line":4314,"column":29}}]},"660":{"line":4321,"type":"if","locations":[{"start":{"line":4321,"column":33},"end":{"line":4321,"column":33}},{"start":{"line":4321,"column":33},"end":{"line":4321,"column":33}}]},"661":{"line":4340,"type":"if","locations":[{"start":{"line":4340,"column":29},"end":{"line":4340,"column":29}},{"start":{"line":4340,"column":29},"end":{"line":4340,"column":29}}]},"662":{"line":4341,"type":"if","locations":[{"start":{"line":4341,"column":33},"end":{"line":4341,"column":33}},{"start":{"line":4341,"column":33},"end":{"line":4341,"column":33}}]},"663":{"line":4347,"type":"if","locations":[{"start":{"line":4347,"column":34},"end":{"line":4347,"column":34}},{"start":{"line":4347,"column":34},"end":{"line":4347,"column":34}}]},"664":{"line":4359,"type":"if","locations":[{"start":{"line":4359,"column":21},"end":{"line":4359,"column":21}},{"start":{"line":4359,"column":21},"end":{"line":4359,"column":21}}]},"665":{"line":4359,"type":"binary-expr","locations":[{"start":{"line":4359,"column":25},"end":{"line":4359,"column":36}},{"start":{"line":4359,"column":40},"end":{"line":4359,"column":72}}]},"666":{"line":4365,"type":"if","locations":[{"start":{"line":4365,"column":18},"end":{"line":4365,"column":18}},{"start":{"line":4365,"column":18},"end":{"line":4365,"column":18}}]},"667":{"line":4367,"type":"if","locations":[{"start":{"line":4367,"column":17},"end":{"line":4367,"column":17}},{"start":{"line":4367,"column":17},"end":{"line":4367,"column":17}}]},"668":{"line":4367,"type":"binary-expr","locations":[{"start":{"line":4367,"column":21},"end":{"line":4367,"column":32}},{"start":{"line":4367,"column":36},"end":{"line":4367,"column":68}}]},"669":{"line":4377,"type":"if","locations":[{"start":{"line":4377,"column":9},"end":{"line":4377,"column":9}},{"start":{"line":4377,"column":9},"end":{"line":4377,"column":9}}]},"670":{"line":4380,"type":"if","locations":[{"start":{"line":4380,"column":9},"end":{"line":4380,"column":9}},{"start":{"line":4380,"column":9},"end":{"line":4380,"column":9}}]},"671":{"line":4409,"type":"if","locations":[{"start":{"line":4409,"column":9},"end":{"line":4409,"column":9}},{"start":{"line":4409,"column":9},"end":{"line":4409,"column":9}}]},"672":{"line":4412,"type":"binary-expr","locations":[{"start":{"line":4412,"column":42},"end":{"line":4412,"column":44}},{"start":{"line":4412,"column":48},"end":{"line":4412,"column":50}}]},"673":{"line":4413,"type":"if","locations":[{"start":{"line":4413,"column":17},"end":{"line":4413,"column":17}},{"start":{"line":4413,"column":17},"end":{"line":4413,"column":17}}]},"674":{"line":4416,"type":"if","locations":[{"start":{"line":4416,"column":17},"end":{"line":4416,"column":17}},{"start":{"line":4416,"column":17},"end":{"line":4416,"column":17}}]},"675":{"line":4450,"type":"if","locations":[{"start":{"line":4450,"column":13},"end":{"line":4450,"column":13}},{"start":{"line":4450,"column":13},"end":{"line":4450,"column":13}}]},"676":{"line":4453,"type":"if","locations":[{"start":{"line":4453,"column":17},"end":{"line":4453,"column":17}},{"start":{"line":4453,"column":17},"end":{"line":4453,"column":17}}]},"677":{"line":4458,"type":"if","locations":[{"start":{"line":4458,"column":18},"end":{"line":4458,"column":18}},{"start":{"line":4458,"column":18},"end":{"line":4458,"column":18}}]},"678":{"line":4461,"type":"if","locations":[{"start":{"line":4461,"column":18},"end":{"line":4461,"column":18}},{"start":{"line":4461,"column":18},"end":{"line":4461,"column":18}}]},"679":{"line":4462,"type":"if","locations":[{"start":{"line":4462,"column":17},"end":{"line":4462,"column":17}},{"start":{"line":4462,"column":17},"end":{"line":4462,"column":17}}]},"680":{"line":4467,"type":"if","locations":[{"start":{"line":4467,"column":17},"end":{"line":4467,"column":17}},{"start":{"line":4467,"column":17},"end":{"line":4467,"column":17}}]},"681":{"line":4471,"type":"if","locations":[{"start":{"line":4471,"column":22},"end":{"line":4471,"column":22}},{"start":{"line":4471,"column":22},"end":{"line":4471,"column":22}}]},"682":{"line":4476,"type":"if","locations":[{"start":{"line":4476,"column":9},"end":{"line":4476,"column":9}},{"start":{"line":4476,"column":9},"end":{"line":4476,"column":9}}]},"683":{"line":4492,"type":"if","locations":[{"start":{"line":4492,"column":13},"end":{"line":4492,"column":13}},{"start":{"line":4492,"column":13},"end":{"line":4492,"column":13}}]},"684":{"line":4496,"type":"if","locations":[{"start":{"line":4496,"column":13},"end":{"line":4496,"column":13}},{"start":{"line":4496,"column":13},"end":{"line":4496,"column":13}}]},"685":{"line":4496,"type":"binary-expr","locations":[{"start":{"line":4496,"column":17},"end":{"line":4496,"column":28}},{"start":{"line":4496,"column":32},"end":{"line":4496,"column":43}}]},"686":{"line":4498,"type":"if","locations":[{"start":{"line":4498,"column":17},"end":{"line":4498,"column":17}},{"start":{"line":4498,"column":17},"end":{"line":4498,"column":17}}]},"687":{"line":4502,"type":"if","locations":[{"start":{"line":4502,"column":21},"end":{"line":4502,"column":21}},{"start":{"line":4502,"column":21},"end":{"line":4502,"column":21}}]},"688":{"line":4552,"type":"if","locations":[{"start":{"line":4552,"column":9},"end":{"line":4552,"column":9}},{"start":{"line":4552,"column":9},"end":{"line":4552,"column":9}}]},"689":{"line":4562,"type":"if","locations":[{"start":{"line":4562,"column":9},"end":{"line":4562,"column":9}},{"start":{"line":4562,"column":9},"end":{"line":4562,"column":9}}]},"690":{"line":4566,"type":"if","locations":[{"start":{"line":4566,"column":9},"end":{"line":4566,"column":9}},{"start":{"line":4566,"column":9},"end":{"line":4566,"column":9}}]},"691":{"line":4566,"type":"binary-expr","locations":[{"start":{"line":4566,"column":13},"end":{"line":4566,"column":24}},{"start":{"line":4566,"column":28},"end":{"line":4566,"column":39}},{"start":{"line":4566,"column":43},"end":{"line":4566,"column":54}}]},"692":{"line":4570,"type":"if","locations":[{"start":{"line":4570,"column":9},"end":{"line":4570,"column":9}},{"start":{"line":4570,"column":9},"end":{"line":4570,"column":9}}]},"693":{"line":4570,"type":"binary-expr","locations":[{"start":{"line":4570,"column":13},"end":{"line":4570,"column":24}},{"start":{"line":4570,"column":28},"end":{"line":4570,"column":39}}]},"694":{"line":4575,"type":"if","locations":[{"start":{"line":4575,"column":9},"end":{"line":4575,"column":9}},{"start":{"line":4575,"column":9},"end":{"line":4575,"column":9}}]},"695":{"line":4576,"type":"if","locations":[{"start":{"line":4576,"column":13},"end":{"line":4576,"column":13}},{"start":{"line":4576,"column":13},"end":{"line":4576,"column":13}}]},"696":{"line":4581,"type":"if","locations":[{"start":{"line":4581,"column":9},"end":{"line":4581,"column":9}},{"start":{"line":4581,"column":9},"end":{"line":4581,"column":9}}]},"697":{"line":4586,"type":"if","locations":[{"start":{"line":4586,"column":9},"end":{"line":4586,"column":9}},{"start":{"line":4586,"column":9},"end":{"line":4586,"column":9}}]},"698":{"line":4586,"type":"binary-expr","locations":[{"start":{"line":4586,"column":13},"end":{"line":4586,"column":24}},{"start":{"line":4586,"column":29},"end":{"line":4586,"column":40}},{"start":{"line":4586,"column":44},"end":{"line":4586,"column":96}}]},"699":{"line":4590,"type":"if","locations":[{"start":{"line":4590,"column":9},"end":{"line":4590,"column":9}},{"start":{"line":4590,"column":9},"end":{"line":4590,"column":9}}]},"700":{"line":4590,"type":"binary-expr","locations":[{"start":{"line":4590,"column":13},"end":{"line":4590,"column":25}},{"start":{"line":4590,"column":29},"end":{"line":4590,"column":40}}]},"701":{"line":4591,"type":"if","locations":[{"start":{"line":4591,"column":13},"end":{"line":4591,"column":13}},{"start":{"line":4591,"column":13},"end":{"line":4591,"column":13}}]},"702":{"line":4616,"type":"cond-expr","locations":[{"start":{"line":4616,"column":33},"end":{"line":4616,"column":56}},{"start":{"line":4617,"column":13},"end":{"line":4618,"column":70}}]},"703":{"line":4622,"type":"binary-expr","locations":[{"start":{"line":4622,"column":17},"end":{"line":4622,"column":28}},{"start":{"line":4622,"column":34},"end":{"line":4622,"column":45}},{"start":{"line":4622,"column":51},"end":{"line":4622,"column":62}},{"start":{"line":4622,"column":68},"end":{"line":4622,"column":79}},{"start":{"line":4622,"column":85},"end":{"line":4622,"column":96}},{"start":{"line":4623,"column":14},"end":{"line":4623,"column":26}},{"start":{"line":4623,"column":30},"end":{"line":4623,"column":183}}]},"704":{"line":4627,"type":"binary-expr","locations":[{"start":{"line":4627,"column":17},"end":{"line":4627,"column":28}},{"start":{"line":4627,"column":34},"end":{"line":4627,"column":45}},{"start":{"line":4627,"column":51},"end":{"line":4627,"column":64}},{"start":{"line":4627,"column":70},"end":{"line":4627,"column":83}}]},"705":{"line":4631,"type":"binary-expr","locations":[{"start":{"line":4631,"column":17},"end":{"line":4631,"column":28}},{"start":{"line":4631,"column":34},"end":{"line":4631,"column":45}},{"start":{"line":4632,"column":14},"end":{"line":4632,"column":24}},{"start":{"line":4632,"column":28},"end":{"line":4632,"column":38}},{"start":{"line":4633,"column":14},"end":{"line":4633,"column":24}},{"start":{"line":4633,"column":28},"end":{"line":4633,"column":38}},{"start":{"line":4634,"column":14},"end":{"line":4634,"column":25}},{"start":{"line":4635,"column":15},"end":{"line":4635,"column":25}},{"start":{"line":4635,"column":30},"end":{"line":4635,"column":101}}]},"706":{"line":4638,"type":"binary-expr","locations":[{"start":{"line":4638,"column":17},"end":{"line":4638,"column":28}},{"start":{"line":4638,"column":34},"end":{"line":4638,"column":45}},{"start":{"line":4639,"column":14},"end":{"line":4639,"column":24}},{"start":{"line":4639,"column":28},"end":{"line":4639,"column":38}},{"start":{"line":4640,"column":14},"end":{"line":4640,"column":24}},{"start":{"line":4640,"column":28},"end":{"line":4640,"column":38}},{"start":{"line":4641,"column":14},"end":{"line":4641,"column":24}},{"start":{"line":4641,"column":28},"end":{"line":4641,"column":38}},{"start":{"line":4642,"column":14},"end":{"line":4642,"column":25}},{"start":{"line":4643,"column":15},"end":{"line":4643,"column":25}},{"start":{"line":4643,"column":30},"end":{"line":4643,"column":100}}]},"707":{"line":4647,"type":"binary-expr","locations":[{"start":{"line":4647,"column":17},"end":{"line":4647,"column":27}},{"start":{"line":4647,"column":31},"end":{"line":4647,"column":41}}]},"708":{"line":4650,"type":"binary-expr","locations":[{"start":{"line":4650,"column":17},"end":{"line":4650,"column":27}},{"start":{"line":4650,"column":31},"end":{"line":4650,"column":41}},{"start":{"line":4651,"column":14},"end":{"line":4651,"column":24}},{"start":{"line":4651,"column":28},"end":{"line":4651,"column":38}},{"start":{"line":4652,"column":14},"end":{"line":4652,"column":24}},{"start":{"line":4652,"column":28},"end":{"line":4652,"column":38}}]},"709":{"line":4655,"type":"binary-expr","locations":[{"start":{"line":4655,"column":17},"end":{"line":4655,"column":27}},{"start":{"line":4655,"column":31},"end":{"line":4655,"column":41}}]},"710":{"line":4714,"type":"binary-expr","locations":[{"start":{"line":4714,"column":24},"end":{"line":4714,"column":41}},{"start":{"line":4714,"column":45},"end":{"line":4714,"column":62}}]},"711":{"line":4715,"type":"cond-expr","locations":[{"start":{"line":4715,"column":31},"end":{"line":4715,"column":64}},{"start":{"line":4715,"column":67},"end":{"line":4715,"column":99}}]},"712":{"line":5309,"type":"switch","locations":[{"start":{"line":5310,"column":13},"end":{"line":5310,"column":25}},{"start":{"line":5311,"column":13},"end":{"line":5313,"column":23}},{"start":{"line":5314,"column":13},"end":{"line":5317,"column":23}},{"start":{"line":5318,"column":13},"end":{"line":5331,"column":18}}]},"713":{"line":5316,"type":"binary-expr","locations":[{"start":{"line":5316,"column":26},"end":{"line":5316,"column":40}},{"start":{"line":5316,"column":44},"end":{"line":5316,"column":61}},{"start":{"line":5316,"column":65},"end":{"line":5316,"column":80}},{"start":{"line":5316,"column":84},"end":{"line":5316,"column":100}}]},"714":{"line":5322,"type":"if","locations":[{"start":{"line":5322,"column":17},"end":{"line":5322,"column":17}},{"start":{"line":5322,"column":17},"end":{"line":5322,"column":17}}]},"715":{"line":5325,"type":"cond-expr","locations":[{"start":{"line":5325,"column":39},"end":{"line":5325,"column":78}},{"start":{"line":5325,"column":81},"end":{"line":5325,"column":86}}]},"716":{"line":5327,"type":"if","locations":[{"start":{"line":5327,"column":22},"end":{"line":5327,"column":22}},{"start":{"line":5327,"column":22},"end":{"line":5327,"column":22}}]},"717":{"line":5330,"type":"cond-expr","locations":[{"start":{"line":5330,"column":39},"end":{"line":5330,"column":78}},{"start":{"line":5330,"column":81},"end":{"line":5330,"column":85}}]},"718":{"line":5337,"type":"if","locations":[{"start":{"line":5337,"column":9},"end":{"line":5337,"column":9}},{"start":{"line":5337,"column":9},"end":{"line":5337,"column":9}}]},"719":{"line":5337,"type":"binary-expr","locations":[{"start":{"line":5337,"column":13},"end":{"line":5337,"column":52}},{"start":{"line":5337,"column":56},"end":{"line":5337,"column":92}}]},"720":{"line":5338,"type":"if","locations":[{"start":{"line":5338,"column":13},"end":{"line":5338,"column":13}},{"start":{"line":5338,"column":13},"end":{"line":5338,"column":13}}]},"721":{"line":5341,"type":"if","locations":[{"start":{"line":5341,"column":18},"end":{"line":5341,"column":18}},{"start":{"line":5341,"column":18},"end":{"line":5341,"column":18}}]},"722":{"line":5356,"type":"cond-expr","locations":[{"start":{"line":5356,"column":48},"end":{"line":5356,"column":103}},{"start":{"line":5356,"column":107},"end":{"line":5356,"column":112}}]},"723":{"line":5356,"type":"binary-expr","locations":[{"start":{"line":5356,"column":48},"end":{"line":5356,"column":84}},{"start":{"line":5356,"column":88},"end":{"line":5356,"column":103}}]},"724":{"line":5358,"type":"cond-expr","locations":[{"start":{"line":5358,"column":47},"end":{"line":5358,"column":100}},{"start":{"line":5358,"column":104},"end":{"line":5358,"column":109}}]},"725":{"line":5358,"type":"binary-expr","locations":[{"start":{"line":5358,"column":47},"end":{"line":5358,"column":82}},{"start":{"line":5358,"column":86},"end":{"line":5358,"column":100}}]},"726":{"line":5359,"type":"cond-expr","locations":[{"start":{"line":5359,"column":37},"end":{"line":5359,"column":86}},{"start":{"line":5359,"column":90},"end":{"line":5359,"column":95}}]},"727":{"line":5359,"type":"binary-expr","locations":[{"start":{"line":5359,"column":37},"end":{"line":5359,"column":70}},{"start":{"line":5359,"column":74},"end":{"line":5359,"column":86}}]},"728":{"line":5360,"type":"cond-expr","locations":[{"start":{"line":5360,"column":35},"end":{"line":5360,"column":80}},{"start":{"line":5360,"column":84},"end":{"line":5360,"column":89}}]},"729":{"line":5360,"type":"binary-expr","locations":[{"start":{"line":5360,"column":35},"end":{"line":5360,"column":66}},{"start":{"line":5360,"column":70},"end":{"line":5360,"column":80}}]},"730":{"line":5370,"type":"if","locations":[{"start":{"line":5370,"column":9},"end":{"line":5370,"column":9}},{"start":{"line":5370,"column":9},"end":{"line":5370,"column":9}}]},"731":{"line":5372,"type":"if","locations":[{"start":{"line":5372,"column":13},"end":{"line":5372,"column":13}},{"start":{"line":5372,"column":13},"end":{"line":5372,"column":13}}]},"732":{"line":5378,"type":"cond-expr","locations":[{"start":{"line":5378,"column":45},"end":{"line":5378,"column":59}},{"start":{"line":5378,"column":62},"end":{"line":5378,"column":75}}]},"733":{"line":5381,"type":"if","locations":[{"start":{"line":5381,"column":21},"end":{"line":5381,"column":21}},{"start":{"line":5381,"column":21},"end":{"line":5381,"column":21}}]},"734":{"line":5384,"type":"if","locations":[{"start":{"line":5384,"column":21},"end":{"line":5384,"column":21}},{"start":{"line":5384,"column":21},"end":{"line":5384,"column":21}}]},"735":{"line":5390,"type":"if","locations":[{"start":{"line":5390,"column":13},"end":{"line":5390,"column":13}},{"start":{"line":5390,"column":13},"end":{"line":5390,"column":13}}]},"736":{"line":5392,"type":"if","locations":[{"start":{"line":5392,"column":17},"end":{"line":5392,"column":17}},{"start":{"line":5392,"column":17},"end":{"line":5392,"column":17}}]},"737":{"line":5402,"type":"if","locations":[{"start":{"line":5402,"column":17},"end":{"line":5402,"column":17}},{"start":{"line":5402,"column":17},"end":{"line":5402,"column":17}}]},"738":{"line":5403,"type":"cond-expr","locations":[{"start":{"line":5403,"column":58},"end":{"line":5403,"column":83}},{"start":{"line":5403,"column":86},"end":{"line":5403,"column":115}}]},"739":{"line":5414,"type":"if","locations":[{"start":{"line":5414,"column":17},"end":{"line":5414,"column":17}},{"start":{"line":5414,"column":17},"end":{"line":5414,"column":17}}]},"740":{"line":5417,"type":"if","locations":[{"start":{"line":5417,"column":17},"end":{"line":5417,"column":17}},{"start":{"line":5417,"column":17},"end":{"line":5417,"column":17}}]},"741":{"line":5424,"type":"if","locations":[{"start":{"line":5424,"column":17},"end":{"line":5424,"column":17}},{"start":{"line":5424,"column":17},"end":{"line":5424,"column":17}}]}}}}