TN:
SF:/home/ubuntu/workspace/dist/esprima.js
FN:1,webpackUniversalModuleDefinition
FN:12,(anonymous_2)
FN:13,(anonymous_3)
FN:18,__webpack_require__
FN:58,(anonymous_5)
FN:86,parse
FN:88,(anonymous_7)
FN:127,tokenize
FN:160,(anonymous_9)
FN:163,(anonymous_10)
FN:164,CommentHandler
FN:171,(anonymous_12)
FN:189,(anonymous_13)
FN:211,(anonymous_14)
FN:246,(anonymous_15)
FN:264,(anonymous_16)
FN:294,(anonymous_17)
FN:312,(anonymous_18)
FN:385,(anonymous_19)
FN:395,(anonymous_20)
FN:396,Parser
FN:476,(anonymous_22)
FN:482,(anonymous_23)
FN:491,(anonymous_24)
FN:497,(anonymous_25)
FN:507,(anonymous_26)
FN:546,(anonymous_27)
FN:549,(anonymous_28)
FN:552,(anonymous_29)
FN:590,(anonymous_30)
FN:593,(anonymous_31)
FN:619,(anonymous_32)
FN:642,(anonymous_33)
FN:656,(anonymous_34)
FN:663,(anonymous_35)
FN:670,(anonymous_36)
FN:708,(anonymous_37)
FN:715,(anonymous_38)
FN:735,(anonymous_39)
FN:742,(anonymous_40)
FN:746,(anonymous_41)
FN:751,(anonymous_42)
FN:755,(anonymous_43)
FN:804,(anonymous_44)
FN:820,(anonymous_45)
FN:833,(anonymous_46)
FN:847,(anonymous_47)
FN:945,(anonymous_48)
FN:951,(anonymous_49)
FN:980,(anonymous_50)
FN:994,(anonymous_51)
FN:1004,(anonymous_52)
FN:1037,(anonymous_53)
FN:1041,(anonymous_54)
FN:1051,(anonymous_55)
FN:1129,(anonymous_56)
FN:1144,(anonymous_57)
FN:1154,(anonymous_58)
FN:1166,(anonymous_59)
FN:1180,(anonymous_60)
FN:1214,(anonymous_61)
FN:1320,(anonymous_62)
FN:1337,(anonymous_63)
FN:1343,(anonymous_64)
FN:1351,(anonymous_65)
FN:1375,(anonymous_66)
FN:1424,(anonymous_67)
FN:1432,(anonymous_68)
FN:1464,(anonymous_69)
FN:1485,(anonymous_70)
FN:1536,(anonymous_71)
FN:1550,(anonymous_72)
FN:1598,(anonymous_73)
FN:1616,(anonymous_74)
FN:1644,(anonymous_75)
FN:1700,(anonymous_76)
FN:1769,(anonymous_77)
FN:1787,(anonymous_78)
FN:1825,(anonymous_79)
FN:1839,(anonymous_80)
FN:1862,(anonymous_81)
FN:1870,(anonymous_82)
FN:1885,(anonymous_83)
FN:1894,(anonymous_84)
FN:1901,(anonymous_85)
FN:1926,(anonymous_86)
FN:1963,(anonymous_87)
FN:1976,(anonymous_88)
FN:1993,(anonymous_89)
FN:2007,(anonymous_90)
FN:2033,(anonymous_91)
FN:2053,(anonymous_92)
FN:2063,(anonymous_93)
FN:2071,(anonymous_94)
FN:2077,(anonymous_95)
FN:2084,(anonymous_96)
FN:2106,(anonymous_97)
FN:2123,(anonymous_98)
FN:2144,(anonymous_99)
FN:2287,(anonymous_100)
FN:2305,(anonymous_101)
FN:2323,(anonymous_102)
FN:2336,(anonymous_103)
FN:2349,(anonymous_104)
FN:2370,(anonymous_105)
FN:2399,(anonymous_106)
FN:2422,(anonymous_107)
FN:2433,(anonymous_108)
FN:2459,(anonymous_109)
FN:2463,(anonymous_110)
FN:2475,(anonymous_111)
FN:2482,(anonymous_112)
FN:2568,(anonymous_113)
FN:2593,(anonymous_114)
FN:2621,(anonymous_115)
FN:2637,(anonymous_116)
FN:2654,(anonymous_117)
FN:2678,(anonymous_118)
FN:2728,(anonymous_119)
FN:2779,(anonymous_120)
FN:2791,(anonymous_121)
FN:2820,(anonymous_122)
FN:2834,(anonymous_123)
FN:2851,(anonymous_124)
FN:2873,(anonymous_125)
FN:2885,(anonymous_126)
FN:2908,(anonymous_127)
FN:2989,(anonymous_128)
FN:3004,(anonymous_129)
FN:3009,(anonymous_130)
FN:3024,(anonymous_131)
FN:3041,(anonymous_132)
FN:3050,(anonymous_133)
FN:3060,(anonymous_134)
FN:3074,(anonymous_135)
FN:3087,(anonymous_136)
FN:3093,(anonymous_137)
FN:3103,(anonymous_138)
FN:3156,(anonymous_139)
FN:3166,(anonymous_140)
FN:3271,(anonymous_141)
FN:3277,assert
FN:3288,(anonymous_143)
FN:3344,(anonymous_144)
FN:3346,(anonymous_145)
FN:3347,ErrorHandler
FN:3352,(anonymous_147)
FN:3356,(anonymous_148)
FN:3365,(anonymous_149)
FN:3382,(anonymous_150)
FN:3391,(anonymous_151)
FN:3395,(anonymous_152)
FN:3412,(anonymous_153)
FN:3414,(anonymous_154)
FN:3443,(anonymous_155)
FN:3449,hexValue
FN:3452,octalValue
FN:3455,(anonymous_158)
FN:3456,Scanner
FN:3467,(anonymous_160)
FN:3471,(anonymous_161)
FN:3476,(anonymous_162)
FN:3481,(anonymous_163)
FN:3536,(anonymous_164)
FN:3603,(anonymous_165)
FN:3678,(anonymous_166)
FN:3690,(anonymous_167)
FN:3707,(anonymous_168)
FN:3712,(anonymous_169)
FN:3740,(anonymous_170)
FN:3752,(anonymous_171)
FN:3766,(anonymous_172)
FN:3786,(anonymous_173)
FN:3810,(anonymous_174)
FN:3866,(anonymous_175)
FN:3886,(anonymous_176)
FN:3919,(anonymous_177)
FN:4002,(anonymous_178)
FN:4026,(anonymous_179)
FN:4057,(anonymous_180)
FN:4091,(anonymous_181)
FN:4106,(anonymous_182)
FN:4177,(anonymous_183)
FN:4274,(anonymous_184)
FN:4399,(anonymous_185)
FN:4411,(anonymous_186)
FN:4441,(anonymous_187)
FN:4487,(anonymous_188)
FN:4531,(anonymous_189)
FN:4551,(anonymous_190)
FN:4605,(anonymous_191)
FN:4615,(anonymous_192)
FN:4621,(anonymous_193)
FN:4626,(anonymous_194)
FN:4630,(anonymous_195)
FN:4637,(anonymous_196)
FN:4646,(anonymous_197)
FN:4649,(anonymous_198)
FN:4654,(anonymous_199)
FN:4662,(anonymous_200)
FN:4665,(anonymous_201)
FN:4666,ArrayExpression
FN:4673,(anonymous_203)
FN:4674,ArrayPattern
FN:4681,(anonymous_205)
FN:4682,ArrowFunctionExpression
FN:4693,(anonymous_207)
FN:4694,AssignmentExpression
FN:4703,(anonymous_209)
FN:4704,AssignmentPattern
FN:4712,(anonymous_211)
FN:4713,BinaryExpression
FN:4723,(anonymous_213)
FN:4724,BlockStatement
FN:4731,(anonymous_215)
FN:4732,BreakStatement
FN:4739,(anonymous_217)
FN:4740,CallExpression
FN:4748,(anonymous_219)
FN:4749,CatchClause
FN:4757,(anonymous_221)
FN:4758,ClassBody
FN:4765,(anonymous_223)
FN:4766,ClassDeclaration
FN:4775,(anonymous_225)
FN:4776,ClassExpression
FN:4785,(anonymous_227)
FN:4786,ComputedMemberExpression
FN:4795,(anonymous_229)
FN:4796,ConditionalExpression
FN:4805,(anonymous_231)
FN:4806,ContinueStatement
FN:4813,(anonymous_233)
FN:4814,DebuggerStatement
FN:4820,(anonymous_235)
FN:4821,Directive
FN:4829,(anonymous_237)
FN:4830,DoWhileStatement
FN:4838,(anonymous_239)
FN:4839,EmptyStatement
FN:4845,(anonymous_241)
FN:4846,ExportAllDeclaration
FN:4853,(anonymous_243)
FN:4854,ExportDefaultDeclaration
FN:4861,(anonymous_245)
FN:4862,ExportNamedDeclaration
FN:4871,(anonymous_247)
FN:4872,ExportSpecifier
FN:4880,(anonymous_249)
FN:4881,ExpressionStatement
FN:4888,(anonymous_251)
FN:4889,ForInStatement
FN:4899,(anonymous_253)
FN:4900,ForOfStatement
FN:4909,(anonymous_255)
FN:4910,ForStatement
FN:4920,(anonymous_257)
FN:4921,FunctionDeclaration
FN:4932,(anonymous_259)
FN:4933,FunctionExpression
FN:4944,(anonymous_261)
FN:4945,Identifier
FN:4952,(anonymous_263)
FN:4953,IfStatement
FN:4962,(anonymous_265)
FN:4963,ImportDeclaration
FN:4971,(anonymous_267)
FN:4972,ImportDefaultSpecifier
FN:4979,(anonymous_269)
FN:4980,ImportNamespaceSpecifier
FN:4987,(anonymous_271)
FN:4988,ImportSpecifier
FN:4996,(anonymous_273)
FN:4997,LabeledStatement
FN:5005,(anonymous_275)
FN:5006,Literal
FN:5014,(anonymous_277)
FN:5015,MetaProperty
FN:5023,(anonymous_279)
FN:5024,MethodDefinition
FN:5035,(anonymous_281)
FN:5036,NewExpression
FN:5044,(anonymous_283)
FN:5045,ObjectExpression
FN:5052,(anonymous_285)
FN:5053,ObjectPattern
FN:5060,(anonymous_287)
FN:5061,Program
FN:5069,(anonymous_289)
FN:5070,Property
FN:5082,(anonymous_291)
FN:5083,RegexLiteral
FN:5092,(anonymous_293)
FN:5093,RestElement
FN:5100,(anonymous_295)
FN:5101,ReturnStatement
FN:5108,(anonymous_297)
FN:5109,SequenceExpression
FN:5116,(anonymous_299)
FN:5117,SpreadElement
FN:5124,(anonymous_301)
FN:5125,StaticMemberExpression
FN:5134,(anonymous_303)
FN:5135,Super
FN:5141,(anonymous_305)
FN:5142,SwitchCase
FN:5150,(anonymous_307)
FN:5151,SwitchStatement
FN:5159,(anonymous_309)
FN:5160,TaggedTemplateExpression
FN:5168,(anonymous_311)
FN:5169,TemplateElement
FN:5177,(anonymous_313)
FN:5178,TemplateLiteral
FN:5186,(anonymous_315)
FN:5187,ThisExpression
FN:5193,(anonymous_317)
FN:5194,ThrowStatement
FN:5201,(anonymous_319)
FN:5202,TryStatement
FN:5211,(anonymous_321)
FN:5212,UnaryExpression
FN:5221,(anonymous_323)
FN:5222,UpdateExpression
FN:5231,(anonymous_325)
FN:5232,VariableDeclaration
FN:5240,(anonymous_327)
FN:5241,VariableDeclarator
FN:5249,(anonymous_329)
FN:5250,WhileStatement
FN:5258,(anonymous_331)
FN:5259,WithStatement
FN:5267,(anonymous_333)
FN:5268,YieldExpression
FN:5280,(anonymous_335)
FN:5285,(anonymous_336)
FN:5286,Reader
FN:5292,(anonymous_338)
FN:5306,(anonymous_339)
FN:5336,(anonymous_340)
FN:5353,(anonymous_341)
FN:5354,Tokenizer
FN:5365,(anonymous_343)
FN:5369,(anonymous_344)
FNF:344
FNH:344
FNDA:1,webpackUniversalModuleDefinition
FNDA:1,(anonymous_2)
FNDA:1,(anonymous_3)
FNDA:21,__webpack_require__
FNDA:1,(anonymous_5)
FNDA:13836,parse
FNDA:49713,(anonymous_7)
FNDA:247,tokenize
FNDA:1,(anonymous_9)
FNDA:1,(anonymous_10)
FNDA:3865,CommentHandler
FNDA:760,(anonymous_12)
FNDA:760,(anonymous_13)
FNDA:760,(anonymous_14)
FNDA:920,(anonymous_15)
FNDA:637,(anonymous_16)
FNDA:22371,(anonymous_17)
FNDA:1,(anonymous_18)
FNDA:1,(anonymous_19)
FNDA:1,(anonymous_20)
FNDA:13836,Parser
FNDA:156,(anonymous_22)
FNDA:68,(anonymous_23)
FNDA:273,(anonymous_24)
FNDA:4,(anonymous_25)
FNDA:1487,(anonymous_26)
FNDA:884,(anonymous_27)
FNDA:603,(anonymous_28)
FNDA:114033,(anonymous_29)
FNDA:36246,(anonymous_30)
FNDA:27487,(anonymous_31)
FNDA:113272,(anonymous_32)
FNDA:317,(anonymous_33)
FNDA:89131,(anonymous_34)
FNDA:8148,(anonymous_35)
FNDA:86101,(anonymous_36)
FNDA:43919,(anonymous_37)
FNDA:967,(anonymous_38)
FNDA:8355,(anonymous_39)
FNDA:306746,(anonymous_40)
FNDA:88635,(anonymous_41)
FNDA:1147,(anonymous_42)
FNDA:21480,(anonymous_43)
FNDA:22755,(anonymous_44)
FNDA:108625,(anonymous_45)
FNDA:12058,(anonymous_46)
FNDA:25246,(anonymous_47)
FNDA:347,(anonymous_48)
FNDA:1455,(anonymous_49)
FNDA:1513,(anonymous_50)
FNDA:727,(anonymous_51)
FNDA:2210,(anonymous_52)
FNDA:1671,(anonymous_53)
FNDA:1145,(anonymous_54)
FNDA:2176,(anonymous_55)
FNDA:1646,(anonymous_56)
FNDA:199,(anonymous_57)
FNDA:59,(anonymous_58)
FNDA:199,(anonymous_59)
FNDA:4351,(anonymous_60)
FNDA:2284,(anonymous_61)
FNDA:1391,(anonymous_62)
FNDA:1651,(anonymous_63)
FNDA:1587,(anonymous_64)
FNDA:474,(anonymous_65)
FNDA:25470,(anonymous_66)
FNDA:21,(anonymous_67)
FNDA:360,(anonymous_68)
FNDA:25292,(anonymous_69)
FNDA:25612,(anonymous_70)
FNDA:24288,(anonymous_71)
FNDA:23266,(anonymous_72)
FNDA:23266,(anonymous_73)
FNDA:1502,(anonymous_74)
FNDA:782,(anonymous_75)
FNDA:23558,(anonymous_76)
FNDA:12236,(anonymous_77)
FNDA:16038,(anonymous_78)
FNDA:1434,(anonymous_79)
FNDA:952,(anonymous_80)
FNDA:776,(anonymous_81)
FNDA:444,(anonymous_82)
FNDA:500,(anonymous_83)
FNDA:31,(anonymous_84)
FNDA:421,(anonymous_85)
FNDA:433,(anonymous_86)
FNDA:365,(anonymous_87)
FNDA:4773,(anonymous_88)
FNDA:1771,(anonymous_89)
FNDA:6967,(anonymous_90)
FNDA:1800,(anonymous_91)
FNDA:1560,(anonymous_92)
FNDA:1343,(anonymous_93)
FNDA:629,(anonymous_94)
FNDA:4611,(anonymous_95)
FNDA:229,(anonymous_96)
FNDA:110,(anonymous_97)
FNDA:411,(anonymous_98)
FNDA:871,(anonymous_99)
FNDA:164,(anonymous_100)
FNDA:262,(anonymous_101)
FNDA:234,(anonymous_102)
FNDA:102,(anonymous_103)
FNDA:114,(anonymous_104)
FNDA:114,(anonymous_105)
FNDA:4456,(anonymous_106)
FNDA:114,(anonymous_107)
FNDA:254,(anonymous_108)
FNDA:34,(anonymous_109)
FNDA:275,(anonymous_110)
FNDA:34,(anonymous_111)
FNDA:14923,(anonymous_112)
FNDA:3732,(anonymous_113)
FNDA:2080,(anonymous_114)
FNDA:176,(anonymous_115)
FNDA:1297,(anonymous_116)
FNDA:2981,(anonymous_117)
FNDA:1415,(anonymous_118)
FNDA:774,(anonymous_119)
FNDA:1206,(anonymous_120)
FNDA:17296,(anonymous_121)
FNDA:3058,(anonymous_122)
FNDA:339,(anonymous_123)
FNDA:306,(anonymous_124)
FNDA:153,(anonymous_125)
FNDA:292,(anonymous_126)
FNDA:668,(anonymous_127)
FNDA:663,(anonymous_128)
FNDA:663,(anonymous_129)
FNDA:582,(anonymous_130)
FNDA:93,(anonymous_131)
FNDA:13564,(anonymous_132)
FNDA:184,(anonymous_133)
FNDA:116,(anonymous_134)
FNDA:96,(anonymous_135)
FNDA:60,(anonymous_136)
FNDA:24,(anonymous_137)
FNDA:176,(anonymous_138)
FNDA:148,(anonymous_139)
FNDA:280,(anonymous_140)
FNDA:1,(anonymous_141)
FNDA:8992,assert
FNDA:1,(anonymous_143)
FNDA:1,(anonymous_144)
FNDA:1,(anonymous_145)
FNDA:14083,ErrorHandler
FNDA:380,(anonymous_147)
FNDA:622,(anonymous_148)
FNDA:2324,(anonymous_149)
FNDA:2324,(anonymous_150)
FNDA:319,(anonymous_151)
FNDA:362,(anonymous_152)
FNDA:1,(anonymous_153)
FNDA:1,(anonymous_154)
FNDA:1,(anonymous_155)
FNDA:2016,hexValue
FNDA:395,octalValue
FNDA:1,(anonymous_158)
FNDA:14083,Scanner
FNDA:442815,(anonymous_160)
FNDA:319,(anonymous_161)
FNDA:89,(anonymous_162)
FNDA:449,(anonymous_163)
FNDA:973,(anonymous_164)
FNDA:115222,(anonymous_165)
FNDA:164,(anonymous_166)
FNDA:6486,(anonymous_167)
FNDA:3872,(anonymous_168)
FNDA:21549,(anonymous_169)
FNDA:914,(anonymous_170)
FNDA:260,(anonymous_171)
FNDA:305,(anonymous_172)
FNDA:35336,(anonymous_173)
FNDA:312,(anonymous_174)
FNDA:208,(anonymous_175)
FNDA:35496,(anonymous_176)
FNDA:59458,(anonymous_177)
FNDA:144,(anonymous_178)
FNDA:142,(anonymous_179)
FNDA:245,(anonymous_180)
FNDA:128,(anonymous_181)
FNDA:5021,(anonymous_182)
FNDA:1871,(anonymous_183)
FNDA:270,(anonymous_184)
FNDA:389,(anonymous_185)
FNDA:199,(anonymous_186)
FNDA:444,(anonymous_187)
FNDA:401,(anonymous_188)
FNDA:444,(anonymous_189)
FNDA:114430,(anonymous_190)
FNDA:1,(anonymous_191)
FNDA:1584,(anonymous_192)
FNDA:154306,(anonymous_193)
FNDA:143873,(anonymous_194)
FNDA:107017,(anonymous_195)
FNDA:117069,(anonymous_196)
FNDA:53494,(anonymous_197)
FNDA:2684,(anonymous_198)
FNDA:2563,(anonymous_199)
FNDA:1,(anonymous_200)
FNDA:1,(anonymous_201)
FNDA:1443,ArrayExpression
FNDA:1,(anonymous_203)
FNDA:409,ArrayPattern
FNDA:1,(anonymous_205)
FNDA:714,ArrowFunctionExpression
FNDA:1,(anonymous_207)
FNDA:1960,AssignmentExpression
FNDA:1,(anonymous_209)
FNDA:331,AssignmentPattern
FNDA:1,(anonymous_211)
FNDA:2010,BinaryExpression
FNDA:1,(anonymous_213)
FNDA:4770,BlockStatement
FNDA:1,(anonymous_215)
FNDA:238,BreakStatement
FNDA:1,(anonymous_217)
FNDA:1172,CallExpression
FNDA:1,(anonymous_219)
FNDA:214,CatchClause
FNDA:1,(anonymous_221)
FNDA:591,ClassBody
FNDA:1,(anonymous_223)
FNDA:498,ClassDeclaration
FNDA:1,(anonymous_225)
FNDA:93,ClassExpression
FNDA:1,(anonymous_227)
FNDA:246,ComputedMemberExpression
FNDA:1,(anonymous_229)
FNDA:51,ConditionalExpression
FNDA:1,(anonymous_231)
FNDA:136,ContinueStatement
FNDA:1,(anonymous_233)
FNDA:34,DebuggerStatement
FNDA:1,(anonymous_235)
FNDA:1160,Directive
FNDA:1,(anonymous_237)
FNDA:102,DoWhileStatement
FNDA:1,(anonymous_239)
FNDA:654,EmptyStatement
FNDA:1,(anonymous_241)
FNDA:8,ExportAllDeclaration
FNDA:1,(anonymous_243)
FNDA:64,ExportDefaultDeclaration
FNDA:1,(anonymous_245)
FNDA:160,ExportNamedDeclaration
FNDA:1,(anonymous_247)
FNDA:148,ExportSpecifier
FNDA:1,(anonymous_249)
FNDA:8155,ExpressionStatement
FNDA:1,(anonymous_251)
FNDA:299,ForInStatement
FNDA:1,(anonymous_253)
FNDA:209,ForOfStatement
FNDA:1,(anonymous_255)
FNDA:243,ForStatement
FNDA:1,(anonymous_257)
FNDA:971,FunctionDeclaration
FNDA:1,(anonymous_259)
FNDA:2131,FunctionExpression
FNDA:1,(anonymous_261)
FNDA:22808,Identifier
FNDA:1,(anonymous_263)
FNDA:209,IfStatement
FNDA:1,(anonymous_265)
FNDA:120,ImportDeclaration
FNDA:1,(anonymous_267)
FNDA:60,ImportDefaultSpecifier
FNDA:1,(anonymous_269)
FNDA:20,ImportNamespaceSpecifier
FNDA:1,(anonymous_271)
FNDA:116,ImportSpecifier
FNDA:1,(anonymous_273)
FNDA:170,LabeledStatement
FNDA:1,(anonymous_275)
FNDA:7330,Literal
FNDA:1,(anonymous_277)
FNDA:102,MetaProperty
FNDA:1,(anonymous_279)
FNDA:608,MethodDefinition
FNDA:1,(anonymous_281)
FNDA:344,NewExpression
FNDA:1,(anonymous_283)
FNDA:1498,ObjectExpression
FNDA:1,(anonymous_285)
FNDA:349,ObjectPattern
FNDA:1,(anonymous_287)
FNDA:11901,Program
FNDA:1,(anonymous_289)
FNDA:2477,Property
FNDA:1,(anonymous_291)
FNDA:265,RegexLiteral
FNDA:1,(anonymous_293)
FNDA:175,RestElement
FNDA:1,(anonymous_295)
FNDA:226,ReturnStatement
FNDA:1,(anonymous_297)
FNDA:223,SequenceExpression
FNDA:1,(anonymous_299)
FNDA:331,SpreadElement
FNDA:1,(anonymous_301)
FNDA:561,StaticMemberExpression
FNDA:1,(anonymous_303)
FNDA:106,Super
FNDA:1,(anonymous_305)
FNDA:110,SwitchCase
FNDA:1,(anonymous_307)
FNDA:102,SwitchStatement
FNDA:1,(anonymous_309)
FNDA:72,TaggedTemplateExpression
FNDA:1,(anonymous_311)
FNDA:250,TemplateElement
FNDA:1,(anonymous_313)
FNDA:191,TemplateLiteral
FNDA:1,(anonymous_315)
FNDA:80,ThisExpression
FNDA:1,(anonymous_317)
FNDA:102,ThrowStatement
FNDA:1,(anonymous_319)
FNDA:231,TryStatement
FNDA:1,(anonymous_321)
FNDA:140,UnaryExpression
FNDA:1,(anonymous_323)
FNDA:409,UpdateExpression
FNDA:1,(anonymous_325)
FNDA:2008,VariableDeclaration
FNDA:1,(anonymous_327)
FNDA:2440,VariableDeclarator
FNDA:1,(anonymous_329)
FNDA:379,WhileStatement
FNDA:1,(anonymous_331)
FNDA:90,WithStatement
FNDA:1,(anonymous_333)
FNDA:284,YieldExpression
FNDA:1,(anonymous_335)
FNDA:1,(anonymous_336)
FNDA:247,Reader
FNDA:24,(anonymous_338)
FNDA:211,(anonymous_339)
FNDA:930,(anonymous_340)
FNDA:1,(anonymous_341)
FNDA:247,Tokenizer
FNDA:200,(anonymous_343)
FNDA:1195,(anonymous_344)
DA:1,1
DA:3,1
DA:4,1
DA:5,1
DA:6,1
DA:8,1
DA:9,1
DA:11,1
DA:13,1
DA:15,1
DA:18,1
DA:22,21
DA:23,9
DA:26,12
DA:33,12
DA:36,12
DA:39,12
DA:44,1
DA:47,1
DA:50,1
DA:53,1
DA:83,1
DA:84,1
DA:85,1
DA:86,1
DA:87,13836
DA:88,13836
DA:89,49713
DA:90,46600
DA:92,49713
DA:93,22371
DA:96,13836
DA:97,13836
DA:98,13132
DA:99,13132
DA:100,13132
DA:101,3865
DA:102,3865
DA:103,3865
DA:104,3865
DA:107,13836
DA:108,13564
DA:109,11901
DA:110,2919
DA:112,11901
DA:113,3648
DA:115,11901
DA:116,320
DA:118,11901
DA:119,0
DA:124,11901
DA:126,1
DA:127,1
DA:128,247
DA:129,247
DA:130,247
DA:131,247
DA:132,247
DA:133,1195
DA:134,1176
DA:135,228
DA:137,948
DA:138,160
DA:140,948
DA:144,19
DA:146,238
DA:147,200
DA:149,238
DA:151,1
DA:152,1
DA:153,1
DA:155,1
DA:162,1
DA:163,1
DA:164,1
DA:165,3865
DA:166,3865
DA:167,3865
DA:168,3865
DA:169,3865
DA:171,1
DA:174,760
DA:175,25
DA:176,25
DA:177,10
DA:178,10
DA:179,5
DA:180,5
DA:181,5
DA:184,25
DA:185,5
DA:189,1
DA:190,760
DA:191,760
DA:192,180
DA:193,205
DA:194,205
DA:195,60
DA:198,180
DA:199,180
DA:201,580
DA:202,580
DA:203,50
DA:204,50
DA:205,10
DA:206,10
DA:209,580
DA:211,1
DA:212,760
DA:213,760
DA:214,760
DA:215,905
DA:216,905
DA:217,590
DA:220,315
DA:223,760
DA:224,415
DA:225,415
DA:226,250
DA:227,250
DA:228,210
DA:229,210
DA:232,415
DA:233,195
DA:235,415
DA:237,345
DA:238,185
DA:239,185
DA:240,155
DA:241,155
DA:244,345
DA:246,1
DA:247,920
DA:248,160
DA:250,760
DA:251,760
DA:252,760
DA:253,760
DA:254,345
DA:256,760
DA:257,60
DA:259,760
DA:264,1
DA:265,637
DA:266,637
DA:270,637
DA:271,280
DA:273,637
DA:274,250
DA:276,637
DA:277,637
DA:278,210
DA:286,210
DA:287,58
DA:289,210
DA:290,210
DA:291,210
DA:294,1
DA:295,22371
DA:296,206
DA:298,22165
DA:299,431
DA:301,21734
DA:302,920
DA:305,1
DA:307,1
DA:314,1
DA:387,1
DA:388,1
DA:389,1
DA:390,1
DA:391,1
DA:392,1
DA:393,1
DA:394,1
DA:395,1
DA:396,1
DA:397,13836
DA:398,13836
DA:407,13836
DA:408,4
DA:410,13836
DA:411,13836
DA:412,13836
DA:413,13836
DA:414,13836
DA:415,13836
DA:443,13836
DA:444,13836
DA:445,13836
DA:446,13836
DA:458,13836
DA:459,13836
DA:464,13836
DA:469,13836
DA:470,13564
DA:476,1
DA:477,156
DA:478,156
DA:479,88
DA:481,156
DA:482,156
DA:483,68
DA:484,68
DA:486,156
DA:487,156
DA:488,156
DA:489,156
DA:491,1
DA:492,273
DA:493,273
DA:494,4
DA:496,273
DA:497,273
DA:498,4
DA:499,4
DA:501,273
DA:502,273
DA:503,273
DA:504,273
DA:507,1
DA:508,1487
DA:509,1487
DA:510,1487
DA:511,1467
DA:512,824
DA:518,824
DA:519,164
DA:520,12
DA:522,152
DA:523,56
DA:527,1467
DA:530,20
DA:532,1487
DA:533,1487
DA:534,1435
DA:535,1435
DA:536,1435
DA:537,1435
DA:540,52
DA:541,52
DA:542,52
DA:543,52
DA:546,1
DA:547,884
DA:549,1
DA:550,603
DA:552,1
DA:553,114033
DA:554,83726
DA:557,30307
DA:558,30295
DA:559,574
DA:560,637
DA:561,637
DA:562,637
DA:566,637
DA:567,280
DA:569,637
DA:570,250
DA:572,637
DA:584,637
DA:590,1
DA:591,36246
DA:593,1
DA:594,27487
DA:595,27487
DA:599,27487
DA:600,11648
DA:602,27487
DA:603,11506
DA:614,27487
DA:615,79
DA:617,27487
DA:619,1
DA:620,113272
DA:621,113272
DA:622,113272
DA:623,113272
DA:624,113272
DA:625,113248
DA:626,113248
DA:627,113248
DA:628,113248
DA:629,113248
DA:630,112980
DA:631,112980
DA:632,3344
DA:633,333
DA:636,112980
DA:637,112980
DA:638,27408
DA:640,112980
DA:642,1
DA:643,317
DA:644,317
DA:645,265
DA:648,79
DA:649,79
DA:652,265
DA:653,265
DA:654,265
DA:656,1
DA:657,89131
DA:663,1
DA:664,8148
DA:670,1
DA:671,86101
DA:672,34103
DA:674,86101
DA:675,33987
DA:685,33987
DA:686,36
DA:689,86101
DA:690,49076
DA:702,49076
DA:704,86101
DA:708,1
DA:709,43919
DA:710,43919
DA:711,156
DA:715,1
DA:716,967
DA:717,85
DA:718,85
DA:719,10
DA:721,75
DA:722,5
DA:723,5
DA:726,70
DA:730,882
DA:735,1
DA:736,8355
DA:737,8347
DA:738,4
DA:742,1
DA:743,306746
DA:746,1
DA:747,88635
DA:751,1
DA:752,1147
DA:755,1
DA:756,21480
DA:757,7185
DA:759,14295
DA:760,14295
DA:804,1
DA:805,22755
DA:806,22755
DA:807,22755
DA:808,22755
DA:809,22755
DA:810,22755
DA:811,22755
DA:812,21879
DA:813,4
DA:815,21875
DA:816,21875
DA:817,21875
DA:818,21875
DA:820,1
DA:821,108625
DA:822,108625
DA:823,108625
DA:824,108625
DA:825,108625
DA:826,108625
DA:827,108625
DA:828,103941
DA:829,103941
DA:830,103941
DA:831,103941
DA:833,1
DA:834,12058
DA:835,3819
DA:837,8239
DA:838,6711
DA:839,56
DA:841,6655
DA:842,6655
DA:843,6655
DA:847,1
DA:848,25246
DA:849,25246
DA:850,25246
DA:851,25246
DA:853,11130
DA:854,9
DA:856,11126
DA:857,11122
DA:860,6105
DA:861,21
DA:863,6089
DA:864,6089
DA:865,6089
DA:866,6089
DA:867,6089
DA:868,6089
DA:870,537
DA:871,537
DA:872,537
DA:873,537
DA:874,537
DA:875,537
DA:876,537
DA:878,253
DA:879,253
DA:880,253
DA:881,253
DA:882,253
DA:883,253
DA:884,253
DA:886,127
DA:887,119
DA:889,5778
DA:890,5778
DA:892,2284
DA:893,2284
DA:894,1936
DA:896,1447
DA:897,1435
DA:899,1638
DA:900,1490
DA:903,317
DA:904,317
DA:905,317
DA:906,317
DA:907,265
DA:908,265
DA:909,265
DA:911,92
DA:913,5126
DA:915,1300
DA:916,148
DA:918,1152
DA:919,157
DA:922,995
DA:923,995
DA:924,995
DA:925,774
DA:927,221
DA:928,80
DA:929,80
DA:931,141
DA:932,85
DA:935,56
DA:938,1104
DA:940,16
DA:942,24350
DA:945,1
DA:946,347
DA:947,347
DA:948,347
DA:949,331
DA:951,1
DA:952,1455
DA:953,1455
DA:954,1455
DA:955,1455
DA:956,1662
DA:957,140
DA:958,140
DA:960,1522
DA:961,93
DA:962,93
DA:963,4
DA:964,4
DA:965,4
DA:967,93
DA:970,1429
DA:971,1417
DA:972,352
DA:976,1443
DA:977,1443
DA:980,1
DA:981,1513
DA:982,1513
DA:983,1513
DA:984,1513
DA:985,1505
DA:986,10
DA:988,1505
DA:989,18
DA:991,1497
DA:992,1497
DA:994,1
DA:995,727
DA:996,727
DA:997,727
DA:998,727
DA:999,727
DA:1000,723
DA:1001,715
DA:1002,715
DA:1004,1
DA:1005,2210
DA:1006,2210
DA:1007,2210
DA:1008,2210
DA:1011,283
DA:1012,13
DA:1014,275
DA:1015,275
DA:1016,275
DA:1021,1632
DA:1022,1632
DA:1024,283
DA:1025,271
DA:1026,267
DA:1029,12
DA:1031,255
DA:1033,12
DA:1035,2162
DA:1037,1
DA:1038,1671
DA:1041,1
DA:1042,1145
DA:1043,266
DA:1044,48
DA:1047,218
DA:1051,1
DA:1052,2176
DA:1053,2176
DA:1054,2176
DA:1055,2176
DA:1056,2176
DA:1057,2176
DA:1058,2176
DA:1059,2176
DA:1060,2176
DA:1061,1618
DA:1062,1618
DA:1064,558
DA:1065,127
DA:1068,431
DA:1069,431
DA:1071,2148
DA:1072,2148
DA:1073,305
DA:1074,305
DA:1075,305
DA:1076,301
DA:1077,301
DA:1079,1843
DA:1080,268
DA:1081,268
DA:1082,268
DA:1083,268
DA:1085,1575
DA:1086,123
DA:1087,123
DA:1088,123
DA:1089,119
DA:1090,119
DA:1093,1452
DA:1094,4
DA:1096,1448
DA:1097,1448
DA:1098,982
DA:1099,880
DA:1101,946
DA:1102,946
DA:1104,466
DA:1105,197
DA:1106,197
DA:1108,269
DA:1109,265
DA:1110,253
DA:1111,253
DA:1112,89
DA:1113,89
DA:1114,89
DA:1115,89
DA:1116,89
DA:1119,164
DA:1120,164
DA:1124,4
DA:1127,2056
DA:1129,1
DA:1130,1646
DA:1131,1646
DA:1132,1646
DA:1133,1646
DA:1134,1646
DA:1135,2176
DA:1136,2056
DA:1137,712
DA:1140,1498
DA:1141,1498
DA:1144,1
DA:1145,199
DA:1146,199
DA:1147,199
DA:1148,199
DA:1152,199
DA:1154,1
DA:1155,59
DA:1156,8
DA:1158,51
DA:1159,51
DA:1160,51
DA:1164,51
DA:1166,1
DA:1167,199
DA:1168,199
DA:1169,199
DA:1170,199
DA:1171,199
DA:1172,199
DA:1173,59
DA:1174,59
DA:1175,51
DA:1177,191
DA:1180,1
DA:1181,4351
DA:1186,2952
DA:1188,89
DA:1189,89
DA:1190,89
DA:1192,960
DA:1193,960
DA:1194,1223
DA:1195,1138
DA:1198,960
DA:1200,170
DA:1201,170
DA:1202,323
DA:1204,170
DA:1206,140
DA:1207,140
DA:1208,140
DA:1211,40
DA:1214,1
DA:1215,2284
DA:1216,2284
DA:1217,2284
DA:1218,84
DA:1219,84
DA:1220,12
DA:1222,72
DA:1228,2200
DA:1229,2200
DA:1230,2200
DA:1231,25
DA:1232,21
DA:1233,21
DA:1234,4
DA:1236,17
DA:1242,2175
DA:1243,2175
DA:1244,2175
DA:1245,1903
DA:1246,184
DA:1247,184
DA:1248,184
DA:1249,184
DA:1250,381
DA:1251,155
DA:1253,226
DA:1254,226
DA:1255,29
DA:1256,4
DA:1258,25
DA:1259,21
DA:1260,21
DA:1261,4
DA:1263,17
DA:1264,17
DA:1265,51
DA:1267,17
DA:1268,17
DA:1274,197
DA:1276,214
DA:1277,17
DA:1280,172
DA:1281,155
DA:1284,1891
DA:1285,1874
DA:1286,1866
DA:1287,543
DA:1288,17
DA:1289,17
DA:1294,543
DA:1295,526
DA:1296,36
DA:1298,490
DA:1299,126
DA:1300,260
DA:1304,364
DA:1306,490
DA:1307,490
DA:1313,1830
DA:1317,1936
DA:1320,1
DA:1321,1391
DA:1322,1391
DA:1323,1391
DA:1324,600
DA:1325,855
DA:1327,827
DA:1328,827
DA:1329,572
DA:1331,255
DA:1334,1363
DA:1335,1363
DA:1337,1
DA:1338,1651
DA:1343,1
DA:1344,1587
DA:1345,1587
DA:1346,1587
DA:1347,4
DA:1349,1583
DA:1351,1
DA:1352,474
DA:1353,474
DA:1354,474
DA:1355,474
DA:1356,474
DA:1357,114
DA:1358,114
DA:1359,102
DA:1360,102
DA:1363,12
DA:1367,360
DA:1368,356
DA:1369,344
DA:1370,344
DA:1371,344
DA:1373,446
DA:1375,1
DA:1376,25470
DA:1377,25470
DA:1378,25470
DA:1379,25470
DA:1380,25470
DA:1381,89
DA:1382,89
DA:1383,89
DA:1384,89
DA:1385,4
DA:1389,25381
DA:1391,24542
DA:1392,26525
DA:1393,531
DA:1394,531
DA:1395,531
DA:1396,531
DA:1397,527
DA:1399,25994
DA:1400,1188
DA:1401,1188
DA:1402,1188
DA:1403,1172
DA:1405,24806
DA:1406,229
DA:1407,229
DA:1408,229
DA:1409,229
DA:1410,229
DA:1411,229
DA:1413,24577
DA:1414,55
DA:1415,55
DA:1418,24522
DA:1421,24522
DA:1422,24522
DA:1424,1
DA:1425,21
DA:1426,21
DA:1427,21
DA:1428,4
DA:1430,17
DA:1432,1
DA:1433,360
DA:1434,360
DA:1435,360
DA:1437,356
DA:1438,424
DA:1439,17
DA:1440,17
DA:1441,17
DA:1442,17
DA:1443,17
DA:1444,17
DA:1446,407
DA:1447,34
DA:1448,34
DA:1449,34
DA:1450,34
DA:1451,34
DA:1453,373
DA:1454,17
DA:1455,17
DA:1458,356
DA:1461,356
DA:1464,1
DA:1465,25292
DA:1466,25292
DA:1467,24344
DA:1468,16961
DA:1469,277
DA:1470,26
DA:1472,261
DA:1473,13
DA:1475,253
DA:1476,253
DA:1477,253
DA:1478,253
DA:1479,253
DA:1482,24320
DA:1485,1
DA:1486,25612
DA:1487,25612
DA:1488,17719
DA:1490,7893
DA:1491,180
DA:1492,180
DA:1493,180
DA:1494,180
DA:1495,26
DA:1497,164
DA:1498,13
DA:1500,156
DA:1501,156
DA:1502,156
DA:1503,156
DA:1505,7713
DA:1506,76
DA:1507,76
DA:1508,76
DA:1509,76
DA:1510,76
DA:1511,76
DA:1513,7637
DA:1514,64
DA:1515,64
DA:1516,64
DA:1517,64
DA:1518,64
DA:1519,13
DA:1521,56
DA:1522,56
DA:1525,7573
DA:1527,24608
DA:1536,1
DA:1537,24288
DA:1538,24288
DA:1539,24288
DA:1540,17048
DA:1542,7240
DA:1543,327
DA:1546,6913
DA:1548,24288
DA:1550,1
DA:1551,23266
DA:1552,23266
DA:1553,22278
DA:1554,22278
DA:1555,22278
DA:1556,1414
DA:1557,1414
DA:1558,1414
DA:1559,1414
DA:1560,1414
DA:1561,1414
DA:1562,1414
DA:1563,1398
DA:1564,1398
DA:1565,2010
DA:1566,2010
DA:1567,1398
DA:1570,612
DA:1571,340
DA:1572,340
DA:1573,340
DA:1574,340
DA:1575,340
DA:1576,340
DA:1579,612
DA:1580,612
DA:1581,612
DA:1582,612
DA:1583,612
DA:1586,1398
DA:1587,1398
DA:1588,1398
DA:1589,1398
DA:1590,1670
DA:1591,1670
DA:1592,1670
DA:1595,22262
DA:1598,1
DA:1599,23266
DA:1600,23266
DA:1601,22262
DA:1602,51
DA:1603,51
DA:1604,51
DA:1605,51
DA:1606,51
DA:1607,51
DA:1608,51
DA:1609,51
DA:1610,51
DA:1611,51
DA:1613,22262
DA:1616,1
DA:1617,1502
DA:1619,904
DA:1620,904
DA:1622,55
DA:1623,55
DA:1625,34
DA:1626,34
DA:1628,450
DA:1629,492
DA:1630,458
DA:1633,450
DA:1635,8
DA:1637,51
DA:1638,51
DA:1639,85
DA:1641,51
DA:1644,1
DA:1645,782
DA:1646,782
DA:1647,782
DA:1649,165
DA:1651,613
DA:1652,613
DA:1654,4
DA:1656,778
DA:1659,778
DA:1660,874
DA:1661,874
DA:1663,89
DA:1664,89
DA:1665,21
DA:1666,4
DA:1668,17
DA:1669,17
DA:1670,17
DA:1671,17
DA:1673,85
DA:1674,85
DA:1676,785
DA:1677,785
DA:1678,785
DA:1681,774
DA:1682,104
DA:1683,111
DA:1684,111
DA:1685,8
DA:1689,766
DA:1690,16
DA:1691,16
DA:1693,750
DA:1700,1
DA:1701,23558
DA:1702,23558
DA:1703,292
DA:1706,23266
DA:1707,23266
DA:1708,23266
DA:1709,22262
DA:1711,782
DA:1712,782
DA:1713,782
DA:1714,754
DA:1715,750
DA:1716,4
DA:1718,746
DA:1719,746
DA:1720,746
DA:1721,746
DA:1722,746
DA:1723,746
DA:1724,746
DA:1726,742
DA:1727,742
DA:1728,8
DA:1730,734
DA:1731,20
DA:1733,714
DA:1734,714
DA:1735,714
DA:1739,21480
DA:1740,2056
DA:1741,46
DA:1743,2020
DA:1744,81
DA:1745,81
DA:1746,22
DA:1748,69
DA:1749,28
DA:1752,1980
DA:1753,187
DA:1754,187
DA:1757,1793
DA:1759,1980
DA:1760,1980
DA:1761,1960
DA:1762,1960
DA:1766,22386
DA:1769,1
DA:1770,12236
DA:1771,12236
DA:1772,11500
DA:1773,51
DA:1774,51
DA:1775,51
DA:1776,102
DA:1777,34
DA:1779,68
DA:1780,68
DA:1782,51
DA:1784,11500
DA:1787,1
DA:1788,16038
DA:1789,16038
DA:1790,7778
DA:1792,313
DA:1793,33
DA:1795,280
DA:1796,232
DA:1798,194
DA:1799,18
DA:1801,176
DA:1802,120
DA:1804,95
DA:1805,51
DA:1807,1378
DA:1808,938
DA:1810,582
DA:1811,498
DA:1813,444
DA:1814,396
DA:1816,4772
DA:1817,4248
DA:1821,8260
DA:1823,13995
DA:1825,1
DA:1826,1434
DA:1827,1434
DA:1828,1434
DA:1829,1434
DA:1830,2551
DA:1831,1382
DA:1833,1169
DA:1835,1382
DA:1836,1382
DA:1839,1
DA:1840,952
DA:1841,952
DA:1842,952
DA:1844,828
DA:1845,29
DA:1846,5
DA:1849,828
DA:1850,828
DA:1851,204
DA:1852,153
DA:1853,137
DA:1856,624
DA:1857,364
DA:1858,360
DA:1860,808
DA:1862,1
DA:1863,776
DA:1864,684
DA:1865,176
DA:1866,176
DA:1868,632
DA:1870,1
DA:1871,444
DA:1872,444
DA:1873,444
DA:1874,444
DA:1875,444
DA:1876,444
DA:1877,444
DA:1878,444
DA:1879,444
DA:1885,1
DA:1886,500
DA:1887,500
DA:1888,500
DA:1889,500
DA:1890,412
DA:1891,412
DA:1894,1
DA:1895,31
DA:1896,31
DA:1897,31
DA:1898,31
DA:1899,31
DA:1901,1
DA:1902,421
DA:1903,421
DA:1904,421
DA:1905,421
DA:1906,449
DA:1907,34
DA:1908,34
DA:1911,415
DA:1912,31
DA:1913,31
DA:1916,384
DA:1918,376
DA:1919,155
DA:1923,413
DA:1924,409
DA:1926,1
DA:1927,433
DA:1928,433
DA:1929,433
DA:1930,433
DA:1931,433
DA:1932,433
DA:1933,433
DA:1934,327
DA:1935,327
DA:1936,327
DA:1937,34
DA:1938,34
DA:1939,34
DA:1940,34
DA:1941,34
DA:1942,34
DA:1944,293
DA:1945,179
DA:1946,179
DA:1947,179
DA:1950,114
DA:1951,114
DA:1952,114
DA:1956,106
DA:1957,106
DA:1958,106
DA:1959,102
DA:1961,421
DA:1963,1
DA:1964,365
DA:1965,365
DA:1966,365
DA:1967,365
DA:1968,433
DA:1969,421
DA:1970,191
DA:1973,349
DA:1974,349
DA:1976,1
DA:1977,4773
DA:1978,4773
DA:1979,421
DA:1981,4352
DA:1982,365
DA:1985,3987
DA:1986,60
DA:1988,3927
DA:1989,3927
DA:1991,4493
DA:1993,1
DA:1994,1771
DA:1995,1771
DA:1996,1719
DA:1997,216
DA:1998,216
DA:1999,216
DA:2000,216
DA:2001,208
DA:2002,208
DA:2004,1711
DA:2007,1
DA:2008,6967
DA:2009,6967
DA:2010,6967
DA:2011,254
DA:2012,40
DA:2014,214
DA:2015,40
DA:2018,6713
DA:2019,244
DA:2020,46
DA:2023,198
DA:2024,164
DA:2028,6469
DA:2029,8
DA:2031,6679
DA:2033,1
DA:2034,1800
DA:2035,1800
DA:2036,1800
DA:2038,1712
DA:2039,110
DA:2040,18
DA:2043,1704
DA:2044,1704
DA:2045,1034
DA:2046,1030
DA:2048,670
DA:2049,4
DA:2051,1632
DA:2053,1
DA:2054,1560
DA:2055,1560
DA:2056,1560
DA:2057,1416
DA:2058,240
DA:2059,240
DA:2061,1392
DA:2063,1
DA:2064,1343
DA:2065,1343
DA:2066,1335
DA:2067,1167
DA:2068,1167
DA:2071,1
DA:2072,629
DA:2073,629
DA:2074,629
DA:2077,1
DA:2078,4611
DA:2079,4611
DA:2080,4003
DA:2081,3995
DA:2084,1
DA:2085,229
DA:2086,229
DA:2087,229
DA:2088,229
DA:2089,229
DA:2090,225
DA:2091,225
DA:2092,5
DA:2093,5
DA:2096,220
DA:2097,220
DA:2098,208
DA:2099,72
DA:2100,72
DA:2103,209
DA:2106,1
DA:2107,110
DA:2108,110
DA:2109,110
DA:2110,110
DA:2111,110
DA:2112,106
DA:2113,106
DA:2114,102
DA:2115,102
DA:2116,102
DA:2117,102
DA:2118,17
DA:2120,102
DA:2123,1
DA:2124,411
DA:2125,411
DA:2126,411
DA:2127,411
DA:2128,411
DA:2129,411
DA:2130,5
DA:2131,5
DA:2134,406
DA:2135,406
DA:2136,406
DA:2137,406
DA:2138,374
DA:2140,379
DA:2144,1
DA:2145,871
DA:2146,871
DA:2147,871
DA:2148,871
DA:2149,871
DA:2150,871
DA:2151,871
DA:2152,871
DA:2153,871
DA:2154,55
DA:2157,816
DA:2158,225
DA:2159,225
DA:2160,225
DA:2161,225
DA:2162,225
DA:2163,225
DA:2164,225
DA:2165,119
DA:2166,119
DA:2167,119
DA:2168,119
DA:2169,119
DA:2171,106
DA:2172,51
DA:2173,51
DA:2174,51
DA:2175,51
DA:2176,51
DA:2177,51
DA:2180,55
DA:2181,55
DA:2184,591
DA:2185,293
DA:2186,293
DA:2187,293
DA:2188,17
DA:2189,17
DA:2190,17
DA:2191,17
DA:2192,17
DA:2195,276
DA:2196,276
DA:2197,276
DA:2198,220
DA:2199,220
DA:2200,51
DA:2201,51
DA:2202,51
DA:2203,51
DA:2204,51
DA:2206,169
DA:2207,85
DA:2208,85
DA:2209,85
DA:2210,85
DA:2211,85
DA:2212,85
DA:2215,84
DA:2216,68
DA:2221,298
DA:2222,298
DA:2223,298
DA:2224,298
DA:2225,298
DA:2226,298
DA:2227,128
DA:2228,17
DA:2230,116
DA:2231,116
DA:2232,116
DA:2233,116
DA:2234,112
DA:2236,170
DA:2237,81
DA:2238,4
DA:2240,77
DA:2241,77
DA:2242,77
DA:2243,77
DA:2244,73
DA:2245,73
DA:2248,89
DA:2249,17
DA:2250,17
DA:2251,34
DA:2252,34
DA:2254,17
DA:2256,89
DA:2260,755
DA:2261,247
DA:2262,56
DA:2264,247
DA:2265,247
DA:2266,39
DA:2269,755
DA:2270,755
DA:2271,15
DA:2272,15
DA:2275,740
DA:2276,740
DA:2277,740
DA:2278,740
DA:2279,736
DA:2281,751
DA:2287,1
DA:2288,164
DA:2289,164
DA:2290,164
DA:2291,164
DA:2292,59
DA:2293,59
DA:2294,59
DA:2295,8
DA:2298,156
DA:2299,152
DA:2300,16
DA:2302,136
DA:2305,1
DA:2306,262
DA:2307,262
DA:2308,262
DA:2309,262
DA:2310,93
DA:2311,93
DA:2312,93
DA:2313,8
DA:2316,254
DA:2317,250
DA:2318,12
DA:2320,238
DA:2323,1
DA:2324,234
DA:2325,9
DA:2327,230
DA:2328,230
DA:2329,230
DA:2331,230
DA:2332,226
DA:2333,226
DA:2336,1
DA:2337,102
DA:2338,13
DA:2340,94
DA:2341,94
DA:2342,94
DA:2343,94
DA:2344,94
DA:2345,94
DA:2346,90
DA:2349,1
DA:2350,114
DA:2351,114
DA:2352,114
DA:2353,29
DA:2354,29
DA:2357,85
DA:2358,85
DA:2360,114
DA:2361,114
DA:2362,114
DA:2363,267
DA:2364,110
DA:2366,157
DA:2368,110
DA:2370,1
DA:2371,114
DA:2372,114
DA:2373,114
DA:2374,110
DA:2375,110
DA:2376,110
DA:2377,110
DA:2378,110
DA:2379,110
DA:2380,110
DA:2381,110
DA:2382,216
DA:2383,102
DA:2385,114
DA:2386,110
DA:2387,25
DA:2388,4
DA:2390,21
DA:2392,106
DA:2394,102
DA:2395,102
DA:2396,102
DA:2399,1
DA:2400,4456
DA:2401,4456
DA:2402,4352
DA:2403,4352
DA:2404,202
DA:2405,202
DA:2406,202
DA:2407,202
DA:2408,8
DA:2410,194
DA:2411,194
DA:2412,170
DA:2413,170
DA:2416,4150
DA:2417,4126
DA:2419,4296
DA:2422,1
DA:2423,114
DA:2424,114
DA:2425,114
DA:2426,4
DA:2428,110
DA:2429,102
DA:2430,102
DA:2433,1
DA:2434,254
DA:2435,254
DA:2436,254
DA:2437,254
DA:2438,4
DA:2440,250
DA:2441,250
DA:2442,234
DA:2443,234
DA:2444,289
DA:2445,289
DA:2446,4
DA:2448,285
DA:2450,230
DA:2451,35
DA:2452,18
DA:2455,222
DA:2456,214
DA:2457,214
DA:2459,1
DA:2460,34
DA:2461,34
DA:2463,1
DA:2464,275
DA:2465,275
DA:2466,275
DA:2467,275
DA:2468,235
DA:2469,235
DA:2470,4
DA:2472,231
DA:2475,1
DA:2476,34
DA:2477,34
DA:2478,34
DA:2479,34
DA:2482,1
DA:2483,14923
DA:2484,14923
DA:2485,14923
DA:2486,14923
DA:2493,1325
DA:2494,1285
DA:2496,4030
DA:2497,4030
DA:2498,911
DA:2500,3119
DA:2501,2010
DA:2503,1109
DA:2504,629
DA:2507,480
DA:2509,3462
DA:2511,4456
DA:2512,4296
DA:2514,5076
DA:2516,262
DA:2517,238
DA:2519,164
DA:2520,136
DA:2522,34
DA:2523,34
DA:2525,110
DA:2526,102
DA:2528,871
DA:2529,751
DA:2531,17
DA:2532,17
DA:2534,229
DA:2535,209
DA:2537,234
DA:2538,226
DA:2540,114
DA:2541,102
DA:2543,114
DA:2544,102
DA:2546,275
DA:2547,231
DA:2549,1343
DA:2550,1167
DA:2552,411
DA:2553,379
DA:2555,102
DA:2556,90
DA:2558,796
DA:2559,736
DA:2561,4520
DA:2563,36
DA:2565,13563
DA:2568,1
DA:2569,3732
DA:2570,3732
DA:2571,3732
DA:2572,3716
DA:2573,3716
DA:2574,3716
DA:2575,3716
DA:2576,3716
DA:2577,3716
DA:2578,3716
DA:2579,3716
DA:2580,3716
DA:2581,4992
DA:2582,3388
DA:2584,1604
DA:2586,3392
DA:2587,3388
DA:2588,3388
DA:2589,3388
DA:2590,3388
DA:2591,3388
DA:2593,1
DA:2594,2080
DA:2595,2080
DA:2596,219
DA:2597,70
DA:2598,70
DA:2600,219
DA:2601,41
DA:2602,41
DA:2605,1861
DA:2606,1819
DA:2607,119
DA:2608,119
DA:2610,1700
DA:2611,97
DA:2612,97
DA:2614,1603
DA:2615,59
DA:2616,59
DA:2619,2080
DA:2621,1
DA:2622,176
DA:2623,176
DA:2624,176
DA:2625,4
DA:2627,172
DA:2628,172
DA:2629,156
DA:2630,4
DA:2632,152
DA:2633,8
DA:2635,144
DA:2637,1
DA:2638,1297
DA:2639,1297
DA:2640,1297
DA:2641,1297
DA:2642,126
DA:2643,102
DA:2644,102
DA:2645,102
DA:2647,1171
DA:2648,1127
DA:2649,1074
DA:2651,1127
DA:2652,1127
DA:2654,1
DA:2655,2981
DA:2656,2981
DA:2660,2981
DA:2661,2981
DA:2662,690
DA:2663,690
DA:2664,1000
DA:2665,626
DA:2667,310
DA:2670,2917
DA:2671,2917
DA:2678,1
DA:2679,1415
DA:2680,1415
DA:2681,1415
DA:2682,1415
DA:2683,361
DA:2685,1415
DA:2686,1415
DA:2687,1415
DA:2688,1415
DA:2689,1407
DA:2690,1407
DA:2691,1347
DA:2692,125
DA:2693,18
DA:2697,1222
DA:2698,67
DA:2699,67
DA:2701,1155
DA:2702,42
DA:2703,42
DA:2707,1347
DA:2708,1347
DA:2709,1347
DA:2710,1303
DA:2711,1303
DA:2712,1303
DA:2713,1303
DA:2714,126
DA:2716,1303
DA:2717,1303
DA:2718,1035
DA:2719,44
DA:2721,991
DA:2722,55
DA:2724,971
DA:2725,971
DA:2726,971
DA:2728,1
DA:2729,774
DA:2730,774
DA:2731,774
DA:2732,774
DA:2733,133
DA:2735,774
DA:2736,774
DA:2737,774
DA:2738,774
DA:2739,774
DA:2740,774
DA:2741,188
DA:2742,188
DA:2743,180
DA:2744,50
DA:2745,22
DA:2749,130
DA:2750,42
DA:2751,42
DA:2753,88
DA:2754,42
DA:2755,42
DA:2759,754
DA:2760,738
DA:2761,738
DA:2762,738
DA:2763,738
DA:2764,86
DA:2766,738
DA:2767,738
DA:2768,670
DA:2769,24
DA:2771,646
DA:2772,27
DA:2774,634
DA:2775,634
DA:2776,634
DA:2779,1
DA:2780,1206
DA:2781,1206
DA:2782,1206
DA:2783,1206
DA:2784,1198
DA:2785,1164
DA:2787,1198
DA:2788,1194
DA:2791,1
DA:2792,17296
DA:2793,17296
DA:2794,17296
DA:2795,18444
DA:2796,18444
DA:2797,17238
DA:2799,1206
DA:2800,1194
DA:2801,1194
DA:2802,1194
DA:2803,34
DA:2805,1160
DA:2806,777
DA:2807,777
DA:2808,22
DA:2812,383
DA:2813,158
DA:2817,17272
DA:2820,1
DA:2821,3058
DA:2828,920
DA:2830,2134
DA:2832,4
DA:2834,1
DA:2835,339
DA:2836,339
DA:2837,339
DA:2838,339
DA:2839,339
DA:2845,339
DA:2846,339
DA:2847,339
DA:2848,339
DA:2849,339
DA:2851,1
DA:2852,306
DA:2853,306
DA:2858,306
DA:2859,306
DA:2860,306
DA:2861,306
DA:2862,306
DA:2863,9
DA:2866,297
DA:2868,298
DA:2869,298
DA:2870,290
DA:2871,290
DA:2873,1
DA:2874,153
DA:2875,153
DA:2876,153
DA:2877,153
DA:2878,153
DA:2879,153
DA:2880,153
DA:2881,153
DA:2882,153
DA:2885,1
DA:2886,292
DA:2887,292
DA:2888,292
DA:2889,292
DA:2890,292
DA:2891,275
DA:2892,275
DA:2893,275
DA:2894,275
DA:2895,89
DA:2896,89
DA:2899,186
DA:2900,110
DA:2903,267
DA:2905,284
DA:2908,1
DA:2909,668
DA:2910,668
DA:2911,668
DA:2912,668
DA:2913,668
DA:2914,668
DA:2915,668
DA:2916,668
DA:2917,668
DA:2918,4
DA:2921,664
DA:2922,664
DA:2923,656
DA:2924,656
DA:2925,237
DA:2926,237
DA:2927,237
DA:2928,237
DA:2929,34
DA:2932,203
DA:2936,656
DA:2937,656
DA:2938,470
DA:2939,38
DA:2940,38
DA:2941,38
DA:2942,38
DA:2943,38
DA:2945,432
DA:2946,38
DA:2947,38
DA:2948,38
DA:2949,38
DA:2952,186
DA:2953,34
DA:2954,34
DA:2955,34
DA:2956,34
DA:2957,34
DA:2959,656
DA:2960,530
DA:2961,530
DA:2962,518
DA:2964,644
DA:2965,16
DA:2967,628
DA:2968,552
DA:2970,628
DA:2971,526
DA:2972,8
DA:2974,518
DA:2975,84
DA:2976,8
DA:2978,76
DA:2979,4
DA:2982,72
DA:2984,72
DA:2987,608
DA:2989,1
DA:2990,663
DA:2991,663
DA:2992,663
DA:2993,651
DA:2994,923
DA:2995,255
DA:2998,668
DA:3001,591
DA:3002,591
DA:3004,1
DA:3005,663
DA:3006,663
DA:3007,591
DA:3009,1
DA:3010,582
DA:3011,582
DA:3012,582
DA:3013,582
DA:3014,582
DA:3015,570
DA:3016,570
DA:3017,127
DA:3018,127
DA:3020,570
DA:3021,498
DA:3022,498
DA:3024,1
DA:3025,93
DA:3026,93
DA:3027,93
DA:3028,93
DA:3029,93
DA:3030,93
DA:3031,93
DA:3032,51
DA:3033,51
DA:3035,93
DA:3036,93
DA:3037,93
DA:3041,1
DA:3042,13564
DA:3043,13564
DA:3044,13556
DA:3045,13060
DA:3047,11901
DA:3050,1
DA:3051,184
DA:3052,184
DA:3053,8
DA:3055,176
DA:3056,176
DA:3057,176
DA:3060,1
DA:3061,116
DA:3062,116
DA:3063,116
DA:3064,116
DA:3065,36
DA:3066,36
DA:3069,80
DA:3071,116
DA:3074,1
DA:3075,96
DA:3076,96
DA:3077,96
DA:3078,116
DA:3079,116
DA:3080,36
DA:3083,96
DA:3084,96
DA:3087,1
DA:3088,60
DA:3089,60
DA:3090,60
DA:3093,1
DA:3094,24
DA:3095,24
DA:3096,24
DA:3097,4
DA:3099,20
DA:3100,20
DA:3101,20
DA:3103,1
DA:3104,176
DA:3105,4
DA:3107,172
DA:3108,172
DA:3109,172
DA:3110,172
DA:3111,172
DA:3113,8
DA:3116,164
DA:3118,84
DA:3120,80
DA:3122,16
DA:3124,64
DA:3126,60
DA:3127,60
DA:3128,24
DA:3129,24
DA:3131,8
DA:3133,16
DA:3135,12
DA:3138,4
DA:3143,4
DA:3145,152
DA:3146,36
DA:3147,36
DA:3149,116
DA:3150,116
DA:3152,120
DA:3153,120
DA:3156,1
DA:3157,148
DA:3158,148
DA:3159,148
DA:3160,148
DA:3161,48
DA:3162,48
DA:3164,148
DA:3166,1
DA:3167,280
DA:3168,4
DA:3170,276
DA:3171,276
DA:3172,276
DA:3173,276
DA:3175,76
DA:3176,76
DA:3179,20
DA:3180,16
DA:3182,56
DA:3184,8
DA:3185,8
DA:3186,8
DA:3189,48
DA:3190,4
DA:3195,44
DA:3197,40
DA:3198,40
DA:3201,200
DA:3203,16
DA:3204,16
DA:3205,8
DA:3206,8
DA:3208,8
DA:3209,8
DA:3210,8
DA:3211,8
DA:3213,184
DA:3215,68
DA:3216,68
DA:3219,16
DA:3220,16
DA:3224,48
DA:3225,40
DA:3227,4
DA:3229,56
DA:3232,116
DA:3233,116
DA:3234,116
DA:3235,116
DA:3236,116
DA:3237,148
DA:3238,148
DA:3239,148
DA:3240,48
DA:3243,116
DA:3244,116
DA:3247,52
DA:3248,52
DA:3249,48
DA:3251,64
DA:3253,8
DA:3254,8
DA:3258,56
DA:3260,104
DA:3262,232
DA:3264,1
DA:3266,1
DA:3277,1
DA:3279,8992
DA:3280,1
DA:3283,1
DA:3291,1
DA:3346,1
DA:3347,1
DA:3348,14083
DA:3349,14083
DA:3352,1
DA:3353,380
DA:3356,1
DA:3357,622
DA:3358,250
DA:3361,372
DA:3365,1
DA:3366,2324
DA:3367,2324
DA:3368,2324
DA:3372,2324
DA:3373,2324
DA:3374,2324
DA:3378,2324
DA:3382,1
DA:3383,2324
DA:3384,2324
DA:3385,2324
DA:3386,2324
DA:3387,2324
DA:3388,2324
DA:3391,1
DA:3392,319
DA:3395,1
DA:3396,362
DA:3397,362
DA:3398,130
DA:3401,232
DA:3405,1
DA:3407,1
DA:3414,1
DA:3415,1
DA:3416,1
DA:3417,1
DA:3418,1
DA:3419,1
DA:3420,1
DA:3421,1
DA:3422,1
DA:3423,1
DA:3424,1
DA:3426,1
DA:3428,1
DA:3429,1
DA:3430,1
DA:3431,1
DA:3432,1
DA:3433,1
DA:3434,1
DA:3435,1
DA:3436,1
DA:3437,1
DA:3438,1
DA:3445,1
DA:3446,1
DA:3447,1
DA:3448,1
DA:3449,1
DA:3450,2016
DA:3452,1
DA:3453,395
DA:3455,1
DA:3456,1
DA:3457,14083
DA:3458,14083
DA:3459,14083
DA:3460,14083
DA:3461,14083
DA:3462,14083
DA:3463,14083
DA:3464,14083
DA:3467,1
DA:3468,442815
DA:3471,1
DA:3472,319
DA:3473,319
DA:3476,1
DA:3477,89
DA:3481,1
DA:3482,449
DA:3483,449
DA:3484,449
DA:3485,212
DA:3486,212
DA:3487,212
DA:3495,449
DA:3496,4056
DA:3497,4056
DA:3498,4056
DA:3499,245
DA:3500,104
DA:3504,104
DA:3510,104
DA:3512,245
DA:3513,4
DA:3515,245
DA:3516,245
DA:3517,245
DA:3520,204
DA:3521,108
DA:3525,108
DA:3531,108
DA:3533,204
DA:3536,1
DA:3537,973
DA:3538,973
DA:3539,973
DA:3540,455
DA:3541,455
DA:3542,455
DA:3550,973
DA:3551,11195
DA:3552,11195
DA:3553,394
DA:3554,21
DA:3556,394
DA:3557,394
DA:3558,394
DA:3560,10801
DA:3562,1111
DA:3563,924
DA:3564,924
DA:3565,433
DA:3569,433
DA:3575,433
DA:3577,924
DA:3579,187
DA:3582,9690
DA:3586,49
DA:3587,22
DA:3591,22
DA:3597,22
DA:3599,49
DA:3600,25
DA:3603,1
DA:3604,115222
DA:3605,115222
DA:3606,30909
DA:3608,115222
DA:3609,115222
DA:3610,154306
DA:3611,154306
DA:3612,45190
DA:3614,109116
DA:3615,5134
DA:3616,5134
DA:3617,4
DA:3619,5134
DA:3620,5134
DA:3621,5134
DA:3623,103982
DA:3624,2224
DA:3625,2224
DA:3626,330
DA:3627,330
DA:3628,330
DA:3629,149
DA:3631,330
DA:3633,1894
DA:3634,973
DA:3635,973
DA:3636,949
DA:3637,443
DA:3641,921
DA:3644,101758
DA:3646,162
DA:3648,68
DA:3649,68
DA:3650,68
DA:3651,36
DA:3655,94
DA:3658,101596
DA:3659,337
DA:3660,51
DA:3661,51
DA:3662,51
DA:3663,27
DA:3667,286
DA:3671,101259
DA:3674,115198
DA:3678,1
DA:3679,164
DA:3684,12
DA:3686,152
DA:3690,1
DA:3691,6486
DA:3701,644
DA:3703,5842
DA:3707,1
DA:3708,3872
DA:3712,1
DA:3713,21549
DA:3715,1630
DA:3717,6440
DA:3720,2649
DA:3723,4239
DA:3727,1793
DA:3730,842
DA:3732,2804
DA:3734,93
DA:3736,1059
DA:3740,1
DA:3741,914
DA:3742,914
DA:3743,144
DA:3744,144
DA:3745,140
DA:3746,140
DA:3749,914
DA:3752,1
DA:3753,260
DA:3754,260
DA:3755,260
DA:3756,792
DA:3757,727
DA:3760,65
DA:3763,195
DA:3766,1
DA:3767,305
DA:3768,305
DA:3770,305
DA:3771,4
DA:3773,301
DA:3774,1590
DA:3775,1590
DA:3776,301
DA:3778,1289
DA:3780,301
DA:3781,12
DA:3783,289
DA:3786,1
DA:3787,35336
DA:3788,35336
DA:3789,116264
DA:3790,116264
DA:3792,84
DA:3793,84
DA:3795,116180
DA:3797,68
DA:3798,68
DA:3800,116112
DA:3801,82563
DA:3804,33549
DA:3807,35184
DA:3810,1
DA:3811,312
DA:3812,312
DA:3813,312
DA:3815,312
DA:3816,312
DA:3817,160
DA:3818,8
DA:3820,152
DA:3821,152
DA:3822,85
DA:3823,85
DA:3826,67
DA:3827,67
DA:3828,67
DA:3829,16
DA:3832,136
DA:3834,288
DA:3835,543
DA:3836,543
DA:3837,221
DA:3839,322
DA:3840,322
DA:3841,322
DA:3843,322
DA:3844,135
DA:3845,135
DA:3846,4
DA:3848,131
DA:3849,131
DA:3850,85
DA:3851,85
DA:3854,46
DA:3855,46
DA:3856,46
DA:3857,12
DA:3860,119
DA:3863,272
DA:3866,1
DA:3868,208
DA:3869,208
DA:3870,208
DA:3871,119
DA:3872,119
DA:3875,119
DA:3876,68
DA:3879,208
DA:3886,1
DA:3887,35496
DA:3888,35496
DA:3890,35496
DA:3893,35456
DA:3894,13907
DA:3896,21549
DA:3897,12203
DA:3899,9346
DA:3900,337
DA:3902,9009
DA:3903,725
DA:3906,8284
DA:3908,35456
DA:3919,1
DA:3920,59458
DA:3929,59458
DA:3930,59458
DA:3933,17898
DA:3934,8334
DA:3936,17898
DA:3937,17898
DA:3939,1310
DA:3940,1310
DA:3942,574
DA:3943,574
DA:3945,1310
DA:3947,7726
DA:3948,7726
DA:3949,7726
DA:3958,24006
DA:3959,24006
DA:3962,8518
DA:3963,8518
DA:3964,17
DA:3968,8501
DA:3969,8501
DA:3971,102
DA:3975,8399
DA:3976,8399
DA:3981,1806
DA:3985,6593
DA:3986,6593
DA:3987,6569
DA:3993,59458
DA:3994,24
DA:3996,59434
DA:3997,59434
DA:3998,59434
DA:4002,1
DA:4003,144
DA:4004,144
DA:4005,314
DA:4006,21
DA:4008,293
DA:4010,144
DA:4011,4
DA:4013,140
DA:4014,4
DA:4016,136
DA:4026,1
DA:4027,142
DA:4028,142
DA:4029,142
DA:4030,192
DA:4031,192
DA:4032,32
DA:4034,160
DA:4036,142
DA:4038,16
DA:4040,126
DA:4041,24
DA:4043,24
DA:4044,24
DA:4047,102
DA:4057,1
DA:4058,245
DA:4059,245
DA:4060,245
DA:4061,111
DA:4062,111
DA:4065,134
DA:4067,245
DA:4068,284
DA:4069,80
DA:4071,204
DA:4073,245
DA:4075,16
DA:4077,229
DA:4078,20
DA:4080,209
DA:4091,1
DA:4094,128
DA:4095,125
DA:4096,125
DA:4097,17
DA:4099,108
DA:4100,22
DA:4103,89
DA:4106,1
DA:4107,5021
DA:4108,5021
DA:4109,5021
DA:4110,5021
DA:4111,5021
DA:4112,4970
DA:4113,4970
DA:4118,4970
DA:4119,1807
DA:4120,144
DA:4121,144
DA:4123,1663
DA:4124,142
DA:4125,142
DA:4127,1521
DA:4128,134
DA:4130,1387
DA:4131,128
DA:4132,111
DA:4136,4439
DA:4137,2127
DA:4139,4439
DA:4141,4490
DA:4142,119
DA:4143,119
DA:4144,459
DA:4146,119
DA:4148,4490
DA:4149,84
DA:4150,84
DA:4151,84
DA:4152,76
DA:4154,84
DA:4155,68
DA:4156,170
DA:4160,16
DA:4163,4474
DA:4164,16
DA:4166,4458
DA:4177,1
DA:4178,1871
DA:4179,1871
DA:4180,1871
DA:4181,1871
DA:4182,1871
DA:4183,1871
DA:4184,1871
DA:4185,16742
DA:4186,16742
DA:4187,1799
DA:4188,1799
DA:4190,14943
DA:4191,651
DA:4192,651
DA:4193,617
DA:4196,205
DA:4197,118
DA:4198,118
DA:4201,87
DA:4202,87
DA:4203,36
DA:4205,51
DA:4207,153
DA:4209,51
DA:4210,51
DA:4212,17
DA:4213,17
DA:4215,17
DA:4216,17
DA:4218,17
DA:4219,17
DA:4221,17
DA:4222,17
DA:4224,17
DA:4225,17
DA:4228,13
DA:4229,13
DA:4230,5
DA:4232,263
DA:4233,208
DA:4234,208
DA:4235,208
DA:4238,55
DA:4240,263
DA:4244,34
DA:4245,34
DA:4246,17
DA:4248,34
DA:4251,14292
DA:4252,8
DA:4255,14284
DA:4258,1811
DA:4259,12
DA:4260,12
DA:4262,1799
DA:4274,1
DA:4275,270
DA:4276,270
DA:4277,270
DA:4278,270
DA:4279,270
DA:4280,270
DA:4281,270
DA:4282,270
DA:4283,1280
DA:4284,1280
DA:4285,195
DA:4286,195
DA:4287,195
DA:4288,195
DA:4290,1085
DA:4291,76
DA:4292,59
DA:4293,59
DA:4294,59
DA:4295,59
DA:4297,17
DA:4299,1009
DA:4300,250
DA:4301,250
DA:4302,216
DA:4304,17
DA:4305,17
DA:4307,17
DA:4308,17
DA:4310,17
DA:4311,17
DA:4314,68
DA:4315,17
DA:4316,17
DA:4319,51
DA:4320,51
DA:4321,51
DA:4322,34
DA:4325,17
DA:4326,17
DA:4329,68
DA:4331,17
DA:4332,17
DA:4334,17
DA:4335,17
DA:4337,17
DA:4338,17
DA:4340,46
DA:4341,25
DA:4343,8
DA:4345,17
DA:4347,21
DA:4349,4
DA:4352,17
DA:4354,34
DA:4358,34
DA:4359,34
DA:4360,17
DA:4362,34
DA:4365,759
DA:4366,34
DA:4367,34
DA:4368,17
DA:4370,34
DA:4371,34
DA:4374,725
DA:4377,258
DA:4378,4
DA:4380,254
DA:4381,51
DA:4383,254
DA:4399,1
DA:4406,389
DA:4407,389
DA:4408,389
DA:4409,389
DA:4410,80
DA:4412,199
DA:4413,199
DA:4414,4
DA:4416,195
DA:4417,178
DA:4419,17
DA:4424,385
DA:4425,385
DA:4428,12
DA:4433,373
DA:4434,373
DA:4437,85
DA:4441,1
DA:4442,444
DA:4443,444
DA:4444,444
DA:4445,444
DA:4446,444
DA:4447,444
DA:4448,3558
DA:4449,3558
DA:4450,3558
DA:4451,254
DA:4453,254
DA:4454,4
DA:4456,250
DA:4458,3304
DA:4459,12
DA:4461,3292
DA:4462,1921
DA:4463,268
DA:4467,1371
DA:4468,401
DA:4469,401
DA:4471,970
DA:4472,272
DA:4476,428
DA:4477,27
DA:4480,401
DA:4481,401
DA:4487,1
DA:4488,401
DA:4489,401
DA:4490,401
DA:4491,376
DA:4492,376
DA:4493,141
DA:4495,235
DA:4496,235
DA:4497,27
DA:4498,27
DA:4499,9
DA:4500,9
DA:4501,9
DA:4502,9
DA:4503,5
DA:4504,5
DA:4505,20
DA:4509,4
DA:4510,4
DA:4511,4
DA:4513,9
DA:4516,18
DA:4517,18
DA:4521,208
DA:4522,208
DA:4525,389
DA:4531,1
DA:4532,444
DA:4533,444
DA:4534,401
DA:4535,389
DA:4536,373
DA:4551,1
DA:4552,114430
DA:4553,12398
DA:4561,102032
DA:4562,102032
DA:4563,35445
DA:4566,66587
DA:4567,23967
DA:4570,42620
DA:4571,1871
DA:4575,40749
DA:4576,1361
DA:4577,51
DA:4579,1310
DA:4581,39388
DA:4582,4970
DA:4586,34418
DA:4587,270
DA:4590,34148
DA:4591,59
DA:4592,51
DA:4595,34097
DA:4598,1
DA:4600,1
DA:4608,1
DA:4614,1
DA:4616,1584
DA:4622,154306
DA:4627,143873
DA:4631,107017
DA:4638,117069
DA:4647,53494
DA:4650,2684
DA:4655,2563
DA:4664,1
DA:4665,1
DA:4666,1
DA:4667,1443
DA:4668,1443
DA:4670,1
DA:4672,1
DA:4673,1
DA:4674,1
DA:4675,409
DA:4676,409
DA:4678,1
DA:4680,1
DA:4681,1
DA:4682,1
DA:4683,714
DA:4684,714
DA:4685,714
DA:4686,714
DA:4687,714
DA:4688,714
DA:4690,1
DA:4692,1
DA:4693,1
DA:4694,1
DA:4695,1960
DA:4696,1960
DA:4697,1960
DA:4698,1960
DA:4700,1
DA:4702,1
DA:4703,1
DA:4704,1
DA:4705,331
DA:4706,331
DA:4707,331
DA:4709,1
DA:4711,1
DA:4712,1
DA:4713,1
DA:4714,2010
DA:4715,2010
DA:4716,2010
DA:4717,2010
DA:4718,2010
DA:4720,1
DA:4722,1
DA:4723,1
DA:4724,1
DA:4725,4770
DA:4726,4770
DA:4728,1
DA:4730,1
DA:4731,1
DA:4732,1
DA:4733,238
DA:4734,238
DA:4736,1
DA:4738,1
DA:4739,1
DA:4740,1
DA:4741,1172
DA:4742,1172
DA:4743,1172
DA:4745,1
DA:4747,1
DA:4748,1
DA:4749,1
DA:4750,214
DA:4751,214
DA:4752,214
DA:4754,1
DA:4756,1
DA:4757,1
DA:4758,1
DA:4759,591
DA:4760,591
DA:4762,1
DA:4764,1
DA:4765,1
DA:4766,1
DA:4767,498
DA:4768,498
DA:4769,498
DA:4770,498
DA:4772,1
DA:4774,1
DA:4775,1
DA:4776,1
DA:4777,93
DA:4778,93
DA:4779,93
DA:4780,93
DA:4782,1
DA:4784,1
DA:4785,1
DA:4786,1
DA:4787,246
DA:4788,246
DA:4789,246
DA:4790,246
DA:4792,1
DA:4794,1
DA:4795,1
DA:4796,1
DA:4797,51
DA:4798,51
DA:4799,51
DA:4800,51
DA:4802,1
DA:4804,1
DA:4805,1
DA:4806,1
DA:4807,136
DA:4808,136
DA:4810,1
DA:4812,1
DA:4813,1
DA:4814,1
DA:4815,34
DA:4817,1
DA:4819,1
DA:4820,1
DA:4821,1
DA:4822,1160
DA:4823,1160
DA:4824,1160
DA:4826,1
DA:4828,1
DA:4829,1
DA:4830,1
DA:4831,102
DA:4832,102
DA:4833,102
DA:4835,1
DA:4837,1
DA:4838,1
DA:4839,1
DA:4840,654
DA:4842,1
DA:4844,1
DA:4845,1
DA:4846,1
DA:4847,8
DA:4848,8
DA:4850,1
DA:4852,1
DA:4853,1
DA:4854,1
DA:4855,64
DA:4856,64
DA:4858,1
DA:4860,1
DA:4861,1
DA:4862,1
DA:4863,160
DA:4864,160
DA:4865,160
DA:4866,160
DA:4868,1
DA:4870,1
DA:4871,1
DA:4872,1
DA:4873,148
DA:4874,148
DA:4875,148
DA:4877,1
DA:4879,1
DA:4880,1
DA:4881,1
DA:4882,8155
DA:4883,8155
DA:4885,1
DA:4887,1
DA:4888,1
DA:4889,1
DA:4890,299
DA:4891,299
DA:4892,299
DA:4893,299
DA:4894,299
DA:4896,1
DA:4898,1
DA:4899,1
DA:4900,1
DA:4901,209
DA:4902,209
DA:4903,209
DA:4904,209
DA:4906,1
DA:4908,1
DA:4909,1
DA:4910,1
DA:4911,243
DA:4912,243
DA:4913,243
DA:4914,243
DA:4915,243
DA:4917,1
DA:4919,1
DA:4920,1
DA:4921,1
DA:4922,971
DA:4923,971
DA:4924,971
DA:4925,971
DA:4926,971
DA:4927,971
DA:4929,1
DA:4931,1
DA:4932,1
DA:4933,1
DA:4934,2131
DA:4935,2131
DA:4936,2131
DA:4937,2131
DA:4938,2131
DA:4939,2131
DA:4941,1
DA:4943,1
DA:4944,1
DA:4945,1
DA:4946,22808
DA:4947,22808
DA:4949,1
DA:4951,1
DA:4952,1
DA:4953,1
DA:4954,209
DA:4955,209
DA:4956,209
DA:4957,209
DA:4959,1
DA:4961,1
DA:4962,1
DA:4963,1
DA:4964,120
DA:4965,120
DA:4966,120
DA:4968,1
DA:4970,1
DA:4971,1
DA:4972,1
DA:4973,60
DA:4974,60
DA:4976,1
DA:4978,1
DA:4979,1
DA:4980,1
DA:4981,20
DA:4982,20
DA:4984,1
DA:4986,1
DA:4987,1
DA:4988,1
DA:4989,116
DA:4990,116
DA:4991,116
DA:4993,1
DA:4995,1
DA:4996,1
DA:4997,1
DA:4998,170
DA:4999,170
DA:5000,170
DA:5002,1
DA:5004,1
DA:5005,1
DA:5006,1
DA:5007,7330
DA:5008,7330
DA:5009,7330
DA:5011,1
DA:5013,1
DA:5014,1
DA:5015,1
DA:5016,102
DA:5017,102
DA:5018,102
DA:5020,1
DA:5022,1
DA:5023,1
DA:5024,1
DA:5025,608
DA:5026,608
DA:5027,608
DA:5028,608
DA:5029,608
DA:5030,608
DA:5032,1
DA:5034,1
DA:5035,1
DA:5036,1
DA:5037,344
DA:5038,344
DA:5039,344
DA:5041,1
DA:5043,1
DA:5044,1
DA:5045,1
DA:5046,1498
DA:5047,1498
DA:5049,1
DA:5051,1
DA:5052,1
DA:5053,1
DA:5054,349
DA:5055,349
DA:5057,1
DA:5059,1
DA:5060,1
DA:5061,1
DA:5062,11901
DA:5063,11901
DA:5064,11901
DA:5066,1
DA:5068,1
DA:5069,1
DA:5070,1
DA:5071,2477
DA:5072,2477
DA:5073,2477
DA:5074,2477
DA:5075,2477
DA:5076,2477
DA:5077,2477
DA:5079,1
DA:5081,1
DA:5082,1
DA:5083,1
DA:5084,265
DA:5085,265
DA:5086,265
DA:5087,265
DA:5089,1
DA:5091,1
DA:5092,1
DA:5093,1
DA:5094,175
DA:5095,175
DA:5097,1
DA:5099,1
DA:5100,1
DA:5101,1
DA:5102,226
DA:5103,226
DA:5105,1
DA:5107,1
DA:5108,1
DA:5109,1
DA:5110,223
DA:5111,223
DA:5113,1
DA:5115,1
DA:5116,1
DA:5117,1
DA:5118,331
DA:5119,331
DA:5121,1
DA:5123,1
DA:5124,1
DA:5125,1
DA:5126,561
DA:5127,561
DA:5128,561
DA:5129,561
DA:5131,1
DA:5133,1
DA:5134,1
DA:5135,1
DA:5136,106
DA:5138,1
DA:5140,1
DA:5141,1
DA:5142,1
DA:5143,110
DA:5144,110
DA:5145,110
DA:5147,1
DA:5149,1
DA:5150,1
DA:5151,1
DA:5152,102
DA:5153,102
DA:5154,102
DA:5156,1
DA:5158,1
DA:5159,1
DA:5160,1
DA:5161,72
DA:5162,72
DA:5163,72
DA:5165,1
DA:5167,1
DA:5168,1
DA:5169,1
DA:5170,250
DA:5171,250
DA:5172,250
DA:5174,1
DA:5176,1
DA:5177,1
DA:5178,1
DA:5179,191
DA:5180,191
DA:5181,191
DA:5183,1
DA:5185,1
DA:5186,1
DA:5187,1
DA:5188,80
DA:5190,1
DA:5192,1
DA:5193,1
DA:5194,1
DA:5195,102
DA:5196,102
DA:5198,1
DA:5200,1
DA:5201,1
DA:5202,1
DA:5203,231
DA:5204,231
DA:5205,231
DA:5206,231
DA:5208,1
DA:5210,1
DA:5211,1
DA:5212,1
DA:5213,140
DA:5214,140
DA:5215,140
DA:5216,140
DA:5218,1
DA:5220,1
DA:5221,1
DA:5222,1
DA:5223,409
DA:5224,409
DA:5225,409
DA:5226,409
DA:5228,1
DA:5230,1
DA:5231,1
DA:5232,1
DA:5233,2008
DA:5234,2008
DA:5235,2008
DA:5237,1
DA:5239,1
DA:5240,1
DA:5241,1
DA:5242,2440
DA:5243,2440
DA:5244,2440
DA:5246,1
DA:5248,1
DA:5249,1
DA:5250,1
DA:5251,379
DA:5252,379
DA:5253,379
DA:5255,1
DA:5257,1
DA:5258,1
DA:5259,1
DA:5260,90
DA:5261,90
DA:5262,90
DA:5264,1
DA:5266,1
DA:5267,1
DA:5268,1
DA:5269,284
DA:5270,284
DA:5271,284
DA:5273,1
DA:5275,1
DA:5282,1
DA:5283,1
DA:5284,1
DA:5285,1
DA:5286,1
DA:5287,247
DA:5288,247
DA:5292,1
DA:5293,24
DA:5306,1
DA:5307,211
DA:5308,211
DA:5309,211
DA:5312,24
DA:5313,24
DA:5315,24
DA:5316,24
DA:5317,24
DA:5321,60
DA:5322,60
DA:5324,24
DA:5325,24
DA:5327,36
DA:5329,24
DA:5330,24
DA:5333,211
DA:5336,1
DA:5337,930
DA:5338,627
DA:5339,72
DA:5341,555
DA:5342,96
DA:5344,627
DA:5347,303
DA:5351,1
DA:5353,1
DA:5354,1
DA:5355,247
DA:5356,247
DA:5357,247
DA:5358,247
DA:5359,247
DA:5360,247
DA:5361,247
DA:5362,247
DA:5365,1
DA:5366,200
DA:5369,1
DA:5370,1195
DA:5371,1189
DA:5372,1189
DA:5373,602
DA:5374,18
DA:5375,18
DA:5376,18
DA:5377,18
DA:5381,18
DA:5382,12
DA:5384,18
DA:5385,12
DA:5387,18
DA:5390,1189
DA:5391,949
DA:5392,949
DA:5393,468
DA:5401,949
DA:5402,949
DA:5403,211
DA:5406,738
DA:5408,930
DA:5409,930
DA:5410,930
DA:5414,930
DA:5415,462
DA:5417,930
DA:5418,462
DA:5422,462
DA:5424,930
DA:5425,108
DA:5427,930
DA:5430,1176
DA:5433,1
DA:5435,1
LF:3296
LH:3295
BRDA:3,1,0,1
BRDA:3,1,1,0
BRDA:3,2,0,1
BRDA:3,2,1,1
BRDA:5,3,0,0
BRDA:5,3,1,0
BRDA:5,4,0,0
BRDA:5,4,1,0
BRDA:8,5,0,0
BRDA:8,5,1,0
BRDA:22,6,0,9
BRDA:22,6,1,12
BRDA:89,7,0,46600
BRDA:89,7,1,3113
BRDA:92,8,0,22371
BRDA:92,8,1,27342
BRDA:96,9,0,6696
BRDA:96,9,1,7140
BRDA:97,10,0,13132
BRDA:97,10,1,704
BRDA:98,11,0,13132
BRDA:98,11,1,9882
BRDA:99,12,0,13132
BRDA:99,12,1,275
BRDA:100,13,0,3865
BRDA:100,13,1,9267
BRDA:100,14,0,13132
BRDA:100,14,1,9267
BRDA:109,15,0,2919
BRDA:109,15,1,8982
BRDA:112,16,0,3648
BRDA:112,16,1,8253
BRDA:115,17,0,320
BRDA:115,17,1,11581
BRDA:118,18,0,0
BRDA:118,18,1,11901
BRDA:134,19,0,228
BRDA:134,19,1,948
BRDA:137,20,0,160
BRDA:137,20,1,788
BRDA:146,21,0,200
BRDA:146,21,1,38
BRDA:174,22,0,25
BRDA:174,22,1,735
BRDA:174,23,0,760
BRDA:174,23,1,70
BRDA:178,24,0,5
BRDA:178,24,1,5
BRDA:184,25,0,5
BRDA:184,25,1,20
BRDA:191,26,0,180
BRDA:191,26,1,580
BRDA:194,27,0,60
BRDA:194,27,1,145
BRDA:202,28,0,50
BRDA:202,28,1,530
BRDA:202,29,0,580
BRDA:202,29,1,525
BRDA:204,30,0,10
BRDA:204,30,1,40
BRDA:204,31,0,50
BRDA:204,31,1,50
BRDA:216,32,0,590
BRDA:216,32,1,315
BRDA:216,33,0,905
BRDA:216,33,1,905
BRDA:223,34,0,415
BRDA:223,34,1,345
BRDA:224,35,0,235
BRDA:224,35,1,180
BRDA:227,36,0,210
BRDA:227,36,1,40
BRDA:232,37,0,195
BRDA:232,37,1,220
BRDA:232,38,0,415
BRDA:232,38,1,235
BRDA:239,39,0,155
BRDA:239,39,1,30
BRDA:247,40,0,160
BRDA:247,40,1,760
BRDA:247,41,0,920
BRDA:247,41,1,170
BRDA:253,42,0,345
BRDA:253,42,1,415
BRDA:256,43,0,60
BRDA:256,43,1,700
BRDA:265,44,0,206
BRDA:265,44,1,431
BRDA:270,45,0,280
BRDA:270,45,1,357
BRDA:273,46,0,250
BRDA:273,46,1,387
BRDA:277,47,0,210
BRDA:277,47,1,427
BRDA:286,48,0,58
BRDA:286,48,1,152
BRDA:295,49,0,206
BRDA:295,49,1,22165
BRDA:298,50,0,431
BRDA:298,50,1,21734
BRDA:301,51,0,920
BRDA:301,51,1,20814
BRDA:397,52,0,704
BRDA:397,52,1,13132
BRDA:399,53,0,13836
BRDA:399,53,1,9704
BRDA:400,54,0,13836
BRDA:400,54,1,9704
BRDA:402,55,0,13836
BRDA:402,55,1,3648
BRDA:403,56,0,13836
BRDA:403,56,1,9882
BRDA:404,57,0,13836
BRDA:404,57,1,5952
BRDA:405,58,0,13836
BRDA:405,58,1,0
BRDA:407,59,0,4
BRDA:407,59,1,13832
BRDA:407,60,0,13836
BRDA:407,60,1,4918
BRDA:407,60,2,4
BRDA:443,61,0,473
BRDA:443,61,1,13363
BRDA:443,62,0,13836
BRDA:443,62,1,13836
BRDA:508,63,0,1487
BRDA:508,63,1,832
BRDA:510,64,0,1467
BRDA:510,64,1,20
BRDA:511,65,0,824
BRDA:511,65,1,643
BRDA:512,66,0,157
BRDA:512,66,1,667
BRDA:513,67,0,61
BRDA:513,67,1,606
BRDA:514,68,0,32
BRDA:514,68,1,574
BRDA:515,69,0,4
BRDA:515,69,1,570
BRDA:516,70,0,4
BRDA:516,70,1,566
BRDA:518,71,0,164
BRDA:518,71,1,660
BRDA:519,72,0,12
BRDA:519,72,1,152
BRDA:522,73,0,56
BRDA:522,73,1,96
BRDA:522,74,0,152
BRDA:522,74,1,72
BRDA:527,75,0,4
BRDA:527,75,1,1463
BRDA:533,76,0,1435
BRDA:533,76,1,52
BRDA:533,77,0,1487
BRDA:533,77,1,1467
BRDA:553,78,0,83726
BRDA:553,78,1,30307
BRDA:558,79,0,574
BRDA:558,79,1,29721
BRDA:558,80,0,30295
BRDA:558,80,1,574
BRDA:563,81,0,431
BRDA:563,81,1,206
BRDA:566,82,0,280
BRDA:566,82,1,357
BRDA:569,83,0,250
BRDA:569,83,1,387
BRDA:599,84,0,11648
BRDA:599,84,1,15839
BRDA:602,85,0,11506
BRDA:602,85,1,15981
BRDA:614,86,0,79
BRDA:614,86,1,27408
BRDA:630,87,0,99416
BRDA:630,87,1,13564
BRDA:630,88,0,112980
BRDA:630,88,1,99416
BRDA:631,89,0,3344
BRDA:631,89,1,109636
BRDA:631,90,0,112980
BRDA:631,90,1,112980
BRDA:631,90,2,14834
BRDA:632,91,0,333
BRDA:632,91,1,3011
BRDA:637,92,0,27408
BRDA:637,92,1,85572
BRDA:637,93,0,112980
BRDA:637,93,1,31066
BRDA:645,94,0,79
BRDA:645,94,1,186
BRDA:671,95,0,34103
BRDA:671,95,1,51998
BRDA:674,96,0,33987
BRDA:674,96,1,52114
BRDA:685,97,0,36
BRDA:685,97,1,33951
BRDA:689,98,0,49076
BRDA:689,98,1,37025
BRDA:710,99,0,156
BRDA:710,99,1,43763
BRDA:710,100,0,43919
BRDA:710,100,1,43863
BRDA:716,101,0,85
BRDA:716,101,1,882
BRDA:718,102,0,10
BRDA:718,102,1,75
BRDA:718,103,0,85
BRDA:718,103,1,15
BRDA:721,104,0,5
BRDA:721,104,1,70
BRDA:721,105,0,75
BRDA:721,105,1,5
BRDA:737,106,0,4
BRDA:737,106,1,8343
BRDA:737,107,0,8347
BRDA:737,107,1,8343
BRDA:743,108,0,306746
BRDA:743,108,1,213593
BRDA:747,109,0,88635
BRDA:747,109,1,15931
BRDA:752,110,0,1147
BRDA:752,110,1,547
BRDA:756,111,0,7185
BRDA:756,111,1,14295
BRDA:760,112,0,14295
BRDA:760,112,1,12426
BRDA:760,112,2,12409
BRDA:760,112,3,12392
BRDA:760,112,4,12375
BRDA:760,112,5,12358
BRDA:760,112,6,12341
BRDA:760,112,7,12324
BRDA:760,112,8,12307
BRDA:760,112,9,12290
BRDA:760,112,10,12273
BRDA:760,112,11,12256
BRDA:812,113,0,4
BRDA:812,113,1,21875
BRDA:828,114,0,103941
BRDA:828,114,1,46637
BRDA:829,115,0,103941
BRDA:829,115,1,53311
BRDA:830,116,0,103941
BRDA:830,116,1,103890
BRDA:834,117,0,3819
BRDA:834,117,1,8239
BRDA:837,118,0,6711
BRDA:837,118,1,1528
BRDA:838,119,0,56
BRDA:838,119,1,6655
BRDA:838,120,0,6711
BRDA:838,120,1,911
BRDA:851,121,0,11130
BRDA:851,121,1,4726
BRDA:851,121,2,6105
BRDA:851,121,3,537
BRDA:851,121,4,253
BRDA:851,121,5,127
BRDA:851,121,6,5778
BRDA:851,121,7,1300
BRDA:851,121,8,16
BRDA:853,122,0,9
BRDA:853,122,1,11121
BRDA:853,123,0,11130
BRDA:853,123,1,21
BRDA:860,124,0,21
BRDA:860,124,1,6084
BRDA:860,125,0,6105
BRDA:860,125,1,346
BRDA:890,126,0,2284
BRDA:890,126,1,1447
BRDA:890,126,2,1638
BRDA:890,126,3,300
BRDA:890,126,4,317
BRDA:890,126,5,92
BRDA:915,127,0,148
BRDA:915,127,1,1152
BRDA:915,128,0,1300
BRDA:915,128,1,1190
BRDA:915,128,2,1156
BRDA:918,129,0,157
BRDA:918,129,1,995
BRDA:918,130,0,1152
BRDA:918,130,1,1042
BRDA:924,131,0,774
BRDA:924,131,1,221
BRDA:927,132,0,80
BRDA:927,132,1,141
BRDA:931,133,0,85
BRDA:931,133,1,56
BRDA:956,134,0,140
BRDA:956,134,1,1522
BRDA:960,135,0,93
BRDA:960,135,1,1429
BRDA:962,136,0,4
BRDA:962,136,1,89
BRDA:971,137,0,352
BRDA:971,137,1,1065
BRDA:985,138,0,10
BRDA:985,138,1,1495
BRDA:985,139,0,1505
BRDA:985,139,1,736
BRDA:988,140,0,18
BRDA:988,140,1,1487
BRDA:988,141,0,1505
BRDA:988,141,1,736
BRDA:1008,142,0,240
BRDA:1008,142,1,283
BRDA:1008,142,2,1030
BRDA:1008,142,3,1132
BRDA:1008,142,4,1183
BRDA:1008,142,5,1632
BRDA:1008,142,6,283
BRDA:1008,142,7,12
BRDA:1011,143,0,13
BRDA:1011,143,1,270
BRDA:1011,144,0,283
BRDA:1011,144,1,38
BRDA:1024,145,0,271
BRDA:1024,145,1,12
BRDA:1038,146,0,1671
BRDA:1038,146,1,1485
BRDA:1038,146,2,1455
BRDA:1038,146,3,186
BRDA:1042,147,0,266
BRDA:1042,147,1,879
BRDA:1043,148,0,48
BRDA:1043,148,1,218
BRDA:1060,149,0,1618
BRDA:1060,149,1,558
BRDA:1064,150,0,127
BRDA:1064,150,1,431
BRDA:1072,151,0,305
BRDA:1072,151,1,1843
BRDA:1072,152,0,2148
BRDA:1072,152,1,1618
BRDA:1072,152,2,351
BRDA:1079,153,0,268
BRDA:1079,153,1,1575
BRDA:1079,154,0,1843
BRDA:1079,154,1,1313
BRDA:1079,154,2,314
BRDA:1085,155,0,123
BRDA:1085,155,1,1452
BRDA:1085,156,0,1575
BRDA:1085,156,1,246
BRDA:1085,156,2,127
BRDA:1093,157,0,4
BRDA:1093,157,1,1448
BRDA:1097,158,0,982
BRDA:1097,158,1,466
BRDA:1098,159,0,880
BRDA:1098,159,1,102
BRDA:1104,160,0,197
BRDA:1104,160,1,269
BRDA:1108,161,0,265
BRDA:1108,161,1,4
BRDA:1111,162,0,89
BRDA:1111,162,1,164
BRDA:1136,163,0,712
BRDA:1136,163,1,1344
BRDA:1155,164,0,8
BRDA:1155,164,1,51
BRDA:1181,165,0,2629
BRDA:1181,165,1,2850
BRDA:1181,165,2,2867
BRDA:1181,165,3,2952
BRDA:1181,165,4,89
BRDA:1181,165,5,960
BRDA:1181,165,6,170
BRDA:1181,165,7,140
BRDA:1181,165,8,40
BRDA:1194,166,0,1138
BRDA:1194,166,1,85
BRDA:1217,167,0,84
BRDA:1217,167,1,2200
BRDA:1219,168,0,12
BRDA:1219,168,1,72
BRDA:1230,169,0,25
BRDA:1230,169,1,2175
BRDA:1233,170,0,4
BRDA:1233,170,1,17
BRDA:1245,171,0,184
BRDA:1245,171,1,1719
BRDA:1250,172,0,155
BRDA:1250,172,1,226
BRDA:1254,173,0,29
BRDA:1254,173,1,197
BRDA:1255,174,0,4
BRDA:1255,174,1,25
BRDA:1260,175,0,4
BRDA:1260,175,1,17
BRDA:1276,176,0,17
BRDA:1276,176,1,197
BRDA:1280,177,0,155
BRDA:1280,177,1,17
BRDA:1284,178,0,1874
BRDA:1284,178,1,17
BRDA:1286,179,0,543
BRDA:1286,179,1,1323
BRDA:1287,180,0,17
BRDA:1287,180,1,526
BRDA:1287,181,0,543
BRDA:1287,181,1,173
BRDA:1294,182,0,526
BRDA:1294,182,1,17
BRDA:1295,183,0,36
BRDA:1295,183,1,490
BRDA:1298,184,0,126
BRDA:1298,184,1,364
BRDA:1306,185,0,126
BRDA:1306,185,1,364
BRDA:1323,186,0,600
BRDA:1323,186,1,791
BRDA:1325,187,0,254
BRDA:1325,187,1,601
BRDA:1328,188,0,572
BRDA:1328,188,1,255
BRDA:1338,189,0,1651
BRDA:1338,189,1,889
BRDA:1338,189,2,63
BRDA:1338,189,3,29
BRDA:1346,190,0,4
BRDA:1346,190,1,1583
BRDA:1356,191,0,114
BRDA:1356,191,1,360
BRDA:1358,192,0,102
BRDA:1358,192,1,12
BRDA:1358,193,0,114
BRDA:1358,193,1,110
BRDA:1358,193,2,106
BRDA:1368,194,0,203
BRDA:1368,194,1,153
BRDA:1380,195,0,89
BRDA:1380,195,1,25381
BRDA:1380,196,0,25470
BRDA:1380,196,1,93
BRDA:1384,197,0,4
BRDA:1384,197,1,85
BRDA:1384,198,0,89
BRDA:1384,198,1,55
BRDA:1384,198,2,21
BRDA:1389,199,0,406
BRDA:1389,199,1,24975
BRDA:1392,200,0,531
BRDA:1392,200,1,25994
BRDA:1399,201,0,1188
BRDA:1399,201,1,24806
BRDA:1405,202,0,229
BRDA:1405,202,1,24577
BRDA:1413,203,0,55
BRDA:1413,203,1,24522
BRDA:1413,204,0,24577
BRDA:1413,204,1,106
BRDA:1427,205,0,4
BRDA:1427,205,1,17
BRDA:1427,206,0,21
BRDA:1427,206,1,21
BRDA:1435,207,0,21
BRDA:1435,207,1,339
BRDA:1435,208,0,360
BRDA:1435,208,1,21
BRDA:1436,209,0,68
BRDA:1436,209,1,271
BRDA:1438,210,0,17
BRDA:1438,210,1,407
BRDA:1446,211,0,34
BRDA:1446,211,1,373
BRDA:1453,212,0,17
BRDA:1453,212,1,356
BRDA:1453,213,0,373
BRDA:1453,213,1,17
BRDA:1467,214,0,16961
BRDA:1467,214,1,7383
BRDA:1467,215,0,24344
BRDA:1467,215,1,23096
BRDA:1468,216,0,277
BRDA:1468,216,1,16684
BRDA:1468,217,0,16961
BRDA:1468,217,1,16820
BRDA:1469,218,0,26
BRDA:1469,218,1,251
BRDA:1469,219,0,277
BRDA:1469,219,1,26
BRDA:1469,219,2,26
BRDA:1472,220,0,13
BRDA:1472,220,1,248
BRDA:1487,221,0,17719
BRDA:1487,221,1,7893
BRDA:1487,222,0,25612
BRDA:1487,222,1,19578
BRDA:1490,223,0,180
BRDA:1490,223,1,7713
BRDA:1490,224,0,7893
BRDA:1490,224,1,7803
BRDA:1494,225,0,26
BRDA:1494,225,1,154
BRDA:1494,226,0,180
BRDA:1494,226,1,26
BRDA:1494,226,2,26
BRDA:1497,227,0,13
BRDA:1497,227,1,151
BRDA:1505,228,0,76
BRDA:1505,228,1,7637
BRDA:1505,229,0,7713
BRDA:1505,229,1,7688
BRDA:1505,229,2,7671
BRDA:1505,229,3,7654
BRDA:1513,230,0,64
BRDA:1513,230,1,7573
BRDA:1513,231,0,7637
BRDA:1513,231,1,7607
BRDA:1513,231,2,7590
BRDA:1518,232,0,13
BRDA:1518,232,1,51
BRDA:1518,233,0,64
BRDA:1518,233,1,13
BRDA:1518,233,2,13
BRDA:1539,234,0,17048
BRDA:1539,234,1,7240
BRDA:1540,235,0,17048
BRDA:1540,235,1,15128
BRDA:1542,236,0,327
BRDA:1542,236,1,6913
BRDA:1543,237,0,106
BRDA:1543,237,1,221
BRDA:1543,238,0,327
BRDA:1543,238,1,310
BRDA:1543,238,2,106
BRDA:1555,239,0,1414
BRDA:1555,239,1,20864
BRDA:1566,240,0,1398
BRDA:1566,240,1,612
BRDA:1570,241,0,952
BRDA:1570,241,1,612
BRDA:1601,242,0,51
BRDA:1601,242,1,22211
BRDA:1617,243,0,904
BRDA:1617,243,1,55
BRDA:1617,243,2,34
BRDA:1617,243,3,450
BRDA:1617,243,4,8
BRDA:1617,243,5,51
BRDA:1629,244,0,458
BRDA:1629,244,1,34
BRDA:1647,245,0,165
BRDA:1647,245,1,613
BRDA:1647,245,2,4
BRDA:1661,246,0,89
BRDA:1661,246,1,785
BRDA:1664,247,0,21
BRDA:1664,247,1,68
BRDA:1665,248,0,4
BRDA:1665,248,1,17
BRDA:1681,249,0,104
BRDA:1681,249,1,670
BRDA:1681,250,0,774
BRDA:1681,250,1,729
BRDA:1684,251,0,8
BRDA:1684,251,1,103
BRDA:1689,252,0,16
BRDA:1689,252,1,750
BRDA:1690,253,0,4
BRDA:1690,253,1,12
BRDA:1702,254,0,292
BRDA:1702,254,1,23266
BRDA:1702,255,0,23558
BRDA:1702,255,1,1186
BRDA:1709,256,0,782
BRDA:1709,256,1,21480
BRDA:1709,257,0,22262
BRDA:1709,257,1,21649
BRDA:1714,258,0,750
BRDA:1714,258,1,4
BRDA:1715,259,0,4
BRDA:1715,259,1,746
BRDA:1724,260,0,178
BRDA:1724,260,1,568
BRDA:1727,261,0,8
BRDA:1727,261,1,734
BRDA:1727,262,0,742
BRDA:1727,262,1,45
BRDA:1730,263,0,20
BRDA:1730,263,1,714
BRDA:1730,264,0,734
BRDA:1730,264,1,37
BRDA:1739,265,0,2056
BRDA:1739,265,1,19424
BRDA:1740,266,0,46
BRDA:1740,266,1,2010
BRDA:1743,267,0,81
BRDA:1743,267,1,1939
BRDA:1743,268,0,2020
BRDA:1743,268,1,81
BRDA:1745,269,0,22
BRDA:1745,269,1,59
BRDA:1748,270,0,28
BRDA:1748,270,1,41
BRDA:1752,271,0,187
BRDA:1752,271,1,1793
BRDA:1772,272,0,51
BRDA:1772,272,1,11449
BRDA:1776,273,0,34
BRDA:1776,273,1,68
BRDA:1789,274,0,7778
BRDA:1789,274,1,8260
BRDA:1790,275,0,313
BRDA:1790,275,1,194
BRDA:1790,275,2,95
BRDA:1790,275,3,1378
BRDA:1790,275,4,582
BRDA:1790,275,5,444
BRDA:1790,275,6,4772
BRDA:1792,276,0,33
BRDA:1792,276,1,280
BRDA:1798,277,0,18
BRDA:1798,277,1,176
BRDA:1813,278,0,389
BRDA:1813,278,1,55
BRDA:1830,279,0,1382
BRDA:1830,279,1,1169
BRDA:1844,280,0,29
BRDA:1844,280,1,799
BRDA:1844,281,0,828
BRDA:1844,281,1,29
BRDA:1845,282,0,5
BRDA:1845,282,1,24
BRDA:1850,283,0,204
BRDA:1850,283,1,624
BRDA:1851,284,0,153
BRDA:1851,284,1,51
BRDA:1851,285,0,204
BRDA:1851,285,1,187
BRDA:1856,286,0,364
BRDA:1856,286,1,260
BRDA:1856,287,0,624
BRDA:1856,287,1,439
BRDA:1856,287,2,433
BRDA:1879,288,0,444
BRDA:1879,288,1,279
BRDA:1879,288,2,250
BRDA:1879,288,3,152
BRDA:1879,288,4,123
BRDA:1879,288,5,84
BRDA:1879,288,6,29
BRDA:1879,288,7,80
BRDA:1879,288,8,25
BRDA:1888,289,0,500
BRDA:1888,289,1,103
BRDA:1906,290,0,34
BRDA:1906,290,1,415
BRDA:1911,291,0,31
BRDA:1911,291,1,384
BRDA:1918,292,0,155
BRDA:1918,292,1,221
BRDA:1933,293,0,327
BRDA:1933,293,1,106
BRDA:1936,294,0,34
BRDA:1936,294,1,293
BRDA:1944,295,0,179
BRDA:1944,295,1,114
BRDA:1969,296,0,191
BRDA:1969,296,1,230
BRDA:1978,297,0,421
BRDA:1978,297,1,4352
BRDA:1981,298,0,365
BRDA:1981,298,1,3987
BRDA:1985,299,0,60
BRDA:1985,299,1,3927
BRDA:1985,300,0,3987
BRDA:1985,300,1,98
BRDA:1985,300,2,74
BRDA:1996,301,0,216
BRDA:1996,301,1,1503
BRDA:2010,302,0,254
BRDA:2010,302,1,6713
BRDA:2010,303,0,6967
BRDA:2010,303,1,362
BRDA:2011,304,0,40
BRDA:2011,304,1,214
BRDA:2014,305,0,40
BRDA:2014,305,1,174
BRDA:2018,306,0,244
BRDA:2018,306,1,6469
BRDA:2019,307,0,46
BRDA:2019,307,1,198
BRDA:2019,308,0,244
BRDA:2019,308,1,70
BRDA:2019,308,2,58
BRDA:2023,309,0,164
BRDA:2023,309,1,34
BRDA:2023,310,0,198
BRDA:2023,310,1,174
BRDA:2023,310,2,34
BRDA:2028,311,0,8
BRDA:2028,311,1,6461
BRDA:2028,312,0,6469
BRDA:2028,312,1,260
BRDA:2028,312,2,260
BRDA:2038,313,0,110
BRDA:2038,313,1,1602
BRDA:2038,314,0,1712
BRDA:2038,314,1,127
BRDA:2039,315,0,18
BRDA:2039,315,1,92
BRDA:2044,316,0,1034
BRDA:2044,316,1,670
BRDA:2048,317,0,4
BRDA:2048,317,1,666
BRDA:2048,318,0,670
BRDA:2048,318,1,72
BRDA:2091,319,0,5
BRDA:2091,319,1,220
BRDA:2091,320,0,225
BRDA:2091,320,1,5
BRDA:2098,321,0,72
BRDA:2098,321,1,136
BRDA:2117,322,0,17
BRDA:2117,322,1,85
BRDA:2129,323,0,5
BRDA:2129,323,1,406
BRDA:2129,324,0,411
BRDA:2129,324,1,5
BRDA:2153,325,0,55
BRDA:2153,325,1,816
BRDA:2157,326,0,225
BRDA:2157,326,1,591
BRDA:2164,327,0,119
BRDA:2164,327,1,106
BRDA:2164,328,0,225
BRDA:2164,328,1,204
BRDA:2171,329,0,51
BRDA:2171,329,1,55
BRDA:2171,330,0,106
BRDA:2171,330,1,85
BRDA:2171,330,2,51
BRDA:2184,331,0,293
BRDA:2184,331,1,298
BRDA:2184,332,0,591
BRDA:2184,332,1,512
BRDA:2187,333,0,17
BRDA:2187,333,1,276
BRDA:2187,334,0,293
BRDA:2187,334,1,281
BRDA:2199,335,0,51
BRDA:2199,335,1,169
BRDA:2199,336,0,220
BRDA:2199,336,1,220
BRDA:2199,336,2,170
BRDA:2206,337,0,85
BRDA:2206,337,1,84
BRDA:2206,338,0,169
BRDA:2206,338,1,169
BRDA:2206,338,2,119
BRDA:2226,339,0,128
BRDA:2226,339,1,170
BRDA:2227,340,0,17
BRDA:2227,340,1,111
BRDA:2236,341,0,81
BRDA:2236,341,1,89
BRDA:2237,342,0,4
BRDA:2237,342,1,77
BRDA:2248,343,0,17
BRDA:2248,343,1,72
BRDA:2260,344,0,247
BRDA:2260,344,1,508
BRDA:2261,345,0,56
BRDA:2261,345,1,191
BRDA:2265,346,0,39
BRDA:2265,346,1,208
BRDA:2270,347,0,15
BRDA:2270,347,1,740
BRDA:2270,348,0,755
BRDA:2270,348,1,15
BRDA:2281,349,0,243
BRDA:2281,349,1,508
BRDA:2283,350,0,299
BRDA:2283,350,1,209
BRDA:2291,351,0,59
BRDA:2291,351,1,105
BRDA:2291,352,0,164
BRDA:2291,352,1,110
BRDA:2294,353,0,8
BRDA:2294,353,1,51
BRDA:2299,354,0,16
BRDA:2299,354,1,136
BRDA:2299,355,0,152
BRDA:2299,355,1,101
BRDA:2309,356,0,93
BRDA:2309,356,1,169
BRDA:2309,357,0,262
BRDA:2309,357,1,144
BRDA:2312,358,0,8
BRDA:2312,358,1,85
BRDA:2317,359,0,12
BRDA:2317,359,1,238
BRDA:2317,360,0,250
BRDA:2317,360,1,165
BRDA:2317,360,2,80
BRDA:2324,361,0,9
BRDA:2324,361,1,225
BRDA:2329,362,0,230
BRDA:2329,362,1,196
BRDA:2329,362,2,179
BRDA:2329,362,3,128
BRDA:2331,363,0,123
BRDA:2331,363,1,107
BRDA:2337,364,0,13
BRDA:2337,364,1,89
BRDA:2352,365,0,29
BRDA:2352,365,1,85
BRDA:2363,366,0,110
BRDA:2363,366,1,157
BRDA:2363,367,0,267
BRDA:2363,367,1,178
BRDA:2363,367,2,157
BRDA:2382,368,0,102
BRDA:2382,368,1,114
BRDA:2386,369,0,25
BRDA:2386,369,1,85
BRDA:2387,370,0,4
BRDA:2387,370,1,21
BRDA:2403,371,0,202
BRDA:2403,371,1,4150
BRDA:2403,372,0,4352
BRDA:2403,372,1,621
BRDA:2407,373,0,8
BRDA:2407,373,1,194
BRDA:2425,374,0,4
BRDA:2425,374,1,110
BRDA:2437,375,0,4
BRDA:2437,375,1,250
BRDA:2445,376,0,4
BRDA:2445,376,1,285
BRDA:2450,377,0,35
BRDA:2450,377,1,195
BRDA:2450,378,0,230
BRDA:2450,378,1,35
BRDA:2451,379,0,18
BRDA:2451,379,1,17
BRDA:2467,380,0,254
BRDA:2467,380,1,21
BRDA:2468,381,0,34
BRDA:2468,381,1,201
BRDA:2469,382,0,4
BRDA:2469,382,1,231
BRDA:2469,383,0,235
BRDA:2469,383,1,21
BRDA:2486,384,0,25
BRDA:2486,384,1,42
BRDA:2486,384,2,1232
BRDA:2486,384,3,1232
BRDA:2486,384,4,1325
BRDA:2486,384,5,1325
BRDA:2486,384,6,4030
BRDA:2486,384,7,4456
BRDA:2486,384,8,5076
BRDA:2486,384,9,36
BRDA:2497,385,0,911
BRDA:2497,385,1,3119
BRDA:2500,386,0,2010
BRDA:2500,386,1,1109
BRDA:2503,387,0,629
BRDA:2503,387,1,480
BRDA:2514,388,0,262
BRDA:2514,388,1,164
BRDA:2514,388,2,34
BRDA:2514,388,3,110
BRDA:2514,388,4,871
BRDA:2514,388,5,17
BRDA:2514,388,6,229
BRDA:2514,388,7,234
BRDA:2514,388,8,114
BRDA:2514,388,9,114
BRDA:2514,388,10,275
BRDA:2514,388,11,1343
BRDA:2514,388,12,411
BRDA:2514,388,13,102
BRDA:2514,388,14,796
BRDA:2581,389,0,3388
BRDA:2581,389,1,1604
BRDA:2595,390,0,219
BRDA:2595,390,1,1861
BRDA:2596,391,0,70
BRDA:2596,391,1,149
BRDA:2600,392,0,41
BRDA:2600,392,1,178
BRDA:2605,393,0,1819
BRDA:2605,393,1,42
BRDA:2606,394,0,119
BRDA:2606,394,1,1700
BRDA:2610,395,0,97
BRDA:2610,395,1,1603
BRDA:2614,396,0,59
BRDA:2614,396,1,1544
BRDA:2624,397,0,4
BRDA:2624,397,1,172
BRDA:2629,398,0,4
BRDA:2629,398,1,152
BRDA:2632,399,0,8
BRDA:2632,399,1,144
BRDA:2641,400,0,126
BRDA:2641,400,1,1171
BRDA:2661,401,0,690
BRDA:2661,401,1,2291
BRDA:2664,402,0,626
BRDA:2664,402,1,310
BRDA:2682,403,0,361
BRDA:2682,403,1,1054
BRDA:2688,404,0,1407
BRDA:2688,404,1,8
BRDA:2688,405,0,1415
BRDA:2688,405,1,20
BRDA:2691,406,0,125
BRDA:2691,406,1,1222
BRDA:2692,407,0,18
BRDA:2692,407,1,107
BRDA:2697,408,0,67
BRDA:2697,408,1,1155
BRDA:2701,409,0,42
BRDA:2701,409,1,1113
BRDA:2713,410,0,126
BRDA:2713,410,1,1177
BRDA:2718,411,0,44
BRDA:2718,411,1,991
BRDA:2718,412,0,1035
BRDA:2718,412,1,219
BRDA:2721,413,0,55
BRDA:2721,413,1,936
BRDA:2721,414,0,991
BRDA:2721,414,1,175
BRDA:2732,415,0,133
BRDA:2732,415,1,641
BRDA:2740,416,0,188
BRDA:2740,416,1,586
BRDA:2742,417,0,38
BRDA:2742,417,1,150
BRDA:2742,418,0,188
BRDA:2742,418,1,134
BRDA:2742,418,2,130
BRDA:2743,419,0,50
BRDA:2743,419,1,130
BRDA:2744,420,0,22
BRDA:2744,420,1,28
BRDA:2749,421,0,42
BRDA:2749,421,1,88
BRDA:2753,422,0,42
BRDA:2753,422,1,46
BRDA:2763,423,0,86
BRDA:2763,423,1,652
BRDA:2768,424,0,24
BRDA:2768,424,1,646
BRDA:2768,425,0,670
BRDA:2768,425,1,84
BRDA:2771,426,0,27
BRDA:2771,426,1,619
BRDA:2771,427,0,646
BRDA:2771,427,1,60
BRDA:2784,428,0,1164
BRDA:2784,428,1,34
BRDA:2788,429,0,1160
BRDA:2788,429,1,34
BRDA:2796,430,0,17238
BRDA:2796,430,1,1206
BRDA:2802,431,0,34
BRDA:2802,431,1,1160
BRDA:2805,432,0,777
BRDA:2805,432,1,383
BRDA:2807,433,0,22
BRDA:2807,433,1,755
BRDA:2812,434,0,158
BRDA:2812,434,1,225
BRDA:2812,435,0,383
BRDA:2812,435,1,379
BRDA:2821,436,0,666
BRDA:2821,436,1,704
BRDA:2821,436,2,772
BRDA:2821,436,3,806
BRDA:2821,436,4,840
BRDA:2821,436,5,920
BRDA:2821,436,6,2134
BRDA:2862,437,0,9
BRDA:2862,437,1,297
BRDA:2890,438,0,275
BRDA:2890,438,1,17
BRDA:2894,439,0,89
BRDA:2894,439,1,186
BRDA:2899,440,0,110
BRDA:2899,440,1,76
BRDA:2899,441,0,186
BRDA:2899,441,1,169
BRDA:2899,441,2,135
BRDA:2899,441,3,110
BRDA:2917,442,0,4
BRDA:2917,442,1,664
BRDA:2924,443,0,237
BRDA:2924,443,1,419
BRDA:2924,444,0,656
BRDA:2924,444,1,254
BRDA:2924,444,2,51
BRDA:2928,445,0,34
BRDA:2928,445,1,203
BRDA:2937,446,0,470
BRDA:2937,446,1,186
BRDA:2938,447,0,38
BRDA:2938,447,1,432
BRDA:2938,448,0,470
BRDA:2938,448,1,38
BRDA:2945,449,0,38
BRDA:2945,449,1,394
BRDA:2945,450,0,432
BRDA:2945,450,1,38
BRDA:2952,451,0,34
BRDA:2952,451,1,152
BRDA:2952,452,0,186
BRDA:2952,452,1,123
BRDA:2952,452,2,38
BRDA:2959,453,0,530
BRDA:2959,453,1,126
BRDA:2959,454,0,656
BRDA:2959,454,1,546
BRDA:2959,454,2,542
BRDA:2964,455,0,16
BRDA:2964,455,1,628
BRDA:2967,456,0,552
BRDA:2967,456,1,76
BRDA:2970,457,0,526
BRDA:2970,457,1,102
BRDA:2971,458,0,8
BRDA:2971,458,1,518
BRDA:2971,459,0,526
BRDA:2971,459,1,144
BRDA:2974,460,0,84
BRDA:2974,460,1,434
BRDA:2974,461,0,518
BRDA:2974,461,1,382
BRDA:2975,462,0,8
BRDA:2975,462,1,76
BRDA:2975,463,0,84
BRDA:2975,463,1,76
BRDA:2975,463,2,76
BRDA:2978,464,0,4
BRDA:2978,464,1,72
BRDA:2994,465,0,255
BRDA:2994,465,1,668
BRDA:3016,466,0,127
BRDA:3016,466,1,443
BRDA:3029,467,0,51
BRDA:3029,467,1,42
BRDA:3031,468,0,51
BRDA:3031,468,1,42
BRDA:3052,469,0,8
BRDA:3052,469,1,176
BRDA:3064,470,0,36
BRDA:3064,470,1,80
BRDA:3079,471,0,36
BRDA:3079,471,1,80
BRDA:3096,472,0,4
BRDA:3096,472,1,20
BRDA:3104,473,0,4
BRDA:3104,473,1,172
BRDA:3111,474,0,8
BRDA:3111,474,1,164
BRDA:3116,475,0,84
BRDA:3116,475,1,80
BRDA:3120,476,0,16
BRDA:3120,476,1,64
BRDA:3124,477,0,60
BRDA:3124,477,1,4
BRDA:3124,478,0,64
BRDA:3124,478,1,64
BRDA:3127,479,0,24
BRDA:3127,479,1,36
BRDA:3129,480,0,8
BRDA:3129,480,1,16
BRDA:3133,481,0,12
BRDA:3133,481,1,4
BRDA:3145,482,0,36
BRDA:3145,482,1,116
BRDA:3146,483,0,24
BRDA:3146,483,1,12
BRDA:3158,484,0,16
BRDA:3158,484,1,132
BRDA:3160,485,0,48
BRDA:3160,485,1,100
BRDA:3167,486,0,4
BRDA:3167,486,1,276
BRDA:3173,487,0,76
BRDA:3173,487,1,200
BRDA:3176,488,0,20
BRDA:3176,488,1,56
BRDA:3182,489,0,8
BRDA:3182,489,1,48
BRDA:3189,490,0,4
BRDA:3189,490,1,44
BRDA:3195,491,0,8
BRDA:3195,491,1,36
BRDA:3196,492,0,8
BRDA:3196,492,1,28
BRDA:3201,493,0,16
BRDA:3201,493,1,184
BRDA:3204,494,0,8
BRDA:3204,494,1,8
BRDA:3205,495,0,4
BRDA:3205,495,1,4
BRDA:3213,496,0,68
BRDA:3213,496,1,116
BRDA:3216,497,0,8
BRDA:3216,497,1,16
BRDA:3216,497,2,32
BRDA:3216,497,3,32
BRDA:3216,497,4,48
BRDA:3216,497,5,4
BRDA:3237,498,0,148
BRDA:3237,498,1,148
BRDA:3239,499,0,48
BRDA:3239,499,1,100
BRDA:3244,500,0,52
BRDA:3244,500,1,64
BRDA:3251,501,0,8
BRDA:3251,501,1,56
BRDA:3253,502,0,4
BRDA:3253,502,1,4
BRDA:3279,503,0,0
BRDA:3279,503,1,8992
BRDA:3357,504,0,250
BRDA:3357,504,1,372
BRDA:3372,505,0,2324
BRDA:3372,505,1,0
BRDA:3372,506,0,2324
BRDA:3372,506,1,2324
BRDA:3397,507,0,130
BRDA:3397,507,1,232
BRDA:3425,508,0,1
BRDA:3425,508,1,1
BRDA:3462,509,0,14042
BRDA:3462,509,1,41
BRDA:3472,510,0,248
BRDA:3472,510,1,71
BRDA:3484,511,0,212
BRDA:3484,511,1,237
BRDA:3498,512,0,245
BRDA:3498,512,1,3811
BRDA:3499,513,0,104
BRDA:3499,513,1,141
BRDA:3512,514,0,4
BRDA:3512,514,1,241
BRDA:3512,515,0,245
BRDA:3512,515,1,8
BRDA:3520,516,0,108
BRDA:3520,516,1,96
BRDA:3539,517,0,455
BRDA:3539,517,1,518
BRDA:3552,518,0,394
BRDA:3552,518,1,10801
BRDA:3553,519,0,21
BRDA:3553,519,1,373
BRDA:3553,520,0,394
BRDA:3553,520,1,46
BRDA:3560,521,0,1111
BRDA:3560,521,1,9690
BRDA:3562,522,0,924
BRDA:3562,522,1,187
BRDA:3564,523,0,433
BRDA:3564,523,1,491
BRDA:3586,524,0,22
BRDA:3586,524,1,27
BRDA:3605,525,0,30909
BRDA:3605,525,1,84313
BRDA:3611,526,0,45190
BRDA:3611,526,1,109116
BRDA:3614,527,0,5134
BRDA:3614,527,1,103982
BRDA:3616,528,0,4
BRDA:3616,528,1,5130
BRDA:3616,529,0,5134
BRDA:3616,529,1,33
BRDA:3623,530,0,2224
BRDA:3623,530,1,101758
BRDA:3625,531,0,330
BRDA:3625,531,1,1894
BRDA:3628,532,0,149
BRDA:3628,532,1,181
BRDA:3633,533,0,973
BRDA:3633,533,1,921
BRDA:3636,534,0,443
BRDA:3636,534,1,506
BRDA:3644,535,0,162
BRDA:3644,535,1,101596
BRDA:3644,536,0,101758
BRDA:3644,536,1,15139
BRDA:3646,537,0,68
BRDA:3646,537,1,94
BRDA:3646,538,0,162
BRDA:3646,538,1,145
BRDA:3650,539,0,36
BRDA:3650,539,1,32
BRDA:3658,540,0,337
BRDA:3658,540,1,101259
BRDA:3659,541,0,51
BRDA:3659,541,1,286
BRDA:3662,542,0,27
BRDA:3662,542,1,24
BRDA:3679,543,0,8
BRDA:3679,543,1,8
BRDA:3679,543,2,8
BRDA:3679,543,3,12
BRDA:3679,543,4,152
BRDA:3691,544,0,12
BRDA:3691,544,1,44
BRDA:3691,544,2,76
BRDA:3691,544,3,88
BRDA:3691,544,4,100
BRDA:3691,544,5,112
BRDA:3691,544,6,439
BRDA:3691,544,7,620
BRDA:3691,544,8,644
BRDA:3691,544,9,5842
BRDA:3708,545,0,3872
BRDA:3708,545,1,3579
BRDA:3713,546,0,1630
BRDA:3713,546,1,6440
BRDA:3713,546,2,2649
BRDA:3713,546,3,4239
BRDA:3713,546,4,1793
BRDA:3713,546,5,842
BRDA:3713,546,6,2804
BRDA:3713,546,7,93
BRDA:3713,546,8,1059
BRDA:3715,547,0,1630
BRDA:3715,547,1,1297
BRDA:3715,547,2,860
BRDA:3717,548,0,6440
BRDA:3717,548,1,4860
BRDA:3717,548,2,3989
BRDA:3717,548,3,3515
BRDA:3717,548,4,3240
BRDA:3720,549,0,2649
BRDA:3720,549,1,2557
BRDA:3720,549,2,2485
BRDA:3720,549,3,2400
BRDA:3720,549,4,2371
BRDA:3720,549,5,2257
BRDA:3723,550,0,4239
BRDA:3723,550,1,3722
BRDA:3723,550,2,3460
BRDA:3723,550,3,3206
BRDA:3723,550,4,3092
BRDA:3723,550,5,2898
BRDA:3723,550,6,1947
BRDA:3723,550,7,1272
BRDA:3727,551,0,1793
BRDA:3727,551,1,1559
BRDA:3727,551,2,1542
BRDA:3727,551,3,1512
BRDA:3727,551,4,1398
BRDA:3727,551,5,1085
BRDA:3730,552,0,842
BRDA:3730,552,1,673
BRDA:3730,552,2,639
BRDA:3732,553,0,2804
BRDA:3732,553,1,567
BRDA:3732,553,2,403
BRDA:3742,554,0,144
BRDA:3742,554,1,770
BRDA:3742,555,0,914
BRDA:3742,555,1,144
BRDA:3744,556,0,140
BRDA:3744,556,1,4
BRDA:3744,557,0,144
BRDA:3744,557,1,140
BRDA:3753,558,0,197
BRDA:3753,558,1,63
BRDA:3756,559,0,727
BRDA:3756,559,1,65
BRDA:3756,560,0,792
BRDA:3756,560,1,780
BRDA:3770,561,0,4
BRDA:3770,561,1,301
BRDA:3775,562,0,301
BRDA:3775,562,1,1289
BRDA:3780,563,0,12
BRDA:3780,563,1,289
BRDA:3780,564,0,301
BRDA:3780,564,1,297
BRDA:3790,565,0,84
BRDA:3790,565,1,116180
BRDA:3795,566,0,68
BRDA:3795,566,1,116112
BRDA:3795,567,0,116180
BRDA:3795,567,1,68
BRDA:3800,568,0,82563
BRDA:3800,568,1,33549
BRDA:3816,569,0,160
BRDA:3816,569,1,152
BRDA:3817,570,0,8
BRDA:3817,570,1,152
BRDA:3821,571,0,85
BRDA:3821,571,1,67
BRDA:3828,572,0,16
BRDA:3828,572,1,51
BRDA:3828,573,0,67
BRDA:3828,573,1,63
BRDA:3828,573,2,59
BRDA:3836,574,0,221
BRDA:3836,574,1,322
BRDA:3843,575,0,135
BRDA:3843,575,1,187
BRDA:3845,576,0,4
BRDA:3845,576,1,131
BRDA:3849,577,0,85
BRDA:3849,577,1,46
BRDA:3856,578,0,12
BRDA:3856,578,1,34
BRDA:3856,579,0,46
BRDA:3856,579,1,42
BRDA:3856,579,2,38
BRDA:3870,580,0,119
BRDA:3870,580,1,89
BRDA:3870,581,0,208
BRDA:3870,581,1,208
BRDA:3875,582,0,68
BRDA:3875,582,1,51
BRDA:3875,583,0,119
BRDA:3875,583,1,85
BRDA:3875,583,2,85
BRDA:3890,584,0,160
BRDA:3890,584,1,35336
BRDA:3893,585,0,13907
BRDA:3893,585,1,21549
BRDA:3896,586,0,12203
BRDA:3896,586,1,9346
BRDA:3899,587,0,337
BRDA:3899,587,1,9009
BRDA:3902,588,0,725
BRDA:3902,588,1,8284
BRDA:3902,589,0,9009
BRDA:3902,589,1,8450
BRDA:3930,590,0,9564
BRDA:3930,590,1,17898
BRDA:3930,590,2,1310
BRDA:3930,590,3,7726
BRDA:3930,590,4,9055
BRDA:3930,590,5,14403
BRDA:3930,590,6,17349
BRDA:3930,590,7,19920
BRDA:3930,590,8,22357
BRDA:3930,590,9,23934
BRDA:3930,590,10,23989
BRDA:3930,590,11,24006
BRDA:3930,590,12,8518
BRDA:3933,591,0,8334
BRDA:3933,591,1,9564
BRDA:3940,592,0,574
BRDA:3940,592,1,736
BRDA:3940,593,0,1310
BRDA:3940,593,1,586
BRDA:3963,594,0,17
BRDA:3963,594,1,8501
BRDA:3969,595,0,102
BRDA:3969,595,1,8399
BRDA:3969,596,0,8501
BRDA:3969,596,1,8484
BRDA:3969,596,2,8467
BRDA:3969,596,3,8433
BRDA:3969,596,4,8416
BRDA:3976,597,0,1806
BRDA:3976,597,1,6593
BRDA:3976,598,0,8399
BRDA:3976,598,1,8297
BRDA:3976,598,2,8195
BRDA:3976,598,3,8161
BRDA:3976,598,4,8144
BRDA:3976,598,5,8127
BRDA:3976,598,6,8110
BRDA:3976,598,7,8093
BRDA:3976,598,8,8059
BRDA:3976,598,9,7828
BRDA:3976,598,10,7602
BRDA:3976,598,11,7534
BRDA:3976,598,12,7517
BRDA:3976,598,13,7500
BRDA:3976,598,14,7483
BRDA:3976,598,15,7466
BRDA:3976,598,16,7449
BRDA:3976,598,17,7428
BRDA:3976,598,18,7411
BRDA:3986,599,0,6569
BRDA:3986,599,1,24
BRDA:3993,600,0,24
BRDA:3993,600,1,59434
BRDA:4005,601,0,21
BRDA:4005,601,1,293
BRDA:4010,602,0,4
BRDA:4010,602,1,140
BRDA:4013,603,0,4
BRDA:4013,603,1,136
BRDA:4031,604,0,32
BRDA:4031,604,1,160
BRDA:4031,605,0,192
BRDA:4031,605,1,124
BRDA:4036,606,0,16
BRDA:4036,606,1,126
BRDA:4040,607,0,24
BRDA:4040,607,1,102
BRDA:4043,608,0,24
BRDA:4043,608,1,0
BRDA:4043,609,0,24
BRDA:4043,609,1,16
BRDA:4060,610,0,111
BRDA:4060,610,1,134
BRDA:4068,611,0,80
BRDA:4068,611,1,204
BRDA:4073,612,0,16
BRDA:4073,612,1,229
BRDA:4073,613,0,245
BRDA:4073,613,1,134
BRDA:4077,614,0,20
BRDA:4077,614,1,209
BRDA:4077,615,0,229
BRDA:4077,615,1,217
BRDA:4096,616,0,17
BRDA:4096,616,1,108
BRDA:4096,617,0,125
BRDA:4096,617,1,108
BRDA:4099,618,0,22
BRDA:4099,618,1,86
BRDA:4109,619,0,5021
BRDA:4109,619,1,51
BRDA:4111,620,0,4970
BRDA:4111,620,1,51
BRDA:4118,621,0,1807
BRDA:4118,621,1,3163
BRDA:4119,622,0,144
BRDA:4119,622,1,1663
BRDA:4119,623,0,1807
BRDA:4119,623,1,1697
BRDA:4123,624,0,142
BRDA:4123,624,1,1521
BRDA:4123,625,0,1663
BRDA:4123,625,1,1592
BRDA:4127,626,0,134
BRDA:4127,626,1,1387
BRDA:4127,627,0,1521
BRDA:4127,627,1,1437
BRDA:4130,628,0,128
BRDA:4130,628,1,1259
BRDA:4130,629,0,1387
BRDA:4130,629,1,1353
BRDA:4131,630,0,111
BRDA:4131,630,1,17
BRDA:4141,631,0,119
BRDA:4141,631,1,4371
BRDA:4148,632,0,84
BRDA:4148,632,1,4406
BRDA:4148,633,0,4490
BRDA:4148,633,1,4406
BRDA:4151,634,0,76
BRDA:4151,634,1,8
BRDA:4151,635,0,84
BRDA:4151,635,1,29
BRDA:4154,636,0,68
BRDA:4154,636,1,16
BRDA:4163,637,0,16
BRDA:4163,637,1,4458
BRDA:4180,638,0,1871
BRDA:4180,638,1,1576
BRDA:4186,639,0,1799
BRDA:4186,639,1,14943
BRDA:4190,640,0,651
BRDA:4190,640,1,14292
BRDA:4192,641,0,617
BRDA:4192,641,1,34
BRDA:4192,642,0,651
BRDA:4192,642,1,647
BRDA:4193,643,0,159
BRDA:4193,643,1,205
BRDA:4193,643,2,51
BRDA:4193,643,3,17
BRDA:4193,643,4,17
BRDA:4193,643,5,17
BRDA:4193,643,6,17
BRDA:4193,643,7,17
BRDA:4193,643,8,9
BRDA:4193,643,9,13
BRDA:4193,643,10,263
BRDA:4196,644,0,118
BRDA:4196,644,1,87
BRDA:4202,645,0,36
BRDA:4202,645,1,51
BRDA:4232,646,0,208
BRDA:4232,646,1,55
BRDA:4232,647,0,263
BRDA:4232,647,1,259
BRDA:4234,648,0,208
BRDA:4234,648,1,34
BRDA:4245,649,0,17
BRDA:4245,649,1,17
BRDA:4245,650,0,34
BRDA:4245,650,1,17
BRDA:4251,651,0,8
BRDA:4251,651,1,14284
BRDA:4258,652,0,12
BRDA:4258,652,1,1799
BRDA:4284,653,0,195
BRDA:4284,653,1,1085
BRDA:4290,654,0,76
BRDA:4290,654,1,1009
BRDA:4291,655,0,59
BRDA:4291,655,1,17
BRDA:4299,656,0,250
BRDA:4299,656,1,759
BRDA:4301,657,0,216
BRDA:4301,657,1,34
BRDA:4302,658,0,17
BRDA:4302,658,1,17
BRDA:4302,658,2,17
BRDA:4302,658,3,51
BRDA:4302,658,4,68
BRDA:4302,658,5,17
BRDA:4302,658,6,17
BRDA:4302,658,7,17
BRDA:4302,658,8,46
BRDA:4314,659,0,17
BRDA:4314,659,1,51
BRDA:4321,660,0,34
BRDA:4321,660,1,17
BRDA:4340,661,0,25
BRDA:4340,661,1,21
BRDA:4341,662,0,8
BRDA:4341,662,1,17
BRDA:4347,663,0,4
BRDA:4347,663,1,17
BRDA:4359,664,0,17
BRDA:4359,664,1,17
BRDA:4359,665,0,34
BRDA:4359,665,1,17
BRDA:4365,666,0,34
BRDA:4365,666,1,725
BRDA:4367,667,0,17
BRDA:4367,667,1,17
BRDA:4367,668,0,34
BRDA:4367,668,1,17
BRDA:4377,669,0,4
BRDA:4377,669,1,254
BRDA:4380,670,0,51
BRDA:4380,670,1,203
BRDA:4409,671,0,80
BRDA:4409,671,1,309
BRDA:4412,672,0,199
BRDA:4412,672,1,106
BRDA:4413,673,0,4
BRDA:4413,673,1,195
BRDA:4416,674,0,178
BRDA:4416,674,1,17
BRDA:4450,675,0,254
BRDA:4450,675,1,3304
BRDA:4453,676,0,4
BRDA:4453,676,1,250
BRDA:4458,677,0,12
BRDA:4458,677,1,3292
BRDA:4461,678,0,1921
BRDA:4461,678,1,1371
BRDA:4462,679,0,268
BRDA:4462,679,1,1653
BRDA:4467,680,0,401
BRDA:4467,680,1,970
BRDA:4471,681,0,272
BRDA:4471,681,1,698
BRDA:4476,682,0,27
BRDA:4476,682,1,401
BRDA:4492,683,0,141
BRDA:4492,683,1,235
BRDA:4496,684,0,27
BRDA:4496,684,1,208
BRDA:4496,685,0,235
BRDA:4496,685,1,27
BRDA:4498,686,0,9
BRDA:4498,686,1,18
BRDA:4502,687,0,5
BRDA:4502,687,1,4
BRDA:4552,688,0,12398
BRDA:4552,688,1,102032
BRDA:4562,689,0,35445
BRDA:4562,689,1,66587
BRDA:4566,690,0,23967
BRDA:4566,690,1,42620
BRDA:4566,691,0,66587
BRDA:4566,691,1,57023
BRDA:4566,691,2,47968
BRDA:4570,692,0,1871
BRDA:4570,692,1,40749
BRDA:4570,693,0,42620
BRDA:4570,693,1,42325
BRDA:4575,694,0,1361
BRDA:4575,694,1,39388
BRDA:4576,695,0,51
BRDA:4576,695,1,1310
BRDA:4581,696,0,4970
BRDA:4581,696,1,34418
BRDA:4586,697,0,270
BRDA:4586,697,1,34148
BRDA:4586,698,0,34418
BRDA:4586,698,1,34199
BRDA:4586,698,2,7777
BRDA:4590,699,0,59
BRDA:4590,699,1,34089
BRDA:4590,700,0,34148
BRDA:4590,700,1,59
BRDA:4591,701,0,51
BRDA:4591,701,1,8
BRDA:4616,702,0,1308
BRDA:4616,702,1,276
BRDA:4622,703,0,154306
BRDA:4622,703,1,109549
BRDA:4622,703,2,109490
BRDA:4622,703,3,109473
BRDA:4622,703,4,109456
BRDA:4622,703,5,109439
BRDA:4622,703,6,581
BRDA:4627,704,0,143873
BRDA:4627,704,1,138146
BRDA:4627,704,2,138008
BRDA:4627,704,3,137991
BRDA:4631,705,0,107017
BRDA:4631,705,1,107009
BRDA:4631,705,2,106513
BRDA:4631,705,3,57267
BRDA:4631,705,4,105595
BRDA:4631,705,5,50636
BRDA:4631,705,6,71794
BRDA:4631,705,7,71634
BRDA:4631,705,8,321
BRDA:4638,706,0,117069
BRDA:4638,706,1,117035
BRDA:4638,706,2,115483
BRDA:4638,706,3,82933
BRDA:4638,706,4,115037
BRDA:4638,706,5,81318
BRDA:4638,706,6,34489
BRDA:4638,706,7,4759
BRDA:4638,706,8,34400
BRDA:4638,706,9,34238
BRDA:4638,706,10,340
BRDA:4647,707,0,53494
BRDA:4647,707,1,43560
BRDA:4650,708,0,2684
BRDA:4650,708,1,2656
BRDA:4650,708,2,865
BRDA:4650,708,3,820
BRDA:4650,708,4,493
BRDA:4650,708,5,427
BRDA:4655,709,0,2563
BRDA:4655,709,1,1947
BRDA:4714,710,0,2010
BRDA:4714,710,1,1908
BRDA:4715,711,0,204
BRDA:4715,711,1,1806
BRDA:5309,712,0,12
BRDA:5309,712,1,24
BRDA:5309,712,2,24
BRDA:5309,712,3,60
BRDA:5316,713,0,24
BRDA:5316,713,1,24
BRDA:5316,713,2,24
BRDA:5316,713,3,24
BRDA:5322,714,0,24
BRDA:5322,714,1,36
BRDA:5325,715,0,12
BRDA:5325,715,1,12
BRDA:5327,716,0,24
BRDA:5327,716,1,12
BRDA:5330,717,0,12
BRDA:5330,717,1,12
BRDA:5337,718,0,627
BRDA:5337,718,1,303
BRDA:5337,719,0,930
BRDA:5337,719,1,411
BRDA:5338,720,0,72
BRDA:5338,720,1,555
BRDA:5341,721,0,96
BRDA:5341,721,1,459
BRDA:5356,722,0,227
BRDA:5356,722,1,20
BRDA:5356,723,0,227
BRDA:5356,723,1,219
BRDA:5358,724,0,227
BRDA:5358,724,1,20
BRDA:5358,725,0,227
BRDA:5358,725,1,204
BRDA:5359,726,0,227
BRDA:5359,726,1,20
BRDA:5359,727,0,227
BRDA:5359,727,1,200
BRDA:5360,728,0,227
BRDA:5360,728,1,20
BRDA:5360,729,0,227
BRDA:5360,729,1,200
BRDA:5370,730,0,1189
BRDA:5370,730,1,6
BRDA:5372,731,0,602
BRDA:5372,731,1,587
BRDA:5378,732,0,12
BRDA:5378,732,1,6
BRDA:5381,733,0,12
BRDA:5381,733,1,6
BRDA:5384,734,0,12
BRDA:5384,734,1,6
BRDA:5390,735,0,949
BRDA:5390,735,1,240
BRDA:5392,736,0,468
BRDA:5392,736,1,481
BRDA:5402,737,0,211
BRDA:5402,737,1,738
BRDA:5403,738,0,127
BRDA:5403,738,1,84
BRDA:5414,739,0,462
BRDA:5414,739,1,468
BRDA:5417,740,0,462
BRDA:5417,740,1,468
BRDA:5424,741,0,108
BRDA:5424,741,1,822
BRF:1722
BRH:1720
end_of_record
